"E:/VRBlockchainGame/VRBlockchain_Base/Content/Characters/UE4_Mannequin/Mesh/UE4_Mannequin_Skeleton.uasset" 0
"E:/VRBlockchainGame/VRBlockchain_Base/Content/Characters/UE4_Mannequin/Animation/Crouch_Idle_Rifle_Hip.uasset" 1
"E:/VRBlockchainGame/VRBlockchain_Base/Content/Characters/UE4_Mannequin/Animation/Death_2.uasset" 2
"E:/VRBlockchainGame/VRBlockchain_Base/Content/Characters/UE4_Mannequin/Animation/Idle_Rifle_Hip.uasset" 3
"E:/VRBlockchainGame/VRBlockchain_Base/Content/Characters/UE4_Mannequin/Animation/Jump_From_Jog.uasset" 4
"E:/VRBlockchainGame/VRBlockchain_Base/Content/Characters/UE4_Mannequin/Animation/Jump_From_Stand.uasset" 5
"E:/VRBlockchainGame/VRBlockchain_Base/Content/Characters/UE4_Mannequin/Animation/Crouch_Walk_Bwd_Rifle_Hip.uasset" 6
"E:/VRBlockchainGame/VRBlockchain_Base/Content/Characters/UE4_Mannequin/Animation/Crouch_Walk_Fwd_Rifle_Hip.uasset" 7
"E:/VRBlockchainGame/VRBlockchain_Base/Content/Characters/UE4_Mannequin/Animation/Crouch_Walk_Lt_Rifle_Hip.uasset" 8
"E:/VRBlockchainGame/VRBlockchain_Base/Content/Characters/UE4_Mannequin/Animation/Crouch_Walk_Rt_Rifle_Hip.uasset" 9
"E:/VRBlockchainGame/VRBlockchain_Base/Content/Characters/UE4_Mannequin/Animation/BS_CrouchWalk.uasset" 10
"E:/VRBlockchainGame/VRBlockchain_Base/Content/Characters/UE4_Mannequin/Animation/Jog_Bwd_Rifle.uasset" 11
"E:/VRBlockchainGame/VRBlockchain_Base/Content/Characters/UE4_Mannequin/Animation/Jog_Fwd_Rifle.uasset" 12
"E:/VRBlockchainGame/VRBlockchain_Base/Content/Characters/UE4_Mannequin/Animation/Jog_Lt_Rifle.uasset" 13
"E:/VRBlockchainGame/VRBlockchain_Base/Content/Characters/UE4_Mannequin/Animation/Jog_Rt_Rifle.uasset" 14
"E:/VRBlockchainGame/VRBlockchain_Base/Content/Characters/UE4_Mannequin/Animation/BS_Jog.uasset" 15
"E:/VRBlockchainGame/VRBlockchain_Base/Content/Characters/UE4_Mannequin/Animation/UE4ASP_HeroTPP_AnimBlueprint.uasset" 16
"../../../Engine/Content/EditorBlueprintResources/StandardMacros.uasset" 17
"E:/VRBlockchainGame/VRBlockchain_Base/Content/EtherlinkerExampleProject/Blueprints/Player/Global/BP_FPSCharacter.uasset" 18
"E:/VRBlockchainGame/VRBlockchain_Base/Content/HandTracking/MP_HandTracking.uasset" 19
"E:/VRBlockchainGame/VRBlockchain_Base/Content/HandTracking/TRT2D_HandTracking.uasset" 20
"E:/VRBlockchainGame/VRBlockchain_Base/Content/HandTracking/HandTrackingStart.uasset" 21
"E:/VRBlockchainGame/VRBlockchain_Base/Content/HandTracking/TRT2D_HandTracking_Mat.uasset" 22
"../../../Engine/Content/Functions/Engine_MaterialFunctions01/ImageAdjustment/SCurve.uasset" 23
"../../../Engine/Content/Functions/Engine_MaterialFunctions02/Math/InverseTransformMatrix.uasset" 24
"../../../Engine/Content/Functions/Engine_MaterialFunctions02/SplitComponents.uasset" 25
"E:/VRBlockchainGame/VRBlockchain_Base/Content/HandTracking/ML_IsolateSkin.uasset" 26
"E:/VRBlockchainGame/VRBlockchain_Base/Content/HandTracking/MT_HandTracking.uasset" 27
"E:/VRBlockchainGame/VRBlockchain_Base/Content/HandTracking/M_HandTracking.uasset" 28
"E:/VRBlockchainGame/VRBlockchain_Base/Content/HandTracking/M_HandTracking_Inst.uasset" 29
"E:/VRBlockchainGame/VRBlockchain_Base/Content/UI/T_Crosshair.uasset" 30
"E:/VRBlockchainGame/VRBlockchain_Base/Content/UI/WBP_Crosshair.uasset" 31
"../../../Engine/Content/Functions/Engine_MaterialFunctions01/Opacity/CameraDepthFade.uasset" 32
"../../../Engine/Content/EngineMaterials/T_Default_Material_Grid_M.uasset" 33
"../../../Engine/Content/EngineMaterials/T_Default_Material_Grid_N.uasset" 34
"../../../Engine/Content/EngineMaterials/WorldGridMaterial.uasset" 35
"../../../Engine/Content/BasicShapes/Plane.uasset" 36
"../../../Engine/Content/Functions/Engine_MaterialFunctions02/Utility/BlendAngleCorrectedNormals.uasset" 37
"../../../Engine/Content/Functions/MaterialLayerFunctions/MatLayerBlend_AO.uasset" 38
"../../../Engine/Content/Functions/MaterialLayerFunctions/MatLayerBlend_NormalBlend.uasset" 39
"../../../Engine/Content/Functions/MaterialLayerFunctions/MatLayerBlend_Simple.uasset" 40
"E:/VRBlockchainGame/VRBlockchain_Base/Content/Characters/UE4_Mannequin/Materials/MaterialLayers/T_ML_Rubber_Blue_01_D.uasset" 41
"E:/VRBlockchainGame/VRBlockchain_Base/Content/Characters/UE4_Mannequin/Materials/MaterialLayers/T_ML_Rubber_Blue_01_N.uasset" 42
"E:/VRBlockchainGame/VRBlockchain_Base/Content/Characters/UE4_Mannequin/Materials/MaterialLayers/ML_GlossyBlack_Latex_UE4.uasset" 43
"E:/VRBlockchainGame/VRBlockchain_Base/Content/Characters/UE4_Mannequin/Materials/MaterialLayers/ML_Plastic_Shiny_Beige.uasset" 44
"E:/VRBlockchainGame/VRBlockchain_Base/Content/Characters/UE4_Mannequin/Textures/UE4_LOGO_CARD.uasset" 45
"E:/VRBlockchainGame/VRBlockchain_Base/Content/Characters/UE4_Mannequin/Materials/MaterialLayers/ML_Plastic_Shiny_Beige_LOGO.uasset" 46
"E:/VRBlockchainGame/VRBlockchain_Base/Content/Characters/UE4_Mannequin/Materials/MaterialLayers/T_ML_Aluminum01.uasset" 47
"E:/VRBlockchainGame/VRBlockchain_Base/Content/Characters/UE4_Mannequin/Materials/MaterialLayers/T_ML_Aluminum01_N.uasset" 48
"E:/VRBlockchainGame/VRBlockchain_Base/Content/Characters/UE4_Mannequin/Materials/MaterialLayers/ML_SoftMetal_UE4.uasset" 49
"E:/VRBlockchainGame/VRBlockchain_Base/Content/Characters/UE4_Mannequin/Textures/UE4_Mannequin__normals.uasset" 50
"E:/VRBlockchainGame/VRBlockchain_Base/Content/Characters/UE4_Mannequin/Textures/UE4_Mannequin_MAT_MASKA.uasset" 51
"E:/VRBlockchainGame/VRBlockchain_Base/Content/Characters/UE4_Mannequin/Textures/UE4_Mannequin_occlusion_Mobile.uasset" 52
"E:/VRBlockchainGame/VRBlockchain_Base/Content/Characters/UE4_Mannequin/Materials/M_UE4Man_Body.uasset" 53
"E:/VRBlockchainGame/VRBlockchain_Base/Content/Characters/UE4_Mannequin/Textures/UE4Man_Logo_N.uasset" 54
"E:/VRBlockchainGame/VRBlockchain_Base/Content/Characters/UE4_Mannequin/Materials/M_UE4Man_ChestLogo.uasset" 55
"E:/VRBlockchainGame/VRBlockchain_Base/Content/SurfaceTypes/PhysMat_FleshDefault.uasset" 56
"E:/VRBlockchainGame/VRBlockchain_Base/Content/SurfaceTypes/PhysMat_FleshVulnerable.uasset" 57
"E:/VRBlockchainGame/VRBlockchain_Base/Content/Characters/UE4_Mannequin/Mesh/SK_Mannequin_PhysicsAsset.uasset" 58
"E:/VRBlockchainGame/VRBlockchain_Base/Content/Characters/UE4_Mannequin/Mesh/SK_Mannequin.uasset" 59
"E:/VRBlockchainGame/VRBlockchain_Base/Content/EtherlinkerExampleProject/Audio/Character/Blueprints_Footstep01.uasset" 60
"E:/VRBlockchainGame/VRBlockchain_Base/Content/EtherlinkerExampleProject/Audio/Character/Blueprints_Footstep02.uasset" 61
"E:/VRBlockchainGame/VRBlockchain_Base/Content/EtherlinkerExampleProject/Audio/Character/Blueprints_Footstep03.uasset" 62
"E:/VRBlockchainGame/VRBlockchain_Base/Content/EtherlinkerExampleProject/Audio/Character/Blueprints_Footstep04.uasset" 63
"E:/VRBlockchainGame/VRBlockchain_Base/Content/EtherlinkerExampleProject/Audio/Character/Blueprints_Footstep05.uasset" 64
"E:/VRBlockchainGame/VRBlockchain_Base/Content/EtherlinkerExampleProject/Audio/Character/Blueprints_Footstep06.uasset" 65
"E:/VRBlockchainGame/VRBlockchain_Base/Content/EtherlinkerExampleProject/Audio/Character/Blueprints_Footstep07.uasset" 66
"E:/VRBlockchainGame/VRBlockchain_Base/Content/EtherlinkerExampleProject/Audio/Character/Blueprints_Footstep_Cue.uasset" 67
"E:/VRBlockchainGame/VRBlockchain_Base/Content/EtherlinkerExampleProject/Blueprints/Player/Global/BP_Donations.uasset" 68
"E:/VRBlockchainGame/VRBlockchain_Base/Content/EtherlinkerExampleProject/Blueprints/Player/Global/BP_EtherManagerHolder.uasset" 69
"E:/VRBlockchainGame/VRBlockchain_Base/Content/EtherlinkerExampleProject/Blueprints/Player/Global/BP_EtherPlayerController.uasset" 70
"E:/VRBlockchainGame/VRBlockchain_Base/Content/EtherlinkerExampleProject/Blueprints/UI/Widgets/BP_EtherWidgetInterface.uasset" 71
"../../../Engine/Content/EngineFonts/Faces/RobotoBold.uasset" 72
"../../../Engine/Content/EngineFonts/Faces/RobotoBoldItalic.uasset" 73
"../../../Engine/Content/EngineFonts/Faces/RobotoItalic.uasset" 74
"../../../Engine/Content/EngineFonts/Faces/RobotoLight.uasset" 75
"../../../Engine/Content/EngineFonts/Faces/RobotoRegular.uasset" 76
"../../../Engine/Content/EngineFonts/Roboto.uasset" 77
"E:/VRBlockchainGame/VRBlockchain_Base/Content/EtherlinkerExampleProject/Blueprints/UI/Widgets/BP_WalletInitializationChecker_UI.uasset" 78
"E:/VRBlockchainGame/VRBlockchain_Base/Content/EtherlinkerExampleProject/Textures/UI/T_UI_Blur.uasset" 79
"E:/VRBlockchainGame/VRBlockchain_Base/Content/EtherlinkerExampleProject/Blueprints/UI/Widgets/BP_Donations_UI.uasset" 80
"E:/VRBlockchainGame/VRBlockchain_Base/Content/EtherlinkerExampleProject/Blueprints/Player/Global/BP_ERC20TokenAdmin.uasset" 81
"E:/VRBlockchainGame/VRBlockchain_Base/Content/EtherlinkerExampleProject/Blueprints/UI/Widgets/BP_ERC20TokenAdminMenu_UI.uasset" 82
"E:/VRBlockchainGame/VRBlockchain_Base/Content/EtherlinkerExampleProject/Blueprints/Player/Global/BP_ERC20TokenUser.uasset" 83
"E:/VRBlockchainGame/VRBlockchain_Base/Content/EtherlinkerExampleProject/Blueprints/UI/Widgets/BP_ERC20TokenUserMenu_UI.uasset" 84
"E:/VRBlockchainGame/VRBlockchain_Base/Content/EtherlinkerExampleProject/Blueprints/Player/Global/BP_ERC721TokenAdmin.uasset" 85
"E:/VRBlockchainGame/VRBlockchain_Base/Content/EtherlinkerExampleProject/Blueprints/UI/Widgets/BP_ERC721TokenAdminMenu_UI.uasset" 86
"E:/VRBlockchainGame/VRBlockchain_Base/Content/EtherlinkerExampleProject/Blueprints/Player/Global/BP_ERC721TokenUser.uasset" 87
"E:/VRBlockchainGame/VRBlockchain_Base/Content/EtherlinkerExampleProject/Blueprints/UI/Widgets/BP_ERC721TokenUserMenu_UI.uasset" 88
"E:/VRBlockchainGame/VRBlockchain_Base/Content/EtherlinkerExampleProject/Blueprints/Player/Global/BP_TransferEther.uasset" 89
"E:/VRBlockchainGame/VRBlockchain_Base/Content/EtherlinkerExampleProject/Blueprints/UI/Widgets/BP_EtherTransfer_UI.uasset" 90
"E:/VRBlockchainGame/VRBlockchain_Base/Content/EtherlinkerExampleProject/Blueprints/UI/Widgets/BP_MobileMenuSelector_UI.uasset" 91
"E:/VRBlockchainGame/VRBlockchain_Base/Content/EtherlinkerExampleProject/Blueprints/UI/Widgets/BP_PauseMenu_UI.uasset" 92
"E:/VRBlockchainGame/VRBlockchain_Base/Content/EtherlinkerExampleProject/Blueprints/UI/Widgets/BP_WalletAuthenticator_UI.uasset" 93
"E:/VRBlockchainGame/VRBlockchain_Base/Content/EtherlinkerExampleProject/Blueprints/Player/Global/BP_WeaponTokenmanager.uasset" 94
"../../../Engine/Content/EngineMaterials/PhysMat_Metal.uasset" 95
"E:/VRBlockchainGame/VRBlockchain_Base/Content/Weapons/Textures/KA74U/T_KA74U_ALB.uasset" 96
"E:/VRBlockchainGame/VRBlockchain_Base/Content/Weapons/Textures/KA74U/T_KA74U_M_MSK.uasset" 97
"E:/VRBlockchainGame/VRBlockchain_Base/Content/Weapons/Textures/KA74U/T_KA74U_NRM.uasset" 98
"E:/VRBlockchainGame/VRBlockchain_Base/Content/Weapons/Textures/Patterns/T_Stripes__Pattern.uasset" 99
"E:/VRBlockchainGame/VRBlockchain_Base/Content/Weapons/Materials/Master_Material/M_Weapon_Master_USE.uasset" 100
"E:/VRBlockchainGame/VRBlockchain_Base/Content/Weapons/Textures/Ammunition/T_40mm_Grenade_ALB.uasset" 101
"E:/VRBlockchainGame/VRBlockchain_Base/Content/Weapons/Textures/Ammunition/T_40mm_Grenade_M_MSK.uasset" 102
"E:/VRBlockchainGame/VRBlockchain_Base/Content/Weapons/Textures/Ammunition/T_40mm_Grenade_NRM.uasset" 103
"E:/VRBlockchainGame/VRBlockchain_Base/Content/Weapons/Materials/Ammunition/M_40mm_Grenade.uasset" 104
"E:/VRBlockchainGame/VRBlockchain_Base/Content/Weapons/Meshes/Ammunition/SM_Shell_40mm_G.uasset" 105
"E:/VRBlockchainGame/VRBlockchain_Base/Content/Blueprint/Weapons/BP_LauncherGrenade.uasset" 106
"E:/VRBlockchainGame/VRBlockchain_Base/Content/Weapons/FX/BP_CameraShake_GrenadeLauncher.uasset" 107
"E:/VRBlockchainGame/VRBlockchain_Base/Content/Weapons/Textures/KA_Val/T_KA_Val_ALB.uasset" 108
"E:/VRBlockchainGame/VRBlockchain_Base/Content/Weapons/Textures/KA_Val/T_KA_Val_M_MSK.uasset" 109
"E:/VRBlockchainGame/VRBlockchain_Base/Content/Weapons/Textures/KA_Val/T_KA_Val_NRM.uasset" 110
"E:/VRBlockchainGame/VRBlockchain_Base/Content/Weapons/Materials/KA_Val/M_KA_Val_L1.uasset" 111
"E:/VRBlockchainGame/VRBlockchain_Base/Content/Weapons/Textures/KA_Val/T_KA_Val_Black_ALB.uasset" 112
"E:/VRBlockchainGame/VRBlockchain_Base/Content/Weapons/Materials/KA_Val/M_KA_Val_Black_L2.uasset" 113
"E:/VRBlockchainGame/VRBlockchain_Base/Content/Weapons/Textures/Patterns/T_Wood_Marpat_Pattern.uasset" 114
"E:/VRBlockchainGame/VRBlockchain_Base/Content/Weapons/Materials/KA_Val/M_KA_Val_Black_Camo_L3.uasset" 115
"E:/VRBlockchainGame/VRBlockchain_Base/Content/Weapons/Materials/KA_Val/M_KA_Val_Black_Striped_L4.uasset" 116
"E:/VRBlockchainGame/VRBlockchain_Base/Content/Weapons/Textures/Patterns/T_Hexagon_Glow_Pattern.uasset" 117
"E:/VRBlockchainGame/VRBlockchain_Base/Content/Weapons/Materials/KA_Val/M_KA_Val_Black_Striped_L5.uasset" 118
"E:/VRBlockchainGame/VRBlockchain_Base/Content/UI/WBP_Ammo_Score.uasset" 119
"E:/VRBlockchainGame/VRBlockchain_Base/Content/Weapons/FX/BloodImpact/clouds_dust_detail_01.uasset" 120
"E:/VRBlockchainGame/VRBlockchain_Base/Content/Weapons/FX/BloodImpact/M_blood_cloud_01.uasset" 121
"E:/VRBlockchainGame/VRBlockchain_Base/Content/Weapons/FX/BloodImpact/T_BloodSplatter_Frames01.uasset" 122
"E:/VRBlockchainGame/VRBlockchain_Base/Content/Weapons/FX/BloodImpact/M_blood_splash_01.uasset" 123
"E:/VRBlockchainGame/VRBlockchain_Base/Content/Weapons/FX/BloodImpact/T_BloodSplat_03_SubUV.uasset" 124
"E:/VRBlockchainGame/VRBlockchain_Base/Content/Weapons/FX/BloodImpact/M_blood_splash_03.uasset" 125
"E:/VRBlockchainGame/VRBlockchain_Base/Content/Weapons/FX/BloodImpact/P_blood_splash_02.uasset" 126
"E:/VRBlockchainGame/VRBlockchain_Base/Content/Weapons/FX/Explosion/T_Burst_M.uasset" 127
"E:/VRBlockchainGame/VRBlockchain_Base/Content/Weapons/FX/Explosion/M_Burst.uasset" 128
"E:/VRBlockchainGame/VRBlockchain_Base/Content/Weapons/FX/Explosion/T_Explosion_SubUV.uasset" 129
"E:/VRBlockchainGame/VRBlockchain_Base/Content/Weapons/FX/Explosion/M_explosion_subUV.uasset" 130
"E:/VRBlockchainGame/VRBlockchain_Base/Content/Weapons/FX/Explosion/m_flare_01.uasset" 131
"../../../Engine/Content/Functions/Engine_MaterialFunctions01/Gradient/RadialGradient.uasset" 132
"E:/VRBlockchainGame/VRBlockchain_Base/Content/Weapons/FX/Explosion/M_radial_ramp.uasset" 133
"E:/VRBlockchainGame/VRBlockchain_Base/Content/Weapons/FX/Explosion/T_Smoke_SubUV.uasset" 134
"E:/VRBlockchainGame/VRBlockchain_Base/Content/Weapons/FX/Explosion/T_Smoke_Tiled_D.uasset" 135
"E:/VRBlockchainGame/VRBlockchain_Base/Content/Weapons/FX/Explosion/M_smoke_subUV.uasset" 136
"E:/VRBlockchainGame/VRBlockchain_Base/Content/Weapons/FX/Explosion/P_Explosion.uasset" 137
"E:/VRBlockchainGame/VRBlockchain_Base/Content/Weapons/FX/GenericImpact/Flare_02.uasset" 138
"E:/VRBlockchainGame/VRBlockchain_Base/Content/Weapons/FX/GenericImpact/M_LensFlare_02.uasset" 139
"E:/VRBlockchainGame/VRBlockchain_Base/Content/Weapons/FX/GenericImpact/T_SparkCore_2X2.uasset" 140
"E:/VRBlockchainGame/VRBlockchain_Base/Content/Weapons/FX/GenericImpact/M_spark_subUV.uasset" 141
"E:/VRBlockchainGame/VRBlockchain_Base/Content/Weapons/FX/GenericImpact/P_RifleImpact.uasset" 142
"E:/VRBlockchainGame/VRBlockchain_Base/Content/Weapons/FX/Muzzle/MuzzleSmokeOne_1024_11x11.uasset" 143
"E:/VRBlockchainGame/VRBlockchain_Base/Content/Weapons/FX/Muzzle/MuzzleFlash_Master.uasset" 144
"E:/VRBlockchainGame/VRBlockchain_Base/Content/Weapons/FX/Muzzle/MuzzleFlash_Master_Inst.uasset" 145
"E:/VRBlockchainGame/VRBlockchain_Base/Content/Weapons/FX/Muzzle/MuzzleTwo_2048_6x6.uasset" 146
"E:/VRBlockchainGame/VRBlockchain_Base/Content/Weapons/FX/Muzzle/MuzzleFlash_Master_Inst_2.uasset" 147
"E:/VRBlockchainGame/VRBlockchain_Base/Content/Weapons/FX/Muzzle/P_Muzzle_Large.uasset" 148
"E:/VRBlockchainGame/VRBlockchain_Base/Content/Weapons/Textures/Ammunition/T_762x39_ALB.uasset" 149
"E:/VRBlockchainGame/VRBlockchain_Base/Content/Weapons/Textures/Ammunition/T_762x39_M_MSK.uasset" 150
"E:/VRBlockchainGame/VRBlockchain_Base/Content/Weapons/Textures/Ammunition/T_762x39_NRM.uasset" 151
"E:/VRBlockchainGame/VRBlockchain_Base/Content/Weapons/Materials/Ammunition/M_762x39_Empty.uasset" 152
"E:/VRBlockchainGame/VRBlockchain_Base/Content/Weapons/Meshes/KA_Val/SK_KA_Val_Y_Physics.uasset" 153
"E:/VRBlockchainGame/VRBlockchain_Base/Content/Weapons/Meshes/KA_Val/SK_KA_Val_Y_Skeleton.uasset" 154
"E:/VRBlockchainGame/VRBlockchain_Base/Content/Weapons/Meshes/KA_Val/SK_KA_Val_Y.uasset" 155
"E:/VRBlockchainGame/VRBlockchain_Base/Content/Blueprint/Weapons/BP_GrenadeLauncher.uasset" 156
"E:/VRBlockchainGame/VRBlockchain_Base/Content/Weapons/FX/BP_CameraShake_Rifle.uasset" 157
"E:/VRBlockchainGame/VRBlockchain_Base/Content/Weapons/Textures/AR4/T_AR4_ALB.uasset" 158
"E:/VRBlockchainGame/VRBlockchain_Base/Content/Weapons/Textures/AR4/T_AR4_M_MSK.uasset" 159
"E:/VRBlockchainGame/VRBlockchain_Base/Content/Weapons/Textures/AR4/T_AR4_NRM.uasset" 160
"E:/VRBlockchainGame/VRBlockchain_Base/Content/Weapons/Materials/AR4/M_AR4_L1.uasset" 161
"E:/VRBlockchainGame/VRBlockchain_Base/Content/Weapons/Materials/AR4/M_AR4_L2.uasset" 162
"E:/VRBlockchainGame/VRBlockchain_Base/Content/Weapons/Materials/AR4/M_AR4_L3.uasset" 163
"E:/VRBlockchainGame/VRBlockchain_Base/Content/Weapons/Textures/Patterns/T_Desert_Marpat_Pattern.uasset" 164
"E:/VRBlockchainGame/VRBlockchain_Base/Content/Weapons/Materials/AR4/M_AR4_Pattern_L4.uasset" 165
"E:/VRBlockchainGame/VRBlockchain_Base/Content/Weapons/Materials/AR4/M_AR4_Pattern_L5.uasset" 166
"E:/VRBlockchainGame/VRBlockchain_Base/Content/Sounds/TrackerSounds/Explosion01.uasset" 167
"E:/VRBlockchainGame/VRBlockchain_Base/Content/Sounds/TrackerSounds/TrackerBotAttenuation.uasset" 168
"E:/VRBlockchainGame/VRBlockchain_Base/Content/Sounds/TrackerSounds/Explosion01_Cue.uasset" 169
"E:/VRBlockchainGame/VRBlockchain_Base/Content/Weapons/FX/BasicTracer/Beam.uasset" 170
"E:/VRBlockchainGame/VRBlockchain_Base/Content/Weapons/FX/BasicTracer/M_Beam.uasset" 171
"E:/VRBlockchainGame/VRBlockchain_Base/Content/Weapons/FX/BasicTracer/P_SmokeTrail.uasset" 172
"E:/VRBlockchainGame/VRBlockchain_Base/Content/Weapons/Meshes/AR4/SK_AR4_Physics.uasset" 173
"E:/VRBlockchainGame/VRBlockchain_Base/Content/Weapons/Meshes/AR4/SK_AR4_Skeleton.uasset" 174
"E:/VRBlockchainGame/VRBlockchain_Base/Content/Weapons/Meshes/AR4/SK_AR4.uasset" 175
"E:/VRBlockchainGame/VRBlockchain_Base/Content/Blueprint/Weapons/BP_Rifle.uasset" 176
"E:/VRBlockchainGame/VRBlockchain_Base/Content/EtherlinkerExampleProject/Blueprints/UI/Widgets/WeaponStruct.uasset" 177
"E:/VRBlockchainGame/VRBlockchain_Base/Content/EtherlinkerExampleProject/Blueprints/UI/Widgets/BP_WeaponRow_UI.uasset" 178
"E:/VRBlockchainGame/VRBlockchain_Base/Content/EtherlinkerExampleProject/Blueprints/UI/Widgets/BP_WeaponList_UI.uasset" 179
"../../../Engine/Content/VREditor/Sounds/UI/Camera_Shutter.uasset" 180
"../../../Engine/Content/VREditor/Sounds/UI/Click_on_Button.uasset" 181
"E:/VRBlockchainGame/VRBlockchain_Base/Content/EtherlinkerExampleProject/Blueprints/UI/Widgets/BP_WeaponManager_UI.uasset" 182
"../../../Engine/Content/Functions/Engine_MaterialFunctions02/Utility/Sine_Remapped.uasset" 183
"E:/VRBlockchainGame/VRBlockchain_Base/Content/UI/HealthIndicator/T_HealthMask.uasset" 184
"E:/VRBlockchainGame/VRBlockchain_Base/Content/UI/HealthIndicator/HealthIndicator_Mat.uasset" 185
"E:/VRBlockchainGame/VRBlockchain_Base/Content/UI/HealthIndicator/HealthIndicator_Mat_Inst.uasset" 186
"E:/VRBlockchainGame/VRBlockchain_Base/Content/UI/HealthIndicator/WBP_HealthIndicator.uasset" 187
"E:/VRBlockchainGame/VRBlockchain_Base/Content/Blueprint/Characters/BP_Player.uasset" 188
"E:/VRBlockchainGame/VRBlockchain_Base/Content/Blueprint/Characters/BP_EnemyAI.uasset" 189
"E:/VRBlockchainGame/VRBlockchain_Base/Content/Characters/UE4_Mannequin/Animation/Aim_Space_Hip.uasset" 190
"E:/VRBlockchainGame/VRBlockchain_Base/Content/Characters/UE4_Mannequin/Animation/Aim_Space_Ironsights.uasset" 191
"E:/VRBlockchainGame/VRBlockchain_Base/Content/Characters/UE4_Mannequin/Animation/Crouch_Idle_Rifle_Ironsights.uasset" 192
"E:/VRBlockchainGame/VRBlockchain_Base/Content/Characters/UE4_Mannequin/Animation/Crouch_to_Stand_Rifle_Hip.uasset" 193
"E:/VRBlockchainGame/VRBlockchain_Base/Content/Characters/UE4_Mannequin/Animation/Crouch_to_Stand_Rifle_Ironsights.uasset" 194
"E:/VRBlockchainGame/VRBlockchain_Base/Content/Characters/UE4_Mannequin/Animation/Crouch_Walk_Bwd_Rifle_Ironsights.uasset" 195
"E:/VRBlockchainGame/VRBlockchain_Base/Content/Characters/UE4_Mannequin/Animation/Crouch_Walk_Fwd_Rifle_Ironsights.uasset" 196
"E:/VRBlockchainGame/VRBlockchain_Base/Content/Characters/UE4_Mannequin/Animation/Crouch_Walk_Lt_Rifle_Ironsights.uasset" 197
"E:/VRBlockchainGame/VRBlockchain_Base/Content/Characters/UE4_Mannequin/Animation/Crouch_Walk_Rt_Rifle_Ironsights.uasset" 198
"E:/VRBlockchainGame/VRBlockchain_Base/Content/Characters/UE4_Mannequin/Animation/Death_1.uasset" 199
"E:/VRBlockchainGame/VRBlockchain_Base/Content/Characters/UE4_Mannequin/Animation/Death_3.uasset" 200
"E:/VRBlockchainGame/VRBlockchain_Base/Content/Characters/UE4_Mannequin/Animation/Death_Ironsights_1.uasset" 201
"E:/VRBlockchainGame/VRBlockchain_Base/Content/Characters/UE4_Mannequin/Animation/Death_Ironsights_2.uasset" 202
"E:/VRBlockchainGame/VRBlockchain_Base/Content/Characters/UE4_Mannequin/Animation/Equip_Pistol_Standing.uasset" 203
"E:/VRBlockchainGame/VRBlockchain_Base/Content/Characters/UE4_Mannequin/Animation/Equip_Rifle_Standing.uasset" 204
"E:/VRBlockchainGame/VRBlockchain_Base/Content/Characters/UE4_Mannequin/Animation/Fire_Rifle_Hip.uasset" 205
"E:/VRBlockchainGame/VRBlockchain_Base/Content/Characters/UE4_Mannequin/Animation/Fire_Rifle_Ironsights.uasset" 206
"E:/VRBlockchainGame/VRBlockchain_Base/Content/Characters/UE4_Mannequin/Animation/Fire_Shotgun_Hip.uasset" 207
"E:/VRBlockchainGame/VRBlockchain_Base/Content/Characters/UE4_Mannequin/Animation/Fire_Shotgun_Ironsights.uasset" 208
"E:/VRBlockchainGame/VRBlockchain_Base/Content/Characters/UE4_Mannequin/Animation/Hit_React_1.uasset" 209
"E:/VRBlockchainGame/VRBlockchain_Base/Content/Characters/UE4_Mannequin/Animation/Hit_React_2.uasset" 210
"E:/VRBlockchainGame/VRBlockchain_Base/Content/Characters/UE4_Mannequin/Animation/Hit_React_3.uasset" 211
"E:/VRBlockchainGame/VRBlockchain_Base/Content/Characters/UE4_Mannequin/Animation/Hit_React_4.uasset" 212
"E:/VRBlockchainGame/VRBlockchain_Base/Content/Characters/UE4_Mannequin/Animation/Idle_Pistol.uasset" 213
"E:/VRBlockchainGame/VRBlockchain_Base/Content/Characters/UE4_Mannequin/Animation/Idle_Rifle_Hip_Break1.uasset" 214
"E:/VRBlockchainGame/VRBlockchain_Base/Content/Characters/UE4_Mannequin/Animation/Idle_Rifle_Hip_Break2.uasset" 215
"E:/VRBlockchainGame/VRBlockchain_Base/Content/Characters/UE4_Mannequin/Animation/Idle_Rifle_Ironsights.uasset" 216
"E:/VRBlockchainGame/VRBlockchain_Base/Content/Characters/UE4_Mannequin/Animation/Jump_From_Stand_Ironsights.uasset" 217
"E:/VRBlockchainGame/VRBlockchain_Base/Content/Characters/UE4_Mannequin/Animation/Prone_Death_1.uasset" 218
"E:/VRBlockchainGame/VRBlockchain_Base/Content/Characters/UE4_Mannequin/Animation/Prone_Death_2.uasset" 219
"E:/VRBlockchainGame/VRBlockchain_Base/Content/Characters/UE4_Mannequin/Animation/Prone_Fire_1.uasset" 220
"E:/VRBlockchainGame/VRBlockchain_Base/Content/Characters/UE4_Mannequin/Animation/Prone_Fire_2.uasset" 221
"E:/VRBlockchainGame/VRBlockchain_Base/Content/Characters/UE4_Mannequin/Animation/Prone_Idle.uasset" 222
"E:/VRBlockchainGame/VRBlockchain_Base/Content/Characters/UE4_Mannequin/Animation/Prone_Reload_Rifle.uasset" 223
"E:/VRBlockchainGame/VRBlockchain_Base/Content/Characters/UE4_Mannequin/Animation/Prone_Reload_Shotgun.uasset" 224
"E:/VRBlockchainGame/VRBlockchain_Base/Content/Characters/UE4_Mannequin/Animation/Prone_To_Stand.uasset" 225
"E:/VRBlockchainGame/VRBlockchain_Base/Content/Characters/UE4_Mannequin/Animation/Reload_Pistol.uasset" 226
"E:/VRBlockchainGame/VRBlockchain_Base/Content/Characters/UE4_Mannequin/Animation/Reload_Rifle_Hip.uasset" 227
"E:/VRBlockchainGame/VRBlockchain_Base/Content/Characters/UE4_Mannequin/Animation/Reload_Rifle_Ironsights.uasset" 228
"E:/VRBlockchainGame/VRBlockchain_Base/Content/Characters/UE4_Mannequin/Animation/Reload_Shotgun_Hip.uasset" 229
"E:/VRBlockchainGame/VRBlockchain_Base/Content/Characters/UE4_Mannequin/Animation/Reload_Shotgun_Ironsights.uasset" 230
"E:/VRBlockchainGame/VRBlockchain_Base/Content/Characters/UE4_Mannequin/Animation/Sprint_Fwd_Rifle.uasset" 231
"E:/VRBlockchainGame/VRBlockchain_Base/Content/Characters/UE4_Mannequin/Animation/Stand_to_Crouch_Rifle_Hip.uasset" 232
"E:/VRBlockchainGame/VRBlockchain_Base/Content/Characters/UE4_Mannequin/Animation/Stand_to_Crouch_Rifle_Ironsights.uasset" 233
"E:/VRBlockchainGame/VRBlockchain_Base/Content/Characters/UE4_Mannequin/Animation/Stand_To_Prone.uasset" 234
"E:/VRBlockchainGame/VRBlockchain_Base/Content/Characters/UE4_Mannequin/Animation/Ue4ASP_Character.uasset" 235
"E:/VRBlockchainGame/VRBlockchain_Base/Content/Characters/UE4_Mannequin/Animation/Walk_Bwd_Rifle_Ironsights.uasset" 236
"E:/VRBlockchainGame/VRBlockchain_Base/Content/Characters/UE4_Mannequin/Animation/Walk_Fwd_Rifle_Ironsights.uasset" 237
"E:/VRBlockchainGame/VRBlockchain_Base/Content/Characters/UE4_Mannequin/Animation/Walk_Lt_Rifle_Ironsights.uasset" 238
"E:/VRBlockchainGame/VRBlockchain_Base/Content/Characters/UE4_Mannequin/Animation/Walk_Rt_Rifle_Ironsights.uasset" 239
"E:/VRBlockchainGame/VRBlockchain_Base/Content/EtherlinkerExampleProject/Audio/Environment/Blueprints_TextPop03.uasset" 240
"E:/VRBlockchainGame/VRBlockchain_Base/Content/EtherlinkerExampleProject/Audio/Blueprints/BPI_Interface.uasset" 241
"E:/VRBlockchainGame/VRBlockchain_Base/Content/EtherlinkerExampleProject/Blueprints/Environment/BPInterface_Button.uasset" 242
"E:/VRBlockchainGame/VRBlockchain_Base/Content/EtherlinkerExampleProject/Materials/Environment/M_Button.uasset" 243
"E:/VRBlockchainGame/VRBlockchain_Base/Content/EtherlinkerExampleProject/Materials/Environment/M_Button_Chrome.uasset" 244
"E:/VRBlockchainGame/VRBlockchain_Base/Content/EtherlinkerExampleProject/Materials/Environment/M_Button_Inst.uasset" 245
"E:/VRBlockchainGame/VRBlockchain_Base/Content/EtherlinkerExampleProject/Materials/Environment/M_DemoWall.uasset" 246
"E:/VRBlockchainGame/VRBlockchain_Base/Content/EtherlinkerExampleProject/Audio/Physical_Materials/Rubber.uasset" 247
"E:/VRBlockchainGame/VRBlockchain_Base/Content/EtherlinkerExampleProject/Materials/Environment/M_DemoWall_Inst.uasset" 248
"E:/VRBlockchainGame/VRBlockchain_Base/Content/EtherlinkerExampleProject/Audio/Physical_Materials/Metal.uasset" 249
"E:/VRBlockchainGame/VRBlockchain_Base/Content/EtherlinkerExampleProject/Materials/Environment/M_DemoWall_Inst_3.uasset" 250
"E:/VRBlockchainGame/VRBlockchain_Base/Content/EtherlinkerExampleProject/Meshes/Environment/SM_Button.uasset" 251
"E:/VRBlockchainGame/VRBlockchain_Base/Content/EtherlinkerExampleProject/Blueprints/Environment/BP_Audio_Trigger.uasset" 252
"../../../Engine/Content/EngineFonts/RobotoDistanceField.uasset" 253
"../../../Engine/Content/EngineMaterials/DefaultTextMaterialOpaque.uasset" 254
"E:/VRBlockchainGame/VRBlockchain_Base/Content/EtherlinkerExampleProject/Materials/Environment/DefaultTextMaterialTranslucentUnlit.uasset" 255
"E:/VRBlockchainGame/VRBlockchain_Base/Content/EtherlinkerExampleProject/Materials/Environment/M_DemoWall_Inst_NamePlate.uasset" 256
"E:/VRBlockchainGame/VRBlockchain_Base/Content/EtherlinkerExampleProject/Materials/Environment/M_DemoWall_Inst_BaseFloor_Inst.uasset" 257
"E:/VRBlockchainGame/VRBlockchain_Base/Content/EtherlinkerExampleProject/Blueprints/Environment/BP_DemoDisplay_Enum.uasset" 258
"E:/VRBlockchainGame/VRBlockchain_Base/Content/EtherlinkerExampleProject/Materials/Environment/M_DemoWall_Inst2.uasset" 259
"E:/VRBlockchainGame/VRBlockchain_Base/Content/EtherlinkerExampleProject/Meshes/Environment/SM_Base.uasset" 260
"E:/VRBlockchainGame/VRBlockchain_Base/Content/EtherlinkerExampleProject/Meshes/Environment/SM_Base2.uasset" 261
"E:/VRBlockchainGame/VRBlockchain_Base/Content/EtherlinkerExampleProject/Meshes/Environment/SM_Base_FlatWall.uasset" 262
"E:/VRBlockchainGame/VRBlockchain_Base/Content/EtherlinkerExampleProject/Meshes/Environment/SM_BaseRoom.uasset" 263
"E:/VRBlockchainGame/VRBlockchain_Base/Content/EtherlinkerExampleProject/Meshes/Environment/SM_NamePlate.uasset" 264
"E:/VRBlockchainGame/VRBlockchain_Base/Content/EtherlinkerExampleProject/Blueprints/Environment/BP_DemoDisplay.uasset" 265
"E:/VRBlockchainGame/VRBlockchain_Base/Content/EtherlinkerExampleProject/Blueprints/Environment/BP_DemoTrigger.uasset" 266
"E:/VRBlockchainGame/VRBlockchain_Base/Content/EtherlinkerExampleProject/Materials/Environment/M_LightSculpture.uasset" 267
"E:/VRBlockchainGame/VRBlockchain_Base/Content/EtherlinkerExampleProject/Meshes/Environment/SM_LightSculpture.uasset" 268
"E:/VRBlockchainGame/VRBlockchain_Base/Content/EtherlinkerExampleProject/Blueprints/Environment/BP_LightScultpureDynamic.uasset" 269
"E:/VRBlockchainGame/VRBlockchain_Base/Content/EtherlinkerExampleProject/Blueprints/Player/Global/BP_GameInstance.uasset" 270
"E:/VRBlockchainGame/VRBlockchain_Base/Content/EtherlinkerExampleProject/Blueprints/Player/Global/BP_UsableActor.uasset" 271
"E:/VRBlockchainGame/VRBlockchain_Base/Content/EtherlinkerExampleProject/Blueprints/Player/Global/BP_GrabberComponent.uasset" 272
"E:/VRBlockchainGame/VRBlockchain_Base/Content/EtherlinkerExampleProject/Blueprints/UI/Widgets/BP_TransferWeapon_UI.uasset" 273
"E:/VRBlockchainGame/VRBlockchain_Base/Content/EtherlinkerExampleProject/Blueprints/UI/Widgets/UI_ScalingCurve.uasset" 274
"E:/VRBlockchainGame/VRBlockchain_Base/Content/EtherlinkerExampleProject/Meshes/CubeMaterial.uasset" 275
"E:/VRBlockchainGame/VRBlockchain_Base/Content/EtherlinkerExampleProject/Meshes/1M_Cube.uasset" 276
"E:/VRBlockchainGame/VRBlockchain_Base/Content/EtherlinkerExampleProject/Meshes/1M_Cube_Chamfer.uasset" 277
"E:/VRBlockchainGame/VRBlockchain_Base/Content/EtherlinkerExampleProject/Meshes/TemplateFloor.uasset" 278
"E:/VRBlockchainGame/VRBlockchain_Base/Content/EtherlinkerExampleProject/Textures/Props/Server_Terminal_01/T_Emissive_02.uasset" 279
"../../../Engine/Content/VREditor/LaserPointer/VR_LaserPower_01.uasset" 280
"../../../Engine/Content/VREditor/LaserPointer/LaserPointerMaterial.uasset" 281
"E:/VRBlockchainGame/VRBlockchain_Base/Content/Materials/LauncherGrenade_Mat.uasset" 282
"../../../Engine/Content/EngineMaterials/Grid_N.uasset" 283
"E:/VRBlockchainGame/VRBlockchain_Base/Content/Materials/BaseMaterial/M_TrackerBot.uasset" 284
"../../../Engine/Content/EngineMaterials/DefaultPhysicalMaterial.uasset" 285
"E:/VRBlockchainGame/VRBlockchain_Base/Content/Materials/M_TrackerBot_Inst.uasset" 286
"E:/VRBlockchainGame/VRBlockchain_Base/Content/Materials/Textures/T_Circle.uasset" 287
"E:/VRBlockchainGame/VRBlockchain_Base/Content/Meshes/TrackerBot_SM.uasset" 288
"E:/VRBlockchainGame/VRBlockchain_Base/Content/PickUps/Effects/clouds_dust_detail_01.uasset" 289
"E:/VRBlockchainGame/VRBlockchain_Base/Content/PickUps/Effects/Coin2.uasset" 290
"E:/VRBlockchainGame/VRBlockchain_Base/Content/PickUps/Effects/gold_ore_circle2.uasset" 291
"E:/VRBlockchainGame/VRBlockchain_Base/Content/PickUps/Effects/gold_ore_effect.uasset" 292
"E:/VRBlockchainGame/VRBlockchain_Base/Content/PickUps/Effects/m_flare_03.uasset" 293
"E:/VRBlockchainGame/VRBlockchain_Base/Content/PickUps/Effects/M_single_ray_01.uasset" 294
"E:/VRBlockchainGame/VRBlockchain_Base/Content/PickUps/Effects/M_Volumetric_Streaks.uasset" 295
"E:/VRBlockchainGame/VRBlockchain_Base/Content/PickUps/Effects/M_wind_swirl_02.uasset" 296
"E:/VRBlockchainGame/VRBlockchain_Base/Content/PickUps/Effects/P_gold_ore_appearance.uasset" 297
"E:/VRBlockchainGame/VRBlockchain_Base/Content/PickUps/Effects/P_gold_ore_aura.uasset" 298
"E:/VRBlockchainGame/VRBlockchain_Base/Content/PickUps/Effects/P_gold_ore_lost.uasset" 299
"E:/VRBlockchainGame/VRBlockchain_Base/Content/PickUps/Effects/P_gold_ore_received.uasset" 300
"E:/VRBlockchainGame/VRBlockchain_Base/Content/PickUps/Effects/round_mask.uasset" 301
"E:/VRBlockchainGame/VRBlockchain_Base/Content/PickUps/Effects/SM_plane_pivot_down.uasset" 302
"E:/VRBlockchainGame/VRBlockchain_Base/Content/PickUps/Effects/sunflare.uasset" 303
"E:/VRBlockchainGame/VRBlockchain_Base/Content/PickUps/Effects/S_SandSwirl.uasset" 304
"E:/VRBlockchainGame/VRBlockchain_Base/Content/PickUps/Effects/T_Fire_tile.uasset" 305
"E:/VRBlockchainGame/VRBlockchain_Base/Content/PickUps/Effects/T_Flame_Tile.uasset" 306
"E:/VRBlockchainGame/VRBlockchain_Base/Content/PickUps/Effects/T_MeshFire_Mask.uasset" 307
"E:/VRBlockchainGame/VRBlockchain_Base/Content/PickUps/Effects/T_Smoke2_Tile.uasset" 308
"E:/VRBlockchainGame/VRBlockchain_Base/Content/PickUps/Images/T_CircleMask.uasset" 309
"E:/VRBlockchainGame/VRBlockchain_Base/Content/PickUps/Images/T_CircleMask2.uasset" 310
"E:/VRBlockchainGame/VRBlockchain_Base/Content/PickUps/Materials/M_PowerUp.uasset" 311
"E:/VRBlockchainGame/VRBlockchain_Base/Content/PickUps/Materials/MI_SpeedPowerUp.uasset" 312
"E:/VRBlockchainGame/VRBlockchain_Base/Content/PickUps/Materials/M_PowerUpDecal_Inst.uasset" 313
"E:/VRBlockchainGame/VRBlockchain_Base/Content/PickUps/Sounds/Pickup_ammo.uasset" 314
"E:/VRBlockchainGame/VRBlockchain_Base/Content/PickUps/Sounds/Pickup_powerup.uasset" 315
"E:/VRBlockchainGame/VRBlockchain_Base/Content/PickUps/Sounds/Pickup_weapon.uasset" 316
"E:/VRBlockchainGame/VRBlockchain_Base/Content/PickUps/Sounds/powerdown_01.uasset" 317
"E:/VRBlockchainGame/VRBlockchain_Base/Content/PickUps/Sounds/powerdown_02.uasset" 318
"E:/VRBlockchainGame/VRBlockchain_Base/Content/PickUps/Sounds/powerup_loop_01.uasset" 319
"E:/VRBlockchainGame/VRBlockchain_Base/Content/PickUps/Sounds/powerup_loop_02.uasset" 320
"E:/VRBlockchainGame/VRBlockchain_Base/Content/PickUps/Sounds/respawn_01.uasset" 321
"E:/VRBlockchainGame/VRBlockchain_Base/Content/Sounds/TrackerSounds/ball_roll_01g.uasset" 322
"E:/VRBlockchainGame/VRBlockchain_Base/Content/Sounds/TrackerSounds/ball_roll_02_loop.uasset" 323
"E:/VRBlockchainGame/VRBlockchain_Base/Content/Sounds/TrackerSounds/ball_roll_03_loop.uasset" 324
"E:/VRBlockchainGame/VRBlockchain_Base/Content/Sounds/TrackerSounds/ball_roll_04_loop.uasset" 325
"E:/VRBlockchainGame/VRBlockchain_Base/Content/Sounds/TrackerSounds/ball_roll_04_loop_Cue.uasset" 326
"E:/VRBlockchainGame/VRBlockchain_Base/Content/Sounds/TrackerSounds/Detonate01.uasset" 327
"E:/VRBlockchainGame/VRBlockchain_Base/Content/Sounds/TrackerSounds/Detonate01_Cue.uasset" 328
"E:/VRBlockchainGame/VRBlockchain_Base/Content/Sounds/TrackerSounds/DroneTracker_idle.uasset" 329
"E:/VRBlockchainGame/VRBlockchain_Base/Content/Sounds/TrackerSounds/DroneTracker_spotted.uasset" 330
"E:/VRBlockchainGame/VRBlockchain_Base/Content/UI/bullet.uasset" 331
"E:/VRBlockchainGame/VRBlockchain_Base/Content/Weapons/Textures/Accessories/T_V_Grip_ALB.uasset" 332
"E:/VRBlockchainGame/VRBlockchain_Base/Content/Weapons/Textures/Accessories/T_V_Grip_M_MSK.uasset" 333
"E:/VRBlockchainGame/VRBlockchain_Base/Content/Weapons/Textures/Accessories/T_V_Grip_NRM.uasset" 334
"E:/VRBlockchainGame/VRBlockchain_Base/Content/Weapons/Materials/Accessories/M_V_Grip.uasset" 335
"E:/VRBlockchainGame/VRBlockchain_Base/Content/Weapons/Materials/Accessories/M_V_Grip_Green.uasset" 336
"E:/VRBlockchainGame/VRBlockchain_Base/Content/Weapons/Textures/KA47/T_KA47_Gold_ALB.uasset" 337
"E:/VRBlockchainGame/VRBlockchain_Base/Content/Weapons/Textures/KA47/T_KA47_Gold_M_MSK.uasset" 338
"E:/VRBlockchainGame/VRBlockchain_Base/Content/Weapons/Textures/KA47/T_KA47_NRM.uasset" 339
"E:/VRBlockchainGame/VRBlockchain_Base/Content/Weapons/Materials/Ka47/M_KA47_Gold.uasset" 340
"E:/VRBlockchainGame/VRBlockchain_Base/Content/Weapons/Textures/KA47/T_KA47_ALB.uasset" 341
"E:/VRBlockchainGame/VRBlockchain_Base/Content/Weapons/Textures/KA47/T_KA47_M_MSK.uasset" 342
"E:/VRBlockchainGame/VRBlockchain_Base/Content/Weapons/Materials/Ka47/M_KA47.uasset" 343
"E:/VRBlockchainGame/VRBlockchain_Base/Content/Weapons/Materials/Ka47/M_KA47_Pattern.uasset" 344
"E:/VRBlockchainGame/VRBlockchain_Base/Content/Weapons/Materials/KA74U/M_KA74U.uasset" 345
"E:/VRBlockchainGame/VRBlockchain_Base/Content/Weapons/Textures/KA74U/T_KA74U_Gold_ALB.uasset" 346
"E:/VRBlockchainGame/VRBlockchain_Base/Content/Weapons/Textures/KA74U/T_KA74U_Gold_M_MSK.uasset" 347
"E:/VRBlockchainGame/VRBlockchain_Base/Content/Weapons/Materials/KA74U/M_KA74U_Gold.uasset" 348
"E:/VRBlockchainGame/VRBlockchain_Base/Content/Weapons/Textures/Patterns/T_LeafSpray_Pattern.uasset" 349
"E:/VRBlockchainGame/VRBlockchain_Base/Content/Weapons/Materials/KA74U/M_KA74U_LeafSpray.uasset" 350
"E:/VRBlockchainGame/VRBlockchain_Base/Content/Weapons/Textures/RDS/T_RDS_01.uasset" 351
"E:/VRBlockchainGame/VRBlockchain_Base/Content/Weapons/Materials/Master_Material/M_RDS_Master.uasset" 352
"E:/VRBlockchainGame/VRBlockchain_Base/Content/Weapons/Materials/RDS/M_RDS_01.uasset" 353
"E:/VRBlockchainGame/VRBlockchain_Base/Content/Weapons/Textures/RDS/T_RDS_02.uasset" 354
"E:/VRBlockchainGame/VRBlockchain_Base/Content/Weapons/Materials/RDS/M_RDS_02.uasset" 355
"E:/VRBlockchainGame/VRBlockchain_Base/Content/Weapons/Textures/RDS/T_RDS_03.uasset" 356
"E:/VRBlockchainGame/VRBlockchain_Base/Content/Weapons/Materials/RDS/M_RDS_03.uasset" 357
"E:/VRBlockchainGame/VRBlockchain_Base/Content/Weapons/Textures/SMG11/T_SMG11_ALB.uasset" 358
"E:/VRBlockchainGame/VRBlockchain_Base/Content/Weapons/Textures/SMG11/T_SMG11_M_MSK.uasset" 359
"E:/VRBlockchainGame/VRBlockchain_Base/Content/Weapons/Textures/SMG11/T_SMG11_NRM.uasset" 360
"E:/VRBlockchainGame/VRBlockchain_Base/Content/Weapons/Materials/SMG11/M_SMG11.uasset" 361
"E:/VRBlockchainGame/VRBlockchain_Base/Content/Weapons/Textures/Patterns/T_Urban_Marpat_Pattern.uasset" 362
"E:/VRBlockchainGame/VRBlockchain_Base/Content/Weapons/Materials/SMG11/M_SMG11_Camo.uasset" 363
"E:/VRBlockchainGame/VRBlockchain_Base/Content/Weapons/Materials/SMG11/M_SMG11_Color.uasset" 364
"E:/VRBlockchainGame/VRBlockchain_Base/Content/Weapons/Textures/Accessories/T_Scope_25x56_ALB.uasset" 365
"E:/VRBlockchainGame/VRBlockchain_Base/Content/Weapons/Textures/Accessories/T_Scope_25x56_M_MSK.uasset" 366
"E:/VRBlockchainGame/VRBlockchain_Base/Content/Weapons/Textures/Accessories/T_Scope_25x56_NRM.uasset" 367
"E:/VRBlockchainGame/VRBlockchain_Base/Content/Weapons/Materials/Accessories/M_Scope_25x56.uasset" 368
"E:/VRBlockchainGame/VRBlockchain_Base/Content/Weapons/Textures/Accessories/T_Scope_25x56_Lens_ALB.uasset" 369
"E:/VRBlockchainGame/VRBlockchain_Base/Content/Weapons/Textures/Accessories/T_Scope_25x56_Lens_M_MSK.uasset" 370
"E:/VRBlockchainGame/VRBlockchain_Base/Content/Weapons/Materials/Master_Material/M_Scope_Lens_MASTER.uasset" 371
"E:/VRBlockchainGame/VRBlockchain_Base/Content/Weapons/Materials/Accessories/M_Scope_25x56_Lens.uasset" 372
"E:/VRBlockchainGame/VRBlockchain_Base/Content/Weapons/Meshes/Accessories/SM_Scope_25x56_X.uasset" 373
"E:/VRBlockchainGame/VRBlockchain_Base/Content/Weapons/Materials/Accessories/M_Scope_25x56_Lens_NoAlpha.uasset" 374
"E:/VRBlockchainGame/VRBlockchain_Base/Content/Weapons/Meshes/Accessories/SM_Scope_25x56_Y.uasset" 375
"E:/VRBlockchainGame/VRBlockchain_Base/Content/Weapons/Textures/Accessories/T_Suppressor5_ALB.uasset" 376
"E:/VRBlockchainGame/VRBlockchain_Base/Content/Weapons/Textures/Accessories/T_Suppressor5_M_MSK.uasset" 377
"E:/VRBlockchainGame/VRBlockchain_Base/Content/Weapons/Textures/Accessories/T_Suppressor5_NRM.uasset" 378
"E:/VRBlockchainGame/VRBlockchain_Base/Content/Weapons/Materials/Accessories/M_Suppressor5.uasset" 379
"E:/VRBlockchainGame/VRBlockchain_Base/Content/Weapons/Meshes/Accessories/SM_Suppressor5.uasset" 380
"E:/VRBlockchainGame/VRBlockchain_Base/Content/Weapons/Materials/RDS/M_RDS_Glass.uasset" 381
"E:/VRBlockchainGame/VRBlockchain_Base/Content/Weapons/Textures/Accessories/T_Tc4_ALB.uasset" 382
"E:/VRBlockchainGame/VRBlockchain_Base/Content/Weapons/Textures/Accessories/T_Tc4_M_MSK.uasset" 383
"E:/VRBlockchainGame/VRBlockchain_Base/Content/Weapons/Textures/Accessories/T_Tc4_NRM.uasset" 384
"E:/VRBlockchainGame/VRBlockchain_Base/Content/Weapons/Materials/Accessories/M_Tc4_Sight.uasset" 385
"E:/VRBlockchainGame/VRBlockchain_Base/Content/Weapons/Meshes/Accessories/SM_T4_Sight.uasset" 386
"E:/VRBlockchainGame/VRBlockchain_Base/Content/Weapons/Meshes/Accessories/SM_Vertgrip.uasset" 387
"E:/VRBlockchainGame/VRBlockchain_Base/Content/Weapons/Textures/Ammunition/T_12Gauge_ALB.uasset" 388
"E:/VRBlockchainGame/VRBlockchain_Base/Content/Weapons/Textures/Ammunition/T_12Gauge_M_MSK.uasset" 389
"E:/VRBlockchainGame/VRBlockchain_Base/Content/Weapons/Textures/Ammunition/T_12Gauge_NRM.uasset" 390
"E:/VRBlockchainGame/VRBlockchain_Base/Content/Weapons/Materials/Ammunition/M_Ammo_12gauge.uasset" 391
"E:/VRBlockchainGame/VRBlockchain_Base/Content/Weapons/Meshes/Ammunition/SM_Shell_12Gauge.uasset" 392
"E:/VRBlockchainGame/VRBlockchain_Base/Content/Weapons/Meshes/Ammunition/SM_Shell_12Gauge_Empty.uasset" 393
"E:/VRBlockchainGame/VRBlockchain_Base/Content/Weapons/Meshes/Ammunition/SM_Shell_40mm_G_Empty.uasset" 394
"E:/VRBlockchainGame/VRBlockchain_Base/Content/Weapons/Textures/Ammunition/T_45ap_ALB.uasset" 395
"E:/VRBlockchainGame/VRBlockchain_Base/Content/Weapons/Textures/Ammunition/T_45ap_M_MSK.uasset" 396
"E:/VRBlockchainGame/VRBlockchain_Base/Content/Weapons/Textures/Ammunition/T_45ap_NRM.uasset" 397
"E:/VRBlockchainGame/VRBlockchain_Base/Content/Weapons/Materials/Ammunition/M_45ap.uasset" 398
"E:/VRBlockchainGame/VRBlockchain_Base/Content/Weapons/Meshes/Ammunition/SM_Shell_45ap.uasset" 399
"E:/VRBlockchainGame/VRBlockchain_Base/Content/Weapons/Meshes/Ammunition/SM_Shell_45ap_Empty.uasset" 400
"E:/VRBlockchainGame/VRBlockchain_Base/Content/Weapons/Meshes/Ammunition/SM_Shell_545x39.uasset" 401
"E:/VRBlockchainGame/VRBlockchain_Base/Content/Weapons/Meshes/Ammunition/SM_Shell_545x39_Empty.uasset" 402
"E:/VRBlockchainGame/VRBlockchain_Base/Content/Weapons/Meshes/Ammunition/SM_Shell_556x45.uasset" 403
"E:/VRBlockchainGame/VRBlockchain_Base/Content/Weapons/Meshes/Ammunition/SM_Shell_556x45_Empty.uasset" 404
"E:/VRBlockchainGame/VRBlockchain_Base/Content/Weapons/Meshes/Ammunition/SM_Shell_762x39.uasset" 405
"E:/VRBlockchainGame/VRBlockchain_Base/Content/Weapons/Meshes/Ammunition/SM_Shell_762x39_Empty.uasset" 406
"E:/VRBlockchainGame/VRBlockchain_Base/Content/Weapons/Meshes/Ammunition/SM_Shell_762x51.uasset" 407
"E:/VRBlockchainGame/VRBlockchain_Base/Content/Weapons/Meshes/Ammunition/SM_Shell_762x51_Empty.uasset" 408
"E:/VRBlockchainGame/VRBlockchain_Base/Content/Weapons/Textures/Ammunition/T_9mm_ALB.uasset" 409
"E:/VRBlockchainGame/VRBlockchain_Base/Content/Weapons/Textures/Ammunition/T_9mm_M_MSK.uasset" 410
"E:/VRBlockchainGame/VRBlockchain_Base/Content/Weapons/Textures/Ammunition/T_9mm_NRM.uasset" 411
"E:/VRBlockchainGame/VRBlockchain_Base/Content/Weapons/Materials/Ammunition/M_9mm.uasset" 412
"E:/VRBlockchainGame/VRBlockchain_Base/Content/Weapons/Meshes/Ammunition/SM_Shell_9mm.uasset" 413
"E:/VRBlockchainGame/VRBlockchain_Base/Content/Weapons/Meshes/Ammunition/SM_Shell_9mm_Empty.uasset" 414
"E:/VRBlockchainGame/VRBlockchain_Base/Content/Weapons/Textures/Ammunition/T_9x18_ALB.uasset" 415
"E:/VRBlockchainGame/VRBlockchain_Base/Content/Weapons/Textures/Ammunition/T_9x18_M_MSK.uasset" 416
"E:/VRBlockchainGame/VRBlockchain_Base/Content/Weapons/Textures/Ammunition/T_9x18_NRM.uasset" 417
"E:/VRBlockchainGame/VRBlockchain_Base/Content/Weapons/Materials/Ammunition/M_9x18.uasset" 418
"E:/VRBlockchainGame/VRBlockchain_Base/Content/Weapons/Meshes/Ammunition/SM_Shell_9x18.uasset" 419
"E:/VRBlockchainGame/VRBlockchain_Base/Content/Weapons/Meshes/Ammunition/SM_Shell_9x18_Empty.uasset" 420
"E:/VRBlockchainGame/VRBlockchain_Base/Content/Weapons/Meshes/AR4/SK_AR4_X_Physics.uasset" 421
"E:/VRBlockchainGame/VRBlockchain_Base/Content/Weapons/Meshes/AR4/SK_AR4_X_Skeleton.uasset" 422
"E:/VRBlockchainGame/VRBlockchain_Base/Content/Weapons/Meshes/AR4/SK_AR4_X.uasset" 423
"E:/VRBlockchainGame/VRBlockchain_Base/Content/Weapons/Meshes/AR4/SM_AR4.uasset" 424
"E:/VRBlockchainGame/VRBlockchain_Base/Content/Weapons/Meshes/AR4/SM_AR4_Mag.uasset" 425
"E:/VRBlockchainGame/VRBlockchain_Base/Content/Weapons/Meshes/AR4/SM_AR4_Mag_Empty.uasset" 426
"E:/VRBlockchainGame/VRBlockchain_Base/Content/Weapons/Meshes/AR4/SM_AR4_X.uasset" 427
"E:/VRBlockchainGame/VRBlockchain_Base/Content/Weapons/Textures/G67_Grenade/T_G67_ALB.uasset" 428
"E:/VRBlockchainGame/VRBlockchain_Base/Content/Weapons/Textures/G67_Grenade/T_G67_M_MSK.uasset" 429
"E:/VRBlockchainGame/VRBlockchain_Base/Content/Weapons/Textures/G67_Grenade/T_G67_NRM.uasset" 430
"E:/VRBlockchainGame/VRBlockchain_Base/Content/Weapons/Materials/G67_Grenade/M_G67.uasset" 431
"E:/VRBlockchainGame/VRBlockchain_Base/Content/Weapons/Meshes/G67_Grenade/SK_G67_Physics.uasset" 432
"E:/VRBlockchainGame/VRBlockchain_Base/Content/Weapons/Meshes/G67_Grenade/SK_G67_Skeleton.uasset" 433
"E:/VRBlockchainGame/VRBlockchain_Base/Content/Weapons/Meshes/G67_Grenade/SK_G67.uasset" 434
"E:/VRBlockchainGame/VRBlockchain_Base/Content/Weapons/Meshes/G67_Grenade/SK_G67_X_Physics.uasset" 435
"E:/VRBlockchainGame/VRBlockchain_Base/Content/Weapons/Meshes/G67_Grenade/SK_G67_X_Skeleton.uasset" 436
"E:/VRBlockchainGame/VRBlockchain_Base/Content/Weapons/Meshes/G67_Grenade/SK_G67_X.uasset" 437
"E:/VRBlockchainGame/VRBlockchain_Base/Content/Weapons/Meshes/G67_Grenade/SM_G67.uasset" 438
"E:/VRBlockchainGame/VRBlockchain_Base/Content/Weapons/Meshes/G67_Grenade/SM_G67_Thrown.uasset" 439
"E:/VRBlockchainGame/VRBlockchain_Base/Content/Weapons/Meshes/G67_Grenade/SM_G67_X.uasset" 440
"E:/VRBlockchainGame/VRBlockchain_Base/Content/Weapons/Meshes/Ka47/SK_KA47_Physics.uasset" 441
"E:/VRBlockchainGame/VRBlockchain_Base/Content/Weapons/Meshes/Ka47/SK_KA47_Skeleton.uasset" 442
"E:/VRBlockchainGame/VRBlockchain_Base/Content/Weapons/Meshes/Ka47/SK_KA47.uasset" 443
"E:/VRBlockchainGame/VRBlockchain_Base/Content/Weapons/Meshes/Ka47/SK_KA47_X_Physics.uasset" 444
"E:/VRBlockchainGame/VRBlockchain_Base/Content/Weapons/Meshes/Ka47/SK_KA47_X_Skeleton.uasset" 445
"E:/VRBlockchainGame/VRBlockchain_Base/Content/Weapons/Meshes/Ka47/SK_KA47_X.uasset" 446
"E:/VRBlockchainGame/VRBlockchain_Base/Content/Weapons/Meshes/Ka47/SM_KA47.uasset" 447
"E:/VRBlockchainGame/VRBlockchain_Base/Content/Weapons/Meshes/Ka47/SM_KA47_Mag.uasset" 448
"E:/VRBlockchainGame/VRBlockchain_Base/Content/Weapons/Meshes/Ka47/SM_KA47_Mag_Empty.uasset" 449
"E:/VRBlockchainGame/VRBlockchain_Base/Content/Weapons/Meshes/Ka47/SM_KA47_X.uasset" 450
"E:/VRBlockchainGame/VRBlockchain_Base/Content/Weapons/Meshes/KA74U/SK_KA74U_X_Physics.uasset" 451
"E:/VRBlockchainGame/VRBlockchain_Base/Content/Weapons/Meshes/KA74U/SK_KA74U_X_Skeleton.uasset" 452
"E:/VRBlockchainGame/VRBlockchain_Base/Content/Weapons/Meshes/KA74U/SK_KA74U_X.uasset" 453
"E:/VRBlockchainGame/VRBlockchain_Base/Content/Weapons/Meshes/KA74U/SK_KA74U_Y_Physics.uasset" 454
"E:/VRBlockchainGame/VRBlockchain_Base/Content/Weapons/Meshes/KA74U/SK_KA74U_Y_Skeleton.uasset" 455
"E:/VRBlockchainGame/VRBlockchain_Base/Content/Weapons/Meshes/KA74U/SK_KA74U_Y.uasset" 456
"E:/VRBlockchainGame/VRBlockchain_Base/Content/Weapons/Meshes/KA74U/SM_KA74U_Mag_Empty_X.uasset" 457
"E:/VRBlockchainGame/VRBlockchain_Base/Content/Weapons/Meshes/KA74U/SM_KA74U_Mag_Empty_Y.uasset" 458
"E:/VRBlockchainGame/VRBlockchain_Base/Content/Weapons/Meshes/KA74U/SM_KA74U_Mag_X.uasset" 459
"E:/VRBlockchainGame/VRBlockchain_Base/Content/Weapons/Meshes/KA74U/SM_KA74U_Mag_Y.uasset" 460
"E:/VRBlockchainGame/VRBlockchain_Base/Content/Weapons/Meshes/KA74U/SM_KA74U_X.uasset" 461
"E:/VRBlockchainGame/VRBlockchain_Base/Content/Weapons/Meshes/KA74U/SM_KA74U_Y.uasset" 462
"E:/VRBlockchainGame/VRBlockchain_Base/Content/Weapons/Meshes/KA_Val/SK_KA_Val_X_Physics.uasset" 463
"E:/VRBlockchainGame/VRBlockchain_Base/Content/Weapons/Meshes/KA_Val/SK_KA_Val_X_Skeleton.uasset" 464
"E:/VRBlockchainGame/VRBlockchain_Base/Content/Weapons/Meshes/KA_Val/SK_KA_Val_X.uasset" 465
"E:/VRBlockchainGame/VRBlockchain_Base/Content/Weapons/Meshes/KA_Val/SM_KA_Val_MAG_Loaded_Y.uasset" 466
"E:/VRBlockchainGame/VRBlockchain_Base/Content/Weapons/Meshes/KA_Val/SM_KA_Val_Mag_X.uasset" 467
"E:/VRBlockchainGame/VRBlockchain_Base/Content/Weapons/Meshes/KA_Val/SM_KA_Val_Mag_Y.uasset" 468
"E:/VRBlockchainGame/VRBlockchain_Base/Content/Weapons/Meshes/KA_Val/SM_KA_Val_X.uasset" 469
"E:/VRBlockchainGame/VRBlockchain_Base/Content/Weapons/Meshes/KA_Val/SM_KA_Val_Y.uasset" 470
"E:/VRBlockchainGame/VRBlockchain_Base/Content/Weapons/Textures/M9_Knife/T_M9_ALB.uasset" 471
"E:/VRBlockchainGame/VRBlockchain_Base/Content/Weapons/Textures/M9_Knife/T_M9_M_MSK.uasset" 472
"E:/VRBlockchainGame/VRBlockchain_Base/Content/Weapons/Textures/M9_Knife/T_M9_NRM.uasset" 473
"E:/VRBlockchainGame/VRBlockchain_Base/Content/Weapons/Materials/M9_Knife/M_M9_Knife.uasset" 474
"E:/VRBlockchainGame/VRBlockchain_Base/Content/Weapons/Meshes/M9_Knife/SK_M9_Knife_Physics.uasset" 475
"E:/VRBlockchainGame/VRBlockchain_Base/Content/Weapons/Meshes/M9_Knife/SK_M9_Knife_Skeleton.uasset" 476
"E:/VRBlockchainGame/VRBlockchain_Base/Content/Weapons/Meshes/M9_Knife/SK_M9_Knife.uasset" 477
"E:/VRBlockchainGame/VRBlockchain_Base/Content/Weapons/Meshes/M9_Knife/SK_M9_Knife_X_Physics.uasset" 478
"E:/VRBlockchainGame/VRBlockchain_Base/Content/Weapons/Meshes/M9_Knife/SK_M9_Knife_X_Skeleton.uasset" 479
"E:/VRBlockchainGame/VRBlockchain_Base/Content/Weapons/Meshes/M9_Knife/SK_M9_Knife_X.uasset" 480
"E:/VRBlockchainGame/VRBlockchain_Base/Content/Weapons/Meshes/M9_Knife/SM_M9_Knife.uasset" 481
"E:/VRBlockchainGame/VRBlockchain_Base/Content/Weapons/Meshes/M9_Knife/SM_M9_Knife_X.uasset" 482
"E:/VRBlockchainGame/VRBlockchain_Base/Content/Weapons/Textures/SMG11/T_SMG11_Rem_ALB.uasset" 483
"E:/VRBlockchainGame/VRBlockchain_Base/Content/Weapons/Textures/SMG11/T_SMG11_Rem_M_MSK.uasset" 484
"E:/VRBlockchainGame/VRBlockchain_Base/Content/Weapons/Textures/SMG11/T_SMG11_Rem_NRM.uasset" 485
"E:/VRBlockchainGame/VRBlockchain_Base/Content/Weapons/Materials/SMG11/M_SMG11_Rem.uasset" 486
"E:/VRBlockchainGame/VRBlockchain_Base/Content/Weapons/Meshes/SMG11/SK_SMG11_Nostock_X_Physics.uasset" 487
"E:/VRBlockchainGame/VRBlockchain_Base/Content/Weapons/Meshes/SMG11/SK_SMG11_Nostock_X_Skeleton.uasset" 488
"E:/VRBlockchainGame/VRBlockchain_Base/Content/Weapons/Meshes/SMG11/SK_SMG11_Nostock_X.uasset" 489
"E:/VRBlockchainGame/VRBlockchain_Base/Content/Weapons/Meshes/SMG11/SK_SMG11_Nostock_Y_Physics.uasset" 490
"E:/VRBlockchainGame/VRBlockchain_Base/Content/Weapons/Meshes/SMG11/SK_SMG11_Nostock_Y_Skeleton.uasset" 491
"E:/VRBlockchainGame/VRBlockchain_Base/Content/Weapons/Meshes/SMG11/SK_SMG11_Nostock_Y.uasset" 492
"E:/VRBlockchainGame/VRBlockchain_Base/Content/Weapons/Meshes/SMG11/SK_SMG11_X_Physics.uasset" 493
"E:/VRBlockchainGame/VRBlockchain_Base/Content/Weapons/Meshes/SMG11/SK_SMG11_X_Skeleton.uasset" 494
"E:/VRBlockchainGame/VRBlockchain_Base/Content/Weapons/Meshes/SMG11/SK_SMG11_X.uasset" 495
"E:/VRBlockchainGame/VRBlockchain_Base/Content/Weapons/Meshes/SMG11/SK_SMG11_Y_Physics.uasset" 496
"E:/VRBlockchainGame/VRBlockchain_Base/Content/Weapons/Meshes/SMG11/SK_SMG11_Y_Skeleton.uasset" 497
"E:/VRBlockchainGame/VRBlockchain_Base/Content/Weapons/Meshes/SMG11/SK_SMG11_Y.uasset" 498
"E:/VRBlockchainGame/VRBlockchain_Base/Content/Weapons/Meshes/SMG11/SM_SMG11_Mag_Empty_X.uasset" 499
"E:/VRBlockchainGame/VRBlockchain_Base/Content/Weapons/Meshes/SMG11/SM_SMG11_Mag_Empty_Y.uasset" 500
"E:/VRBlockchainGame/VRBlockchain_Base/Content/Weapons/Meshes/SMG11/SM_SMG11_Mag_X.uasset" 501
"E:/VRBlockchainGame/VRBlockchain_Base/Content/Weapons/Meshes/SMG11/SM_SMG11_Nostock_X.uasset" 502
"E:/VRBlockchainGame/VRBlockchain_Base/Content/Weapons/Meshes/SMG11/SM_SMG11_Nostock_Y.uasset" 503
"E:/VRBlockchainGame/VRBlockchain_Base/Content/Weapons/Meshes/SMG11/SM_SMG11_X.uasset" 504
"E:/VRBlockchainGame/VRBlockchain_Base/Content/Weapons/Meshes/SMG11/SM_SMG11_Y.uasset" 505
"E:/VRBlockchainGame/VRBlockchain_Base/Content/Weapons/Textures/Patterns/T_80s_Pattern.uasset" 506
"E:/VRBlockchainGame/VRBlockchain_Base/Content/Weapons/Textures/Patterns/T_Chochip_Pattern.uasset" 507
"E:/VRBlockchainGame/VRBlockchain_Base/Content/Weapons/Textures/Patterns/T_Cracks_Pattern.uasset" 508
"E:/VRBlockchainGame/VRBlockchain_Base/Content/Weapons/Textures/Patterns/T_Hexagon_Pattern.uasset" 509
"E:/VRBlockchainGame/VRBlockchain_Base/Content/Weapons/Textures/Patterns/T_Ink_Pattern.uasset" 510
"E:/VRBlockchainGame/VRBlockchain_Base/Content/Weapons/Textures/Patterns/T_Net01_Pattern.uasset" 511
"E:/VRBlockchainGame/VRBlockchain_Base/Content/Weapons/Textures/Patterns/T_W90K_Pattern.uasset" 512
"E:/VRBlockchainGame/VRBlockchain_Base/Content/Weapons/Textures/Patterns/T_W90_Pattern.uasset" 513
"../../../Engine/Content/Animation/DefaultAnimCurveCompressionSettings.uasset" 514
"../../../Engine/Content/ArtTools/RenderToTexture/Meshes/S_1_Unit_Plane.uasset" 515
"../../../Engine/Content/EngineMaterials/DefaultMaterial.uasset" 516
"../../../Engine/Content/BasicShapes/Cone.uasset" 517
"../../../Engine/Content/EditorLandscapeResources/DataLayer.uasset" 518
"../../../Engine/Content/EditorMaterials/GizmoMaterial.uasset" 519
"../../../Engine/Content/EditorMaterials/MAT_Groups_Toggle.uasset" 520
"../../../Engine/Content/EditorMaterials/MAT_Groups_Visibility.uasset" 521
"../../../Engine/Content/EditorMaterials/PreviewShadowIndicator.uasset" 522
"../../../Engine/Content/EditorMaterials/PreviewShadowIndicatorMaterial.uasset" 523
"../../../Engine/Content/EditorMaterials/MatineeGroups/MAT_ColorTrack.uasset" 524
"../../../Engine/Content/EditorMaterials/MatineeGroups/MAT_Groups_Anim.uasset" 525
"../../../Engine/Content/EditorMaterials/MatineeGroups/MAT_Groups_AudioMaster.uasset" 526
"../../../Engine/Content/EditorMaterials/MatineeGroups/MAT_Groups_Director.uasset" 527
"../../../Engine/Content/EditorMaterials/MatineeGroups/MAT_Groups_Event.uasset" 528
"../../../Engine/Content/EditorMaterials/MatineeGroups/MAT_Groups_Fade.uasset" 529
"../../../Engine/Content/EditorMaterials/MatineeGroups/MAT_Groups_Float.uasset" 530
"../../../Engine/Content/EditorMaterials/MatineeGroups/MAT_Groups_Move.uasset" 531
"../../../Engine/Content/EditorMaterials/MatineeGroups/MAT_Groups_Slomo.uasset" 532
"../../../Engine/Content/EditorMaterials/MatineeGroups/MAT_Groups_Sound.uasset" 533
"../../../Engine/Content/EditorMaterials/MatineeGroups/MAT_Groups_Vector.uasset" 534
"../../../Engine/Content/EditorMaterials/ParticleSystems/PSysThumbnail_NoImage.uasset" 535
"../../../Engine/Content/EditorMaterials/ParticleSystems/PSysThumbnail_OOD.uasset" 536
"../../../Engine/Content/EditorMaterials/Camera/CineMat.uasset" 537
"../../../Engine/Content/EditorMaterials/Camera/MI_CineMat_Rig.uasset" 538
"../../../Engine/Content/EditorMeshes/Camera/SM_CraneRig_Arm.uasset" 539
"../../../Engine/Content/EditorMeshes/Camera/SM_CraneRig_Base.uasset" 540
"../../../Engine/Content/EditorMeshes/Camera/SM_CraneRig_Body.uasset" 541
"../../../Engine/Content/EditorMeshes/Camera/SM_CraneRig_Mount.uasset" 542
"../../../Engine/Content/EditorMeshes/Camera/SM_RailRig_Mount.uasset" 543
"../../../Engine/Content/EditorMeshes/Camera/SM_RailRig_Track.uasset" 544
"../../../Engine/Content/EditorResources/BSPVertex.uasset" 545
"../../../Engine/Content/EditorResources/EmptyActor.uasset" 546
"../../../Engine/Content/EditorResources/S_Actor.uasset" 547
"../../../Engine/Content/EditorResources/S_Note.uasset" 548
"../../../Engine/Content/EditorResources/S_Solver.uasset" 549
"../../../Engine/Content/EditorResources/S_Trigger.uasset" 550
"../../../Engine/Content/EditorResources/AudioIcons/S_AudioComponent_AutoActivate.uasset" 551
"../../../Engine/Content/EditorResources/LightIcons/S_LightError.uasset" 552
"../../../Engine/Content/EditorResources/SequenceRecorder/Countdown.uasset" 553
"../../../Engine/Content/EditorResources/SequenceRecorder/RecordingIndicator.uasset" 554
"../../../Engine/Content/EditorSounds/Notifications/CompileFailed.uasset" 555
"../../../Engine/Content/EditorSounds/Notifications/CompileFailed_Cue.uasset" 556
"../../../Engine/Content/EditorSounds/Notifications/CompileSuccess.uasset" 557
"../../../Engine/Content/EditorSounds/Notifications/CompileStart_Cue.uasset" 558
"../../../Engine/Content/EditorSounds/Notifications/CompileSuccess_Cue.uasset" 559
"../../../Engine/Content/EngineDamageTypes/DmgTypeBP_Environmental.uasset" 560
"../../../Engine/Content/EngineDebugMaterials/HeatmapGradient.uasset" 561
"../../../Engine/Content/EngineDebugMaterials/BoneWeightMaterial.uasset" 562
"../../../Engine/Content/EngineDebugMaterials/ClothMaterial.uasset" 563
"../../../Engine/Content/EngineDebugMaterials/ClothMaterial_WF.uasset" 564
"../../../Engine/Content/EngineDebugMaterials/DebugEditorMaterial.uasset" 565
"../../../Engine/Content/EngineDebugMaterials/DebugMeshMaterial.uasset" 566
"../../../Engine/Content/EngineDebugMaterials/GeomMaterial.uasset" 567
"../../../Engine/Content/EngineDebugMaterials/M_SimpleTranslucent.uasset" 568
"../../../Engine/Content/Functions/Engine_MaterialFunctions02/Utility/CameraDirectionVector.uasset" 569
"../../../Engine/Content/EngineDebugMaterials/VolumeToRender.uasset" 570
"../../../Engine/Content/EngineDebugMaterials/M_VolumeRenderSphereTracePP.uasset" 571
"../../../Engine/Content/EngineDebugMaterials/WireframeMaterial.uasset" 572
"../../../Engine/Content/EngineMaterials/BaseFlattenDiffuseMap.uasset" 573
"../../../Engine/Content/EngineMaterials/BaseFlattenEmissiveMap.uasset" 574
"../../../Engine/Content/EngineMaterials/BaseFlattenGrayscaleMap.uasset" 575
"../../../Engine/Content/EngineMaterials/BaseFlattenNormalMap.uasset" 576
"../../../Engine/Content/EngineMaterials/BaseFlattenMaterial.uasset" 577
"../../../Engine/Content/EngineMaterials/BlueNoise.uasset" 578
"../../../Engine/Content/EngineMaterials/DefaultBloomKernel.uasset" 579
"../../../Engine/Content/EngineMaterials/DefaultBokeh.uasset" 580
"../../../Engine/Content/EngineMaterials/DefaultDiffuse.uasset" 581
"../../../Engine/Content/EngineMaterials/DefaultDeferredDecalMaterial.uasset" 582
"../../../Engine/Content/EngineMaterials/DefaultLightFunctionMaterial.uasset" 583
"../../../Engine/Content/Functions/Engine_MaterialFunctions02/Utility/BreakOutFloat2Components.uasset" 584
"../../../Engine/Content/EngineMaterials/DefaultPostProcessMaterial.uasset" 585
"../../../Engine/Content/EngineMaterials/DefaultVirtualTextureMaterial.uasset" 586
"../../../Engine/Content/EngineMaterials/EditorBrushMaterial.uasset" 587
"../../../Engine/Content/EngineMaterials/DefaultWhiteGrid_Low.uasset" 588
"../../../Engine/Content/EngineMaterials/EmissiveMeshMaterial.uasset" 589
"../../../Engine/Content/EngineMaterials/MiniFont.uasset" 590
"../../../Engine/Content/EngineMaterials/InvalidLightmapSettings.uasset" 591
"../../../Engine/Content/EngineMaterials/M_InvalidLightmapSettings.uasset" 592
"../../../Engine/Content/Functions/Engine_MaterialFunctions02/WorldPositionOffset/CameraOffset.uasset" 593
"../../../Engine/Content/EngineMaterials/PhAT_JointLimitMaterial.uasset" 594
"../../../Engine/Content/EngineMaterials/PreintegratedSkinBRDF.uasset" 595
"../../../Engine/Content/EngineMaterials/RemoveSurfaceMaterial.uasset" 596
"../../../Engine/Content/EngineMaterials/WeightMapPlaceholderTexture.uasset" 597
"../../../Engine/Content/EngineResources/WhiteSquareTexture.uasset" 598
"../../../Engine/Content/EngineMaterials/Widget3DPassThrough.uasset" 599
"../../../Engine/Content/EngineMaterials/Widget3DPassThrough_Masked.uasset" 600
"../../../Engine/Content/EngineMaterials/Widget3DPassThrough_Opaque.uasset" 601
"../../../Engine/Content/EngineMaterials/Widget3DPassThrough_Masked_OneSided.uasset" 602
"../../../Engine/Content/EngineMaterials/Widget3DPassThrough_Opaque_OneSided.uasset" 603
"../../../Engine/Content/EngineMaterials/Widget3DPassThrough_Translucent.uasset" 604
"../../../Engine/Content/EngineMaterials/Widget3DPassThrough_Translucent_OneSided.uasset" 605
"../../../Engine/Content/EngineMeshes/Cylinder.uasset" 606
"../../../Engine/Content/EngineMeshes/Sphere.uasset" 607
"../../../Engine/Content/EngineResources/Black.uasset" 608
"../../../Engine/Content/EngineResources/DefaultTexture.uasset" 609
"../../../Engine/Content/EngineResources/DefaultTextureCube.uasset" 610
"../../../Engine/Content/EngineResources/DefaultVolumeTexture2D.uasset" 611
"../../../Engine/Content/EngineResources/DefaultVolumeTexture.uasset" 612
"../../../Engine/Content/EngineResources/GradientTexture0.uasset" 613
"../../../Engine/Content/EngineSounds/Master.uasset" 614
"../../../Engine/Content/Functions/Engine_MaterialFunctions01/Shading/ConvertFromDiffSpec.uasset" 615
"../../../Engine/Content/Functions/Engine_MaterialFunctions01/Shading/PowerToRoughness.uasset" 616
"../../../Engine/Content/Maps/Templates/Thumbnails/Default.uasset" 617
"../../../Engine/Content/Maps/Templates/Thumbnails/VR-Basic.uasset" 618
"../../../Engine/Content/MobileResources/T_MobileControls_texture.uasset" 619
"../../../Engine/Content/MobileResources/T_MobileMenu2.uasset" 620
"../../../Engine/Content/MobileResources/HUD/AnalogHat.uasset" 621
"../../../Engine/Content/MobileResources/HUD/VirtualJoystick_Background.uasset" 622
"../../../Engine/Content/MobileResources/HUD/VirtualJoystick_Thumb.uasset" 623
"../../../Engine/Content/MobileResources/HUD/DefaultVirtualJoysticks.uasset" 624
"../../../Engine/Content/MobileResources/HUD/LeftVirtualJoystickOnly.uasset" 625
"../../../Engine/Content/MobileResources/HUD/MobileHUDButton1_off.uasset" 626
"../../../Engine/Content/MobileResources/HUD/MobileHUDButton1_on.uasset" 627
"../../../Engine/Content/MobileResources/HUD/MobileHUDButton2_off.uasset" 628
"../../../Engine/Content/MobileResources/HUD/MobileHUDButton2_on.uasset" 629
"../../../Engine/Content/MobileResources/HUD/MobileHUDButton3.uasset" 630
"../../../Engine/Content/MobileResources/HUD/MobileHUDButtonFire.uasset" 631
"../../../Engine/Content/MobileResources/HUD/MobileHUDDirectionPad.uasset" 632
"../../../Engine/Content/MobileResources/HUD/MobileHUDDirectionPad2.uasset" 633
"../../../Engine/Content/MobileResources/HUD/MobileHUDDirectionPad3.uasset" 634
"../../../Engine/Content/MobileResources/HUD/MobileHUDDirectionStick.uasset" 635
"../../../Engine/Content/MobileResources/HUD/T_Castle_ThumbstickInner.uasset" 636
"../../../Engine/Content/MobileResources/HUD/T_Castle_ThumbstickOutter.uasset" 637
"../../../Engine/Content/Tutorial/ContentIntroCurve.uasset" 638
"../../../Engine/Content/Tutorial/Basics/LevelEditorAttract.uasset" 639
"../../../Engine/Content/Tutorial/Basics/TutorialAssets/icon_tab_Levels_40x.uasset" 640
"../../../Engine/Content/Tutorial/Basics/LevelEditorOverview.uasset" 641
"../../../Engine/Content/Tutorial/BlueprintTutorials/TutorialAssets/Blueprint_64x.uasset" 642
"../../../Engine/Content/Tutorial/BlueprintTutorials/BlueprintEditorTutorial.uasset" 643
"../../../Engine/Content/Tutorial/BlueprintTutorials/TutorialAssets/BlueprintInterface_64x.uasset" 644
"../../../Engine/Content/Tutorial/BlueprintTutorials/BlueprintInterfacesEditorOverview.uasset" 645
"../../../Engine/Content/Tutorial/BlueprintTutorials/TutorialAssets/Tutorial_BP_Interface.uasset" 646
"../../../Engine/Content/Tutorial/SubEditors/MaterialEditorTutorial.uasset" 647
"../../../Engine/Content/Tutorial/SubEditors/TutorialAssets/TutorialMaterial.uasset" 648
"../../../Engine/Content/VREditor/TransformGizmo/TransformGizmoMaterial.uasset" 649
"../../../Engine/Content/VREditor/TransformGizmo/TranslucentTransformGizmoMaterial.uasset" 650
"../../../Engine/Content/VREditor/TransformGizmo/BoundingBoxCorner.uasset" 651
"../../../Engine/Content/VREditor/TransformGizmo/BoundingBoxEdge.uasset" 652
"../../../Engine/Content/VREditor/TransformGizmo/PlaneTranslationHandle.uasset" 653
"../../../Engine/Content/VREditor/TransformGizmo/Main.uasset" 654
"../../../Engine/Content/VREditor/TransformGizmo/Xray.uasset" 655
"../../../Engine/Content/VREditor/TransformGizmo/SM_Sequencer_Key.uasset" 656
"../../../Engine/Content/VREditor/TransformGizmo/SM_Sequencer_Node.uasset" 657
"../../Plugins/2D/Paper2D/Content/PlaceholderTextures/DummySpriteTexture.uasset" 658
"../../Plugins/2D/Paper2D/Content/DummySprite.uasset" 659
"../../Plugins/2D/Paper2D/Content/DefaultPaperTerrainMaterial.uasset" 660
"../../Plugins/2D/Paper2D/Content/DummySpriteTexture.uasset" 661
"../../Plugins/2D/Paper2D/Content/DefaultSpriteMaterial.uasset" 662
"../../Plugins/2D/Paper2D/Content/MaskedUnlitSpriteMaterial.uasset" 663
"../../Plugins/2D/Paper2D/Content/OpaqueUnlitSpriteMaterial.uasset" 664
"../../Plugins/Runtime/Oculus/OculusVR/Content/OculusMR_RenderTarget.uasset" 665
"../../../Engine/Content/Functions/Engine_MaterialFunctions02/Utility/BreakOutFloat4Components.uasset" 666
"../../../Engine/Content/Functions/Engine_MaterialFunctions02/Utility/MakeFloat2.uasset" 667
"../../../Engine/Content/Functions/Engine_MaterialFunctions02/Utility/MakeFloat3.uasset" 668
"../../Plugins/Runtime/Oculus/OculusVR/Content/Materials/OculusMR_ChromaKey.uasset" 669
"../../Plugins/Runtime/Oculus/OculusVR/Content/Materials/OculusMR_ChromaKey_Lit.uasset" 670
"../../Plugins/Runtime/Oculus/OculusVR/Content/Materials/OculusMR_OpaqueColoredMaterial.uasset" 671
"../../Plugins/Runtime/Oculus/OculusVR/Content/Materials/OculusMR_WhiteMaterial.uasset" 672
"../../../Engine/Content/EngineSky/C_Sky_Cloud_Color.uasset" 673
"../../../Engine/Content/EngineSky/C_Sky_Horizon_Color.uasset" 674
"../../../Engine/Content/EngineSky/C_Sky_Zenith_Color.uasset" 675
"../../../Engine/Content/EngineSky/T_Sky_Blue.uasset" 676
"../../../Engine/Content/EngineSky/T_Sky_Clouds_M.uasset" 677
"../../../Engine/Content/EngineSky/T_Sky_Stars.uasset" 678
"../../../Engine/Content/EngineSky/M_Sky_Panning_Clouds2.uasset" 679
"../../../Engine/Content/EngineSky/SM_SkySphere.uasset" 680
"../../../Engine/Content/EngineSky/BP_Sky_Sphere.uasset" 681
"E:/VRBlockchainGame/VRBlockchain_Base/Content/Blueprint/Characters/BP_SpectatorPawn.uasset" 682
"E:/VRBlockchainGame/VRBlockchain_Base/Content/Blueprint/Core/BP_GameState.uasset" 683
"../../../Engine/Content/EditorBlueprintResources/ActorMacros.uasset" 684
"E:/VRBlockchainGame/VRBlockchain_Base/Content/EtherlinkerExampleProject/Blueprints/Player/Global/BP_AuthenticationDevice.uasset" 685
"E:/VRBlockchainGame/VRBlockchain_Base/Content/EtherlinkerExampleProject/Blueprints/Player/Global/BP_ERC721EntityInteractor.uasset" 686
"E:/VRBlockchainGame/VRBlockchain_Base/Content/EtherlinkerExampleProject/Blueprints/Player/Global/BP_EtherInteractor.uasset" 687
"E:/VRBlockchainGame/VRBlockchain_Base/Content/EtherlinkerExampleProject/Blueprints/Player/Global/BP_OperationTypes.uasset" 688
"E:/VRBlockchainGame/VRBlockchain_Base/Content/EtherlinkerExampleProject/Blueprints/Player/Global/BP_EtherInteractorComponent.uasset" 689
"E:/VRBlockchainGame/VRBlockchain_Base/Content/EtherlinkerExampleProject/Blueprints/Player/Global/BP_RWAOperationTypes.uasset" 690
"E:/VRBlockchainGame/VRBlockchain_Base/Content/EtherlinkerExampleProject/Blueprints/Player/Global/BP_RWAInteractorComponent.uasset" 691
"E:/VRBlockchainGame/VRBlockchain_Base/Content/EtherlinkerExampleProject/Blueprints/Player/Global/BP_PlayerState.uasset" 692
"E:/VRBlockchainGame/VRBlockchain_Base/Content/Blueprint/Core/BP_Gamemode.uasset" 693
"../../../Engine/Content/Functions/Engine_MaterialFunctions01/ImageAdjustment/BlurSampleOffsets.uasset" 694
"../../../Engine/Content/Functions/Engine_MaterialFunctions01/ImageAdjustment/CheapContrast_RGB.uasset" 695
"../../../Engine/Content/Functions/Engine_MaterialFunctions02/HueShift.uasset" 696
"../../../Engine/Content/Functions/Engine_MaterialFunctions02/Texturing/ScreenAlignedPixelToPixelUVs.uasset" 697
"../../../Engine/Content/EngineMaterials/Good64x64TilingNoiseHighFreq.uasset" 698
"../../../Engine/Content/Functions/Engine_MaterialFunctions02/Utility/DitherTemporalAA.uasset" 699
"E:/VRBlockchainGame/VRBlockchain_Base/Content/Materials/Textures/BaseTextures/B_N.uasset" 700
"E:/VRBlockchainGame/VRBlockchain_Base/Content/Materials/Textures/BaseTextures/BB_D.uasset" 701
"E:/VRBlockchainGame/VRBlockchain_Base/Content/Materials/Textures/BaseTextures/BG_D.uasset" 702
"E:/VRBlockchainGame/VRBlockchain_Base/Content/Materials/Textures/BaseTextures/T_MASK1.uasset" 703
"E:/VRBlockchainGame/VRBlockchain_Base/Content/Materials/Textures/BaseTextures/T_MASK2.uasset" 704
"E:/VRBlockchainGame/VRBlockchain_Base/Content/Materials/BaseMaterial/M_base.uasset" 705
"E:/VRBlockchainGame/VRBlockchain_Base/Content/Materials/Textures/T_Barrel01_D.uasset" 706
"E:/VRBlockchainGame/VRBlockchain_Base/Content/Materials/Textures/T_Barrel01_N.uasset" 707
"E:/VRBlockchainGame/VRBlockchain_Base/Content/Materials/Textures/T_Barrel01_SRM.uasset" 708
"E:/VRBlockchainGame/VRBlockchain_Base/Content/Materials/MI_ExplosiveBarrel.uasset" 709
"E:/VRBlockchainGame/VRBlockchain_Base/Content/Materials/MI_EXplosiveBarrel_Exploded.uasset" 710
"../../../Engine/Content/Tutorial/SubEditors/TutorialAssets/T_SmokeSubUV_8X8.uasset" 711
"../../../Engine/Content/Tutorial/SubEditors/TutorialAssets/T_soft_smoke.uasset" 712
"../../../Engine/Content/Tutorial/SubEditors/TutorialAssets/M_smoke_subUV_blackbody.uasset" 713
"../../../Engine/Content/Tutorial/SubEditors/TutorialAssets/TutorialParticleSystem.uasset" 714
"E:/VRBlockchainGame/VRBlockchain_Base/Content/Meshes/SM_Barrel01.uasset" 715
"E:/VRBlockchainGame/VRBlockchain_Base/Content/Blueprint/Miscs/BP_ExplosiveBarrel.uasset" 716
"E:/VRBlockchainGame/VRBlockchain_Base/Content/PickUps/Images/T_CircleMask3.uasset" 717
"E:/VRBlockchainGame/VRBlockchain_Base/Content/PickUps/Materials/M_PickUpDecal.uasset" 718
"E:/VRBlockchainGame/VRBlockchain_Base/Content/Blueprint/PickUps/BP_PickUp.uasset" 719
"E:/VRBlockchainGame/VRBlockchain_Base/Content/PickUps/Materials/M_PowerUpLightFunction.uasset" 720
"E:/VRBlockchainGame/VRBlockchain_Base/Content/Blueprint/PickUps/BP_PowerUpBase.uasset" 721
"E:/VRBlockchainGame/VRBlockchain_Base/Content/PickUps/Materials/MI_HealthGenPowerUp.uasset" 722
"E:/VRBlockchainGame/VRBlockchain_Base/Content/PickUps/Meshes/HealthIcon_Cube.uasset" 723
"E:/VRBlockchainGame/VRBlockchain_Base/Content/Blueprint/PickUps/HealthGen_PowerUp.uasset" 724
"E:/VRBlockchainGame/VRBlockchain_Base/Content/PickUps/Materials/MI_LevelUpWeaponPowerUp.uasset" 725
"E:/VRBlockchainGame/VRBlockchain_Base/Content/PickUps/Meshes/SpeedIcon_Cube.uasset" 726
"E:/VRBlockchainGame/VRBlockchain_Base/Content/Blueprint/PickUps/LevelUpWeapon_PowerUp.uasset" 727
"E:/VRBlockchainGame/VRBlockchain_Base/Content/Blueprint/PickUps/SuperSpeed_PowerUp.uasset" 728
"E:/VRBlockchainGame/VRBlockchain_Base/Content/PickUps/Materials/MI_TurboJumpPowerUp.uasset" 729
"E:/VRBlockchainGame/VRBlockchain_Base/Content/PickUps/Meshes/TurboJump_Cube.uasset" 730
"E:/VRBlockchainGame/VRBlockchain_Base/Content/Blueprint/PickUps/TurboJump_PowerUp.uasset" 731
"../../../Engine/Content/EngineMeshes/Humanoid.uasset" 732
"E:/VRBlockchainGame/VRBlockchain_Base/Content/EtherlinkerExampleProject/Meshes/Player/VR/MannequinHand_Right_Skeleton.uasset" 733
"E:/VRBlockchainGame/VRBlockchain_Base/Content/EtherlinkerExampleProject/Animations/Player/VR/MannequinHand_Right_CanGrab.uasset" 734
"E:/VRBlockchainGame/VRBlockchain_Base/Content/EtherlinkerExampleProject/Animations/Player/VR/MannequinHand_Right_Grab.uasset" 735
"E:/VRBlockchainGame/VRBlockchain_Base/Content/EtherlinkerExampleProject/Animations/Player/VR/MannequinHand_Right_Open.uasset" 736
"E:/VRBlockchainGame/VRBlockchain_Base/Content/EtherlinkerExampleProject/Animations/Player/VR/RightGrip_BS.uasset" 737
"E:/VRBlockchainGame/VRBlockchain_Base/Content/EtherlinkerExampleProject/Blueprints/Player/VR/GripEnum.uasset" 738
"E:/VRBlockchainGame/VRBlockchain_Base/Content/EtherlinkerExampleProject/Animations/Player/VR/RightHand_AnimBP.uasset" 739
"E:/VRBlockchainGame/VRBlockchain_Base/Content/EtherlinkerExampleProject/Blueprints/Player/VR/PickupActorInterface.uasset" 740
"E:/VRBlockchainGame/VRBlockchain_Base/Content/EtherlinkerExampleProject/Blueprints/Player/VR/MotionControllerHaptics.uasset" 741
"../../../Engine/Content/Functions/Engine_MaterialFunctions01/Texturing/ScaleUVsByCenter.uasset" 742
"../../../Engine/Content/Functions/Engine_MaterialFunctions02/ScreenResolution.uasset" 743
"../../../Engine/Content/Functions/Engine_MaterialFunctions02/Texturing/ScreenAlignedUVs.uasset" 744
"../../../Engine/Content/Functions/Engine_MaterialFunctions02/Utility/DepthFromWorldPosition.uasset" 745
"E:/VRBlockchainGame/VRBlockchain_Base/Content/EtherlinkerExampleProject/Materials/Player/VR/MF_OccludedPixels.uasset" 746
"E:/VRBlockchainGame/VRBlockchain_Base/Content/EtherlinkerExampleProject/Materials/Player/VR/TeleportMCP.uasset" 747
"E:/VRBlockchainGame/VRBlockchain_Base/Content/EtherlinkerExampleProject/Materials/Player/VR/M_ArcEndpoint.uasset" 748
"E:/VRBlockchainGame/VRBlockchain_Base/Content/EtherlinkerExampleProject/Materials/Player/VR/M_SplineArcMat.uasset" 749
"E:/VRBlockchainGame/VRBlockchain_Base/Content/EtherlinkerExampleProject/Materials/Common/MF_CheckIfHands.uasset" 750
"E:/VRBlockchainGame/VRBlockchain_Base/Content/EtherlinkerExampleProject/Materials/Common/M_Widget3DPassThrough.uasset" 751
"E:/VRBlockchainGame/VRBlockchain_Base/Content/EtherlinkerExampleProject/Materials/Common/M_Widget3DPassThrough_Inst.uasset" 752
"E:/VRBlockchainGame/VRBlockchain_Base/Content/EtherlinkerExampleProject/Materials/Master/M_Light_Master.uasset" 753
"E:/VRBlockchainGame/VRBlockchain_Base/Content/EtherlinkerExampleProject/Materials/Master/M_Light_Red.uasset" 754
"E:/VRBlockchainGame/VRBlockchain_Base/Content/EtherlinkerExampleProject/Textures/Player/VR/UE4_Mannequin__normals.uasset" 755
"E:/VRBlockchainGame/VRBlockchain_Base/Content/EtherlinkerExampleProject/Textures/Player/VR/UE4_Mannequin_MAT_MASKA.uasset" 756
"E:/VRBlockchainGame/VRBlockchain_Base/Content/EtherlinkerExampleProject/Materials/Player/VR/M_HandMat.uasset" 757
"E:/VRBlockchainGame/VRBlockchain_Base/Content/EtherlinkerExampleProject/Materials/Player/VR/M_HandMat_Inst.uasset" 758
"E:/VRBlockchainGame/VRBlockchain_Base/Content/EtherlinkerExampleProject/Materials/Player/VR/M_TeleportPreviews.uasset" 759
"E:/VRBlockchainGame/VRBlockchain_Base/Content/EtherlinkerExampleProject/Materials/Player/VR/MI_ChaperoneOutline.uasset" 760
"E:/VRBlockchainGame/VRBlockchain_Base/Content/EtherlinkerExampleProject/Materials/Player/VR/MI_TeleportCylinderPreview.uasset" 761
"../../../Engine/Content/BasicShapes/Cylinder.uasset" 762
"../../../Engine/Content/BasicShapes/Sphere.uasset" 763
"E:/VRBlockchainGame/VRBlockchain_Base/Content/EtherlinkerExampleProject/Blueprints/UI/Widgets/BP_VRMenuSelector_UI.uasset" 764
"E:/VRBlockchainGame/VRBlockchain_Base/Content/EtherlinkerExampleProject/Meshes/Player/VR/1x1_cube.uasset" 765
"E:/VRBlockchainGame/VRBlockchain_Base/Content/EtherlinkerExampleProject/Meshes/Player/VR/BeaconDirection.uasset" 766
"E:/VRBlockchainGame/VRBlockchain_Base/Content/EtherlinkerExampleProject/Meshes/Player/VR/BeamMesh.uasset" 767
"E:/VRBlockchainGame/VRBlockchain_Base/Content/EtherlinkerExampleProject/Meshes/Player/VR/MannequinHand_Right_PhysicsAsset.uasset" 768
"E:/VRBlockchainGame/VRBlockchain_Base/Content/EtherlinkerExampleProject/Meshes/Player/VR/MannequinHand_Right.uasset" 769
"E:/VRBlockchainGame/VRBlockchain_Base/Content/EtherlinkerExampleProject/Meshes/Player/VR/SM_FatCylinder.uasset" 770
"E:/VRBlockchainGame/VRBlockchain_Base/Content/EtherlinkerExampleProject/Blueprints/Player/VR/BP_MotionController.uasset" 771
"../../../Engine/Content/Functions/Engine_MaterialFunctions01/Gradient/SphereGradient-2D.uasset" 772
"../../../Engine/Content/Functions/Engine_MaterialFunctions02/Utility/VectorToRadialValue.uasset" 773
"E:/VRBlockchainGame/VRBlockchain_Base/Content/EtherlinkerExampleProject/Materials/Common/M_ProgressCircle.uasset" 774
"E:/VRBlockchainGame/VRBlockchain_Base/Content/EtherlinkerExampleProject/Materials/Common/MI_ProgressCircle.uasset" 775
"E:/VRBlockchainGame/VRBlockchain_Base/Content/EtherlinkerExampleProject/Blueprints/UI/Widgets/BP_Terminal_UI.uasset" 776
"E:/VRBlockchainGame/VRBlockchain_Base/Content/EtherlinkerExampleProject/Audio/Environment/Blueprints_TextPop01.uasset" 777
"E:/VRBlockchainGame/VRBlockchain_Base/Content/EtherlinkerExampleProject/Audio/Environment/Text_Pop.uasset" 778
"E:/VRBlockchainGame/VRBlockchain_Base/Content/EtherlinkerExampleProject/Audio/Environment/Text_Pop_Cue.uasset" 779
"E:/VRBlockchainGame/VRBlockchain_Base/Content/EtherlinkerExampleProject/Blueprints/Player/Global/BP_ParamTypes.uasset" 780
"E:/VRBlockchainGame/VRBlockchain_Base/Content/EtherlinkerExampleProject/Materials/Common/M_Simple.uasset" 781
"E:/VRBlockchainGame/VRBlockchain_Base/Content/EtherlinkerExampleProject/Materials/Common/M_Black.uasset" 782
"../../../Engine/Content/Functions/Engine_MaterialFunctions01/Gradient/LinearGradient.uasset" 783
"../../../Engine/Content/Functions/Engine_MaterialFunctions01/ImageAdjustment/CheapContrast.uasset" 784
"../../../Engine/Content/Functions/Engine_MaterialFunctions01/Texturing/FlattenNormal.uasset" 785
"../../../Engine/Content/Functions/Engine_MaterialFunctions01/Texturing/WorldAlignedTexture.uasset" 786
"../../../Engine/Content/Functions/Engine_MaterialFunctions02/SafeNormalize.uasset" 787
"../../../Engine/Content/Functions/Engine_MaterialFunctions02/Math/CreateThirdOrthogonalVector.uasset" 788
"../../../Engine/Content/Functions/Engine_MaterialFunctions02/Utility/BreakOutFloat3Components.uasset" 789
"../../../Engine/Content/Functions/Engine_MaterialFunctions02/Math/Transform3x3Matrix.uasset" 790
"../../../Engine/Content/Functions/Engine_MaterialFunctions02/Texturing/CustomRotator.uasset" 791
"../../../Engine/Content/Functions/Engine_MaterialFunctions02/Texturing/HeightLerpWithTwoHeightMaps.uasset" 792
"../../../Engine/Content/Functions/Engine_MaterialFunctions02/ExampleContent/Textures/SphereRenderNormalsMap.uasset" 793
"../../../Engine/Content/Functions/Engine_MaterialFunctions02/WorldAlignedNormals_HighQuality.uasset" 794
"../../../Engine/Content/EngineMaterials/DefaultNormal_Uncompressed.uasset" 795
"../../../Engine/Content/Functions/Engine_MaterialFunctions02/Texturing/WorldAlignedTextures_Complex.uasset" 796
"E:/VRBlockchainGame/VRBlockchain_Base/Content/EtherlinkerExampleProject/Textures/Common/T_Template_AORM.uasset" 797
"E:/VRBlockchainGame/VRBlockchain_Base/Content/EtherlinkerExampleProject/Textures/Common/T_Template_BaseColor.uasset" 798
"E:/VRBlockchainGame/VRBlockchain_Base/Content/EtherlinkerExampleProject/Textures/Common/T_Template_Normal.uasset" 799
"E:/VRBlockchainGame/VRBlockchain_Base/Content/EtherlinkerExampleProject/Materials/Master/M_UVTiling.uasset" 800
"E:/VRBlockchainGame/VRBlockchain_Base/Content/EtherlinkerExampleProject/Materials/Master/MI_UVTiling_Inst.uasset" 801
"E:/VRBlockchainGame/VRBlockchain_Base/Content/EtherlinkerExampleProject/Textures/Props/Server_Terminal_01/T_AORM.uasset" 802
"E:/VRBlockchainGame/VRBlockchain_Base/Content/EtherlinkerExampleProject/Textures/Props/Server_Terminal_01/T_BaseColor.uasset" 803
"E:/VRBlockchainGame/VRBlockchain_Base/Content/EtherlinkerExampleProject/Textures/Props/Server_Terminal_01/T_Normal.uasset" 804
"E:/VRBlockchainGame/VRBlockchain_Base/Content/EtherlinkerExampleProject/Materials/Props/MI_Server_Terminal.uasset" 805
"E:/VRBlockchainGame/VRBlockchain_Base/Content/EtherlinkerExampleProject/Meshes/Props/SM_Server_Terminal_01.uasset" 806
"E:/VRBlockchainGame/VRBlockchain_Base/Content/EtherlinkerExampleProject/Blueprints/Props/BP_Terminal_01.uasset" 807
"E:/VRBlockchainGame/VRBlockchain_Base/Content/Maps/Player_Sandbox_BuiltData.uasset" 808
"../../../Engine/Content/MapTemplates/Materials/BasicAsset01.uasset" 809
"../../../Engine/Content/MapTemplates/Materials/BasicAsset01_Inst.uasset" 810
"../../../Engine/Content/EngineMaterials/DefaultWhiteGrid.uasset" 811
"../../../Engine/Content/EngineDebugMaterials/MAT_LevelColorationLitLightmapUV.uasset" 812
"E:/VRBlockchainGame/VRBlockchain_Base/Content/Materials/M_Floor.uasset" 813
"../../../Engine/Content/BasicShapes/Cube.uasset" 814
"../../../Engine/Content/MapTemplates/SM_Template_Map_Floor.uasset" 815
"E:/VRBlockchainGame/VRBlockchain_Base/Content/EtherlinkerExampleProject/Audio/Environment/Blueprint_Music_Stealth01.uasset" 816
"E:/VRBlockchainGame/VRBlockchain_Base/Content/Maps/Player_Sandbox.umap" 817
"E:/VRBlockchainGame/VRBlockchain_Base/Content/Blueprint/Core/MMGameMode.uasset" 818
"E:/VRBlockchainGame/VRBlockchain_Base/Content/EtherlinkerExampleProject/Materials/Common/M_Unlit_White.uasset" 819
"E:/VRBlockchainGame/VRBlockchain_Base/Content/EtherlinkerExampleProject/Textures/Particles/T_Dust_Particle_D.uasset" 820
"E:/VRBlockchainGame/VRBlockchain_Base/Content/EtherlinkerExampleProject/Materials/Particle/M_Dust_Particle.uasset" 821
"E:/VRBlockchainGame/VRBlockchain_Base/Content/EtherlinkerExampleProject/Particles/P_Ambient_Dust.uasset" 822
"E:/VRBlockchainGame/VRBlockchain_Base/Content/EtherlinkerExampleProject/Blueprints/Props/BP_VRMenuSphere.uasset" 823
"E:/VRBlockchainGame/VRBlockchain_Base/Content/EtherlinkerExampleProject/Audio/Environment/Blueprint_Music_Stealth01_Cue.uasset" 824
"E:/VRBlockchainGame/VRBlockchain_Base/Content/EtherlinkerExampleProject/Blueprints/UI/Widgets/BP_ServerRow_UI.uasset" 825
"E:/VRBlockchainGame/VRBlockchain_Base/Content/EtherlinkerExampleProject/Blueprints/UI/Widgets/BP_ServerList_UI.uasset" 826
"E:/VRBlockchainGame/VRBlockchain_Base/Content/EtherlinkerExampleProject/Blueprints/UI/Widgets/BP_MainMenu_UI.uasset" 827
"E:/VRBlockchainGame/VRBlockchain_Base/Content/EtherlinkerExampleProject/Maps/MainMenu.umap" 828
"E:/VRBlockchainGame/VRBlockchain_Base/Content/EtherlinkerExampleProject/Blueprints/Environment/BP_DemoRoom_Enum.uasset" 829
"E:/VRBlockchainGame/VRBlockchain_Base/Content/EtherlinkerExampleProject/Blueprints/Environment/DemoRoomStruct.uasset" 830
"E:/VRBlockchainGame/VRBlockchain_Base/Content/EtherlinkerExampleProject/Textures/Environment/T_UnrealEngineDecal.uasset" 831
"E:/VRBlockchainGame/VRBlockchain_Base/Content/EtherlinkerExampleProject/Materials/Environment/M_Glass_02.uasset" 832
"E:/VRBlockchainGame/VRBlockchain_Base/Content/EtherlinkerExampleProject/Textures/Environment/T_RoomTiles_M.uasset" 833
"E:/VRBlockchainGame/VRBlockchain_Base/Content/EtherlinkerExampleProject/Textures/Environment/T_RoomTiles_N.uasset" 834
"E:/VRBlockchainGame/VRBlockchain_Base/Content/EtherlinkerExampleProject/Materials/Environment/M_DemoRoomTiles.uasset" 835
"E:/VRBlockchainGame/VRBlockchain_Base/Content/EtherlinkerExampleProject/Audio/Physical_Materials/Concrete.uasset" 836
"E:/VRBlockchainGame/VRBlockchain_Base/Content/EtherlinkerExampleProject/Materials/Environment/M_DemoRoomTiles_Inst.uasset" 837
"E:/VRBlockchainGame/VRBlockchain_Base/Content/EtherlinkerExampleProject/Textures/Environment/T_Pattern_M.uasset" 838
"E:/VRBlockchainGame/VRBlockchain_Base/Content/EtherlinkerExampleProject/Materials/Environment/M_DemoWallPattern.uasset" 839
"E:/VRBlockchainGame/VRBlockchain_Base/Content/EtherlinkerExampleProject/Materials/Environment/M_DemoWallPattern_Inst.uasset" 840
"E:/VRBlockchainGame/VRBlockchain_Base/Content/EtherlinkerExampleProject/Materials/Environment/M_DemoWallPattern_Inst_Mirrored.uasset" 841
"E:/VRBlockchainGame/VRBlockchain_Base/Content/EtherlinkerExampleProject/Materials/Environment/M_DemoWallPattern_NoText.uasset" 842
"E:/VRBlockchainGame/VRBlockchain_Base/Content/EtherlinkerExampleProject/Materials/Environment/M_Glass_Inst.uasset" 843
"E:/VRBlockchainGame/VRBlockchain_Base/Content/EtherlinkerExampleProject/Meshes/Environment/SM_DemoDivider_1.uasset" 844
"E:/VRBlockchainGame/VRBlockchain_Base/Content/EtherlinkerExampleProject/Meshes/Environment/SM_DemoDivider_2.uasset" 845
"E:/VRBlockchainGame/VRBlockchain_Base/Content/EtherlinkerExampleProject/Materials/Common/M_White.uasset" 846
"E:/VRBlockchainGame/VRBlockchain_Base/Content/EtherlinkerExampleProject/Meshes/Environment/SM_DemoRoomBackWall.uasset" 847
"E:/VRBlockchainGame/VRBlockchain_Base/Content/EtherlinkerExampleProject/Materials/Environment/M_DemoWall_MattPlastic.uasset" 848
"E:/VRBlockchainGame/VRBlockchain_Base/Content/EtherlinkerExampleProject/Meshes/Environment/SM_DemoRoomBackWall2.uasset" 849
"E:/VRBlockchainGame/VRBlockchain_Base/Content/EtherlinkerExampleProject/Materials/Environment/M_LightTube.uasset" 850
"E:/VRBlockchainGame/VRBlockchain_Base/Content/EtherlinkerExampleProject/Materials/Environment/M_LightTube_Inst.uasset" 851
"E:/VRBlockchainGame/VRBlockchain_Base/Content/EtherlinkerExampleProject/Meshes/Environment/SM_DemoRoomClamp.uasset" 852
"E:/VRBlockchainGame/VRBlockchain_Base/Content/EtherlinkerExampleProject/Meshes/Environment/SM_DemoRoomClamp2.uasset" 853
"E:/VRBlockchainGame/VRBlockchain_Base/Content/EtherlinkerExampleProject/Meshes/Environment/SM_DemoRoomL.uasset" 854
"E:/VRBlockchainGame/VRBlockchain_Base/Content/EtherlinkerExampleProject/Meshes/Environment/SM_DemoRoomLTrim.uasset" 855
"E:/VRBlockchainGame/VRBlockchain_Base/Content/EtherlinkerExampleProject/Meshes/Environment/SM_DemoRoomTrim.uasset" 856
"E:/VRBlockchainGame/VRBlockchain_Base/Content/EtherlinkerExampleProject/Meshes/Environment/SM_DemoRoomTrim2.uasset" 857
"E:/VRBlockchainGame/VRBlockchain_Base/Content/EtherlinkerExampleProject/Meshes/Environment/SM_DemoRoomTrimAdd.uasset" 858
"E:/VRBlockchainGame/VRBlockchain_Base/Content/EtherlinkerExampleProject/Meshes/Environment/SM_DemoRoomU.uasset" 859
"E:/VRBlockchainGame/VRBlockchain_Base/Content/EtherlinkerExampleProject/Meshes/Environment/SM_DemoRoomU2.uasset" 860
"E:/VRBlockchainGame/VRBlockchain_Base/Content/EtherlinkerExampleProject/Meshes/Environment/SM_DemoRoomU_Hole.uasset" 861
"E:/VRBlockchainGame/VRBlockchain_Base/Content/EtherlinkerExampleProject/Meshes/Environment/SM_URoom_Wall.uasset" 862
"E:/VRBlockchainGame/VRBlockchain_Base/Content/EtherlinkerExampleProject/Meshes/Environment/SM_URoom_Wall2.uasset" 863
"E:/VRBlockchainGame/VRBlockchain_Base/Content/EtherlinkerExampleProject/Blueprints/Environment/BP_DemoRoom.uasset" 864
"E:/VRBlockchainGame/VRBlockchain_Base/Content/EtherlinkerExampleProject/Blueprints/Environment/RoomDescription.uasset" 865
"E:/VRBlockchainGame/VRBlockchain_Base/Content/EtherlinkerExampleProject/Meshes/Player/NonVR/UE4_Mannequin_Skeleton.uasset" 866
"E:/VRBlockchainGame/VRBlockchain_Base/Content/EtherlinkerExampleProject/Animations/Player/NonVR/ThirdPerson_Jump.uasset" 867
"E:/VRBlockchainGame/VRBlockchain_Base/Content/EtherlinkerExampleProject/Animations/Player/NonVR/ThirdPersonJump_Loop.uasset" 868
"E:/VRBlockchainGame/VRBlockchain_Base/Content/EtherlinkerExampleProject/Animations/Player/NonVR/ThirdPersonJump_Start.uasset" 869
"E:/VRBlockchainGame/VRBlockchain_Base/Content/EtherlinkerExampleProject/Animations/Player/NonVR/ThirdPersonIdle.uasset" 870
"E:/VRBlockchainGame/VRBlockchain_Base/Content/EtherlinkerExampleProject/Animations/Player/NonVR/ThirdPersonRun.uasset" 871
"E:/VRBlockchainGame/VRBlockchain_Base/Content/EtherlinkerExampleProject/Animations/Player/NonVR/ThirdPersonWalk.uasset" 872
"E:/VRBlockchainGame/VRBlockchain_Base/Content/EtherlinkerExampleProject/Animations/Player/NonVR/ThirdPerson_IdleRun_2D.uasset" 873
"E:/VRBlockchainGame/VRBlockchain_Base/Content/EtherlinkerExampleProject/Animations/Player/NonVR/ThirdPerson_AnimBP.uasset" 874
"E:/VRBlockchainGame/VRBlockchain_Base/Content/EtherlinkerExampleProject/Blueprints/Player/Global/BP_InteractionComponent.uasset" 875
"E:/VRBlockchainGame/VRBlockchain_Base/Content/EtherlinkerExampleProject/Materials/Player/NonVR/MaterialLayers/T_ML_Rubber_Blue_01_D.uasset" 876
"E:/VRBlockchainGame/VRBlockchain_Base/Content/EtherlinkerExampleProject/Materials/Player/NonVR/MaterialLayers/T_ML_Rubber_Blue_01_N.uasset" 877
"E:/VRBlockchainGame/VRBlockchain_Base/Content/EtherlinkerExampleProject/Materials/Player/NonVR/MaterialLayers/ML_GlossyBlack_Latex_UE4.uasset" 878
"E:/VRBlockchainGame/VRBlockchain_Base/Content/EtherlinkerExampleProject/Materials/Player/NonVR/MaterialLayers/ML_Plastic_Shiny_Beige.uasset" 879
"E:/VRBlockchainGame/VRBlockchain_Base/Content/EtherlinkerExampleProject/Textures/Player/NonVR/UE4_LOGO_CARD.uasset" 880
"E:/VRBlockchainGame/VRBlockchain_Base/Content/EtherlinkerExampleProject/Materials/Player/NonVR/MaterialLayers/ML_Plastic_Shiny_Beige_LOGO.uasset" 881
"E:/VRBlockchainGame/VRBlockchain_Base/Content/EtherlinkerExampleProject/Materials/Player/NonVR/MaterialLayers/ML_Silver_Beige.uasset" 882
"E:/VRBlockchainGame/VRBlockchain_Base/Content/EtherlinkerExampleProject/Materials/Player/NonVR/MaterialLayers/ML_Silver_Beige_LOGO.uasset" 883
"E:/VRBlockchainGame/VRBlockchain_Base/Content/EtherlinkerExampleProject/Materials/Player/NonVR/MaterialLayers/T_ML_Aluminum01.uasset" 884
"E:/VRBlockchainGame/VRBlockchain_Base/Content/EtherlinkerExampleProject/Materials/Player/NonVR/MaterialLayers/T_ML_Aluminum01_N.uasset" 885
"E:/VRBlockchainGame/VRBlockchain_Base/Content/EtherlinkerExampleProject/Materials/Player/NonVR/MaterialLayers/ML_SoftMetal_UE4.uasset" 886
"E:/VRBlockchainGame/VRBlockchain_Base/Content/EtherlinkerExampleProject/Textures/Player/NonVR/UE4_Mannequin__normals.uasset" 887
"E:/VRBlockchainGame/VRBlockchain_Base/Content/EtherlinkerExampleProject/Textures/Player/NonVR/UE4_Mannequin_MAT_MASKA.uasset" 888
"E:/VRBlockchainGame/VRBlockchain_Base/Content/EtherlinkerExampleProject/Materials/Player/NonVR/M_UE4Man_Body.uasset" 889
"E:/VRBlockchainGame/VRBlockchain_Base/Content/EtherlinkerExampleProject/Textures/Player/NonVR/UE4Man_Logo_N.uasset" 890
"E:/VRBlockchainGame/VRBlockchain_Base/Content/EtherlinkerExampleProject/Materials/Player/NonVR/M_UE4Man_ChestLogo.uasset" 891
"E:/VRBlockchainGame/VRBlockchain_Base/Content/EtherlinkerExampleProject/Meshes/Player/NonVR/SK_Mannequin_PhysicsAsset.uasset" 892
"E:/VRBlockchainGame/VRBlockchain_Base/Content/EtherlinkerExampleProject/Meshes/Player/NonVR/SK_Mannequin.uasset" 893
"E:/VRBlockchainGame/VRBlockchain_Base/Content/EtherlinkerExampleProject/Blueprints/Player/NonVR/BP_FirstPersonCharacter.uasset" 894
"E:/VRBlockchainGame/VRBlockchain_Base/Content/EtherlinkerExampleProject/Blueprints/Player/VR/BP_EtherVRCharacter.uasset" 895
"E:/VRBlockchainGame/VRBlockchain_Base/Content/EtherlinkerExampleProject/Blueprints/Player/VR/BP_MenuPawn_VR.uasset" 896
"E:/VRBlockchainGame/VRBlockchain_Base/Content/EtherlinkerExampleProject/Blueprints/Player/VR/BP_Player_VR.uasset" 897
"E:/VRBlockchainGame/VRBlockchain_Base/Content/EtherlinkerExampleProject/Blueprints/UI/VR/BP_Donations_VR.uasset" 898
"E:/VRBlockchainGame/VRBlockchain_Base/Content/EtherlinkerExampleProject/Blueprints/UI/VR/BP_ERC20TokenAdminMenu_VR.uasset" 899
"E:/VRBlockchainGame/VRBlockchain_Base/Content/EtherlinkerExampleProject/Blueprints/UI/VR/BP_ERC20TokenUserMenu_VR.uasset" 900
"E:/VRBlockchainGame/VRBlockchain_Base/Content/EtherlinkerExampleProject/Blueprints/UI/VR/BP_ERC721TokenAdminMenu_VR.uasset" 901
"E:/VRBlockchainGame/VRBlockchain_Base/Content/EtherlinkerExampleProject/Blueprints/UI/VR/BP_ERC721TokenUserMenu_VR.uasset" 902
"E:/VRBlockchainGame/VRBlockchain_Base/Content/EtherlinkerExampleProject/Blueprints/UI/VR/BP_EtherTransfer_VR.uasset" 903
"E:/VRBlockchainGame/VRBlockchain_Base/Content/EtherlinkerExampleProject/Blueprints/UI/Widgets/KeyTypesEnum.uasset" 904
"E:/VRBlockchainGame/VRBlockchain_Base/Content/EtherlinkerExampleProject/Blueprints/UI/Widgets/KeyboardKeyStruct.uasset" 905
"E:/VRBlockchainGame/VRBlockchain_Base/Content/EtherlinkerExampleProject/Blueprints/UI/Widgets/DT_KeyboardKeys.uasset" 906
"E:/VRBlockchainGame/VRBlockchain_Base/Content/EtherlinkerExampleProject/Blueprints/UI/Widgets/BP_KeyboardButton_UI.uasset" 907
"E:/VRBlockchainGame/VRBlockchain_Base/Content/EtherlinkerExampleProject/Blueprints/UI/Widgets/BP_Keyboard_UI.uasset" 908
"E:/VRBlockchainGame/VRBlockchain_Base/Content/EtherlinkerExampleProject/Blueprints/UI/VR/BP_Keyboard_VR.uasset" 909
"E:/VRBlockchainGame/VRBlockchain_Base/Content/EtherlinkerExampleProject/Blueprints/UI/VR/BP_MainMenu_VR.uasset" 910
"E:/VRBlockchainGame/VRBlockchain_Base/Content/EtherlinkerExampleProject/Blueprints/UI/VR/BP_PauseMenu_VR.uasset" 911
"E:/VRBlockchainGame/VRBlockchain_Base/Content/EtherlinkerExampleProject/Blueprints/UI/VR/BP_WalletAuthenticator_VR.uasset" 912
"E:/VRBlockchainGame/VRBlockchain_Base/Content/EtherlinkerExampleProject/Blueprints/UI/Widgets/BP_WalletCardMasterPassword_UI.uasset" 913
"E:/VRBlockchainGame/VRBlockchain_Base/Content/EtherlinkerExampleProject/Blueprints/UI/VR/BP_WalletCardMasterPassword_VR.uasset" 914
"E:/VRBlockchainGame/VRBlockchain_Base/Content/EtherlinkerExampleProject/Textures/UI/T_UI_Etherlinker_256.uasset" 915
"E:/VRBlockchainGame/VRBlockchain_Base/Content/EtherlinkerExampleProject/Textures/UI/T_UI_Icon_Settings.uasset" 916
"E:/VRBlockchainGame/VRBlockchain_Base/Content/EtherlinkerExampleProject/Blueprints/UI/Widgets/BP_MobileControls_UI.uasset" 917
"E:/VRBlockchainGame/VRBlockchain_Base/Content/EtherlinkerExampleProject/Blueprints/Player/Global/BP_PlayerController.uasset" 918
"E:/VRBlockchainGame/VRBlockchain_Base/Content/EtherlinkerExampleProject/Blueprints/Player/Global/BP_EtherGameMode.uasset" 919
"E:/VRBlockchainGame/VRBlockchain_Base/Content/EtherlinkerExampleProject/Meshes/Bear/Bear_Export_Skeleton.uasset" 920
"E:/VRBlockchainGame/VRBlockchain_Base/Content/EtherlinkerExampleProject/Animations/Bear/ExoGame_Bears_Idle.uasset" 921
"E:/VRBlockchainGame/VRBlockchain_Base/Content/EtherlinkerExampleProject/Animations/Bear/ExoGame_Bears_Walk.uasset" 922
"E:/VRBlockchainGame/VRBlockchain_Base/Content/EtherlinkerExampleProject/Animations/Bear/BS_IdleWalk.uasset" 923
"E:/VRBlockchainGame/VRBlockchain_Base/Content/EtherlinkerExampleProject/Animations/Bear/Bear_Export_Skeleton_AnimBlueprint.uasset" 924
"E:/VRBlockchainGame/VRBlockchain_Base/Content/EtherlinkerExampleProject/Blueprints/Player/Global/BP_ERC721EntityActor.uasset" 925
"E:/VRBlockchainGame/VRBlockchain_Base/Content/EtherlinkerExampleProject/Blueprints/UI/Widgets/BP_WalletCardAddress_UI.uasset" 926
"E:/VRBlockchainGame/VRBlockchain_Base/Content/EtherlinkerExampleProject/Textures/Bear/T_Bear_D.uasset" 927
"E:/VRBlockchainGame/VRBlockchain_Base/Content/EtherlinkerExampleProject/Textures/Bear/T_Bear_M.uasset" 928
"E:/VRBlockchainGame/VRBlockchain_Base/Content/EtherlinkerExampleProject/Textures/Bear/T_Bear_N.uasset" 929
"E:/VRBlockchainGame/VRBlockchain_Base/Content/EtherlinkerExampleProject/Materials/Bear/M_Bear_Master.uasset" 930
"E:/VRBlockchainGame/VRBlockchain_Base/Content/EtherlinkerExampleProject/Materials/Bear/M_Bear_Stone_Inst.uasset" 931
"E:/VRBlockchainGame/VRBlockchain_Base/Content/EtherlinkerExampleProject/Meshes/Bear/Bear_Physics.uasset" 932
"E:/VRBlockchainGame/VRBlockchain_Base/Content/EtherlinkerExampleProject/Meshes/Bear/Bear.uasset" 933
"E:/VRBlockchainGame/VRBlockchain_Base/Content/EtherlinkerExampleProject/Blueprints/Pets/Bear/BP_Bear_Pet.uasset" 934
"E:/VRBlockchainGame/VRBlockchain_Base/Content/EtherlinkerExampleProject/Blueprints/Props/BP_ERC721EntitySummonTerminal.uasset" 935
"E:/VRBlockchainGame/VRBlockchain_Base/Content/EtherlinkerExampleProject/Meshes/Props/SM_Tablet_01.uasset" 936
"E:/VRBlockchainGame/VRBlockchain_Base/Content/EtherlinkerExampleProject/Blueprints/Props/BP_PortableTerminal_01.uasset" 937
"E:/VRBlockchainGame/VRBlockchain_Base/Content/EtherlinkerExampleProject/Textures/Props/WalletCard_01/T_AORM.uasset" 938
"E:/VRBlockchainGame/VRBlockchain_Base/Content/EtherlinkerExampleProject/Textures/Props/WalletCard_01/T_BaseColor.uasset" 939
"E:/VRBlockchainGame/VRBlockchain_Base/Content/EtherlinkerExampleProject/Textures/Props/WalletCard_01/T_Normal.uasset" 940
"E:/VRBlockchainGame/VRBlockchain_Base/Content/EtherlinkerExampleProject/Materials/Props/MI_WalletCard.uasset" 941
"E:/VRBlockchainGame/VRBlockchain_Base/Content/EtherlinkerExampleProject/Meshes/Props/SM_WalletCard_01.uasset" 942
"E:/VRBlockchainGame/VRBlockchain_Base/Content/EtherlinkerExampleProject/Blueprints/Props/BP_WalletCard.uasset" 943
"E:/VRBlockchainGame/VRBlockchain_Base/Content/EtherlinkerExampleProject/Textures/Props/AuthenticationDevice_01/T_AORM.uasset" 944
"E:/VRBlockchainGame/VRBlockchain_Base/Content/EtherlinkerExampleProject/Textures/Props/AuthenticationDevice_01/T_BaseColor.uasset" 945
"E:/VRBlockchainGame/VRBlockchain_Base/Content/EtherlinkerExampleProject/Textures/Props/AuthenticationDevice_01/T_Emissive.uasset" 946
"E:/VRBlockchainGame/VRBlockchain_Base/Content/EtherlinkerExampleProject/Textures/Props/AuthenticationDevice_01/T_Normal.uasset" 947
"E:/VRBlockchainGame/VRBlockchain_Base/Content/EtherlinkerExampleProject/Materials/Props/MI_AuthenticationDevice.uasset" 948
"E:/VRBlockchainGame/VRBlockchain_Base/Content/EtherlinkerExampleProject/Meshes/Props/SM_AuthenticationDevice_01.uasset" 949
"E:/VRBlockchainGame/VRBlockchain_Base/Content/EtherlinkerExampleProject/Blueprints/Props/BP_WalletCardAuthenticationDevice.uasset" 950
"E:/VRBlockchainGame/VRBlockchain_Base/Content/EtherlinkerExampleProject/Blueprints/UI/Widgets/BP_VROnlyText_UI.uasset" 951
"E:/VRBlockchainGame/VRBlockchain_Base/Content/EtherlinkerExampleProject/Blueprints/Triggers/BP_VROnlyBlockingVolume.uasset" 952
"E:/VRBlockchainGame/VRBlockchain_Base/Content/EtherlinkerExampleProject/Maps/Showcase_BuiltData.uasset" 953
"E:/VRBlockchainGame/VRBlockchain_Base/Content/EtherlinkerExampleProject/Materials/Common/M_Gray.uasset" 954
"E:/VRBlockchainGame/VRBlockchain_Base/Content/EtherlinkerExampleProject/Materials/Common/M_OutlineCustomDepthOcclusion.uasset" 955
"E:/VRBlockchainGame/VRBlockchain_Base/Content/EtherlinkerExampleProject/Materials/Common/M_OutlineCustomDepthOcclusion_Inst.uasset" 956
"E:/VRBlockchainGame/VRBlockchain_Base/Content/EtherlinkerExampleProject/Materials/Lights/MI_Light_02.uasset" 957
"E:/VRBlockchainGame/VRBlockchain_Base/Content/EtherlinkerExampleProject/Textures/LUT/T_LUT_01.uasset" 958
"E:/VRBlockchainGame/VRBlockchain_Base/Content/EtherlinkerExampleProject/Maps/Showcase.umap" 959
"../../../Engine/Content/Maps/Entry_BuiltData.uasset" 960
"../../../Engine/Content/Maps/Entry.umap" 961
