"../../../Engine/Content/Animation/DefaultAnimCurveCompressionSettings.uasset" 0
"../../../Engine/Content/ArtTools/RenderToTexture/Enums/RenderToTexture_Enum.uasset" 1
"../../../Engine/Content/ArtTools/RenderToTexture/Enums/RenderToTexture_Flipbook_Enum.uasset" 2
"../../../Engine/Content/ArtTools/RenderToTexture/Enums/RenderToTexture_Imposter_Enum.uasset" 3
"../../../Engine/Content/EditorBlueprintResources/StandardMacros.uasset" 4
"../../../Engine/Content/ArtTools/RenderToTexture/Enums/EIntTypes.uasset" 5
"../../../Engine/Content/ArtTools/RenderToTexture/Macros/RenderToTextureFunctionLibrary.uasset" 6
"../../../Engine/Content/ArtTools/RenderToTexture/Enums/EFloatTypes.uasset" 7
"../../../Engine/Content/ArtTools/RenderToTexture/Macros/RenderToTextureMacros.uasset" 8
"../../../Engine/Content/Functions/Engine_MaterialFunctions01/Opacity/CameraDepthFade.uasset" 9
"../../../Engine/Content/EngineMaterials/T_Default_Material_Grid_M.uasset" 10
"../../../Engine/Content/EngineMaterials/T_Default_Material_Grid_N.uasset" 11
"../../../Engine/Content/EngineMaterials/WorldGridMaterial.uasset" 12
"../../../Engine/Content/ArtTools/RenderToTexture/Meshes/S_1_Unit_Plane.uasset" 13
"../../../Engine/Content/EngineMaterials/DefaultMaterial.uasset" 14
"../../../Engine/Content/BasicShapes/Cone.uasset" 15
"../../../Engine/Content/EngineMaterials/DefaultPhysicalMaterial.uasset" 16
"../../../Engine/Content/BufferVisualization/AmbientOcclusion.uasset" 17
"../../../Engine/Content/BufferVisualization/BaseColor.uasset" 18
"../../../Engine/Content/BufferVisualization/CustomDepth.uasset" 19
"../../../Engine/Content/Functions/Engine_MaterialFunctions02/Utility/VectorLength.uasset" 20
"../../../Engine/Content/BufferVisualization/CustomDepthWorldUnits.uasset" 21
"../../../Engine/Content/Functions/Engine_MaterialFunctions02/Utility/BreakOutFloat2Components.uasset" 22
"../../../Engine/Content/Functions/Engine_MaterialFunctions01/Texturing/ScaleUVsByCenter.uasset" 23
"../../../Engine/Content/Functions/Engine_MaterialFunctions02/ScreenResolution.uasset" 24
"../../../Engine/Content/Functions/Engine_MaterialFunctions02/Texturing/ScreenAlignedUVs.uasset" 25
"../../../Engine/Content/Functions/Engine_MaterialFunctions02/Utility/MakeFloat2.uasset" 26
"../../../Engine/Content/Functions/Engine_MaterialFunctions02/Utility/MakeFloat3.uasset" 27
"../../../Engine/Content/EngineMaterials/MiniFont.uasset" 28
"../../../Engine/Content/BufferVisualization/CustomStencil.uasset" 29
"../../../Engine/Content/BufferVisualization/FinalImage.uasset" 30
"../../../Engine/Content/BufferVisualization/LightingModel.uasset" 31
"../../../Engine/Content/BufferVisualization/MaterialAO.uasset" 32
"../../../Engine/Content/BufferVisualization/Metallic.uasset" 33
"../../../Engine/Content/BufferVisualization/Opacity.uasset" 34
"../../../Engine/Content/BufferVisualization/PostTonemapHDRColor.uasset" 35
"../../../Engine/Content/BufferVisualization/PreTonemapHDRColor.uasset" 36
"../../../Engine/Content/BufferVisualization/Roughness.uasset" 37
"../../../Engine/Content/BufferVisualization/SceneColor.uasset" 38
"../../../Engine/Content/BufferVisualization/SceneDepth.uasset" 39
"../../../Engine/Content/BufferVisualization/SceneDepthWorldUnits.uasset" 40
"../../../Engine/Content/BufferVisualization/SeparateTranslucencyA.uasset" 41
"../../../Engine/Content/BufferVisualization/SeparateTranslucencyRGB.uasset" 42
"../../../Engine/Content/BufferVisualization/Specular.uasset" 43
"../../../Engine/Content/BufferVisualization/SubsurfaceColor.uasset" 44
"../../../Engine/Content/BufferVisualization/Velocity.uasset" 45
"../../../Engine/Content/BufferVisualization/WorldNormal.uasset" 46
"../../../Engine/Content/EditorLandscapeResources/DataLayer.uasset" 47
"../../../Engine/Content/EditorLandscapeResources/DefaultAlphaTexture.uasset" 48
"../../../Engine/Content/EditorLandscapeResources/LandscapeGizmoHeight_Mat.uasset" 49
"../../../Engine/Content/EditorLandscapeResources/LandscapeGizmo_Mat.uasset" 50
"../../../Engine/Content/EditorLandscapeResources/LandscapeGizmo_Mat_Copied.uasset" 51
"../../../Engine/Content/EditorLandscapeResources/SplineEditorMeshMat.uasset" 52
"../../../Engine/Content/EditorLandscapeResources/SplineEditorMesh.uasset" 53
"../../../Engine/Content/EditorMaterials/Anchor.uasset" 54
"../../../Engine/Content/EditorMaterials/Cross.uasset" 55
"../../../Engine/Content/EditorMaterials/Cross_Mat.uasset" 56
"../../../Engine/Content/EditorMaterials/GizmoMaterial.uasset" 57
"../../../Engine/Content/Functions/Engine_MaterialFunctions02/ExampleContent/Textures/flipbook.uasset" 58
"../../../Engine/Content/Functions/Engine_MaterialFunctions02/Texturing/FlipBook.uasset" 59
"../../../Engine/Content/Functions/Engine_MaterialFunctions02/Utility/Sign.uasset" 60
"../../../Engine/Content/Functions/Engine_MaterialFunctions02/Utility/Round.uasset" 61
"../../../Engine/Content/EditorResources/T_EditorHelp.uasset" 62
"../../../Engine/Content/EditorMaterials/HelpActorMaterial.uasset" 63
"../../../Engine/Content/EditorMaterials/CompositeARGBLayer.uasset" 64
"../../../Engine/Content/EditorMaterials/TilingAALineIntegral.uasset" 65
"../../../Engine/Content/EditorMaterials/TilingAALineBoxFiltered.uasset" 66
"../../../Engine/Content/Functions/Engine_MaterialFunctions03/Procedurals/ComputeFilterWidth.uasset" 67
"../../../Engine/Content/EditorMaterials/TilingAADots.uasset" 68
"../../../Engine/Content/EngineMaterials/BlendFunc_DefBase.uasset" 69
"../../../Engine/Content/EngineMaterials/BlendFunc_DefBlend.uasset" 70
"../../../Engine/Content/Functions/Engine_MaterialFunctions03/Blends/Blend_Screen.uasset" 71
"../../../Engine/Content/EditorMaterials/TilingAAGrid.uasset" 72
"../../../Engine/Content/EditorMaterials/LevelGridMaterial.uasset" 73
"../../../Engine/Content/EditorMaterials/MakeCompositeARGBLayer.uasset" 74
"../../../Engine/Content/EditorResources/LevelGrid1DStripes.uasset" 75
"../../../Engine/Content/EditorMaterials/TextureGridCascaded1D.uasset" 76
"../../../Engine/Content/EditorMaterials/TextureGridCascaded2D.uasset" 77
"../../../Engine/Content/EditorMaterials/LevelGridMaterial2.uasset" 78
"../../../Engine/Content/EditorMaterials/MAT_Groups_Toggle.uasset" 79
"../../../Engine/Content/EditorMaterials/MAT_Groups_Visibility.uasset" 80
"../../../Engine/Content/EditorMaterials/AntialiasedGridFloor.uasset" 81
"../../../Engine/Content/EditorResources/TilePatine_D.uasset" 82
"../../../Engine/Content/EditorResources/TilePatine_N.uasset" 83
"../../../Engine/Content/EngineMaterials/Grid.uasset" 84
"../../../Engine/Content/EditorMaterials/PersonaFloorMat.uasset" 85
"../../../Engine/Content/EditorMaterials/PhAT_BoneSelectedMaterial.uasset" 86
"../../../Engine/Content/EditorMaterials/PhAT_ElemSelectedMaterial.uasset" 87
"../../../Engine/Content/EditorMaterials/PhAT_NoCollisionMaterial.uasset" 88
"../../../Engine/Content/EditorMaterials/PhAT_UnselectedMaterial.uasset" 89
"../../../Engine/Content/EditorMaterials/PreviewShadowIndicator.uasset" 90
"../../../Engine/Content/EditorMaterials/PreviewShadowIndicatorMaterial.uasset" 91
"../../../Engine/Content/EditorMaterials/TargetIcon.uasset" 92
"../../../Engine/Content/EditorMaterials/Tick.uasset" 93
"../../../Engine/Content/EditorMaterials/Tick_Mat.uasset" 94
"../../../Engine/Content/EditorMaterials/WidgetGridVertexColorMaterial.uasset" 95
"../../../Engine/Content/EditorMaterials/WidgetGridVertexColorMaterial_Ma.uasset" 96
"../../../Engine/Content/EditorMaterials/WidgetMaterial.uasset" 97
"../../../Engine/Content/EditorMaterials/WidgetMaterial_Current.uasset" 98
"../../../Engine/Content/EditorMaterials/WidgetMaterial_X.uasset" 99
"../../../Engine/Content/EditorMaterials/WidgetMaterial_Y.uasset" 100
"../../../Engine/Content/EditorMaterials/WidgetMaterial_Z.uasset" 101
"../../../Engine/Content/EditorMaterials/WidgetVertexColorMaterial.uasset" 102
"../../../Engine/Content/EditorMaterials/AssetViewer/EpicQuadPanorama_CC+EV1.uasset" 103
"../../../Engine/Content/MapTemplates/Sky/SunsetAmbientCubemap.uasset" 104
"../../../Engine/Content/EditorMaterials/AssetViewer/M_SkyBox.uasset" 105
"../../../Engine/Content/EditorMaterials/MatineeGroups/MAT_ColorTrack.uasset" 106
"../../../Engine/Content/EditorMaterials/MatineeGroups/MAT_Groups_Anim.uasset" 107
"../../../Engine/Content/EditorMaterials/MatineeGroups/MAT_Groups_AudioMaster.uasset" 108
"../../../Engine/Content/EditorMaterials/MatineeGroups/MAT_Groups_Director.uasset" 109
"../../../Engine/Content/EditorMaterials/MatineeGroups/MAT_Groups_Event.uasset" 110
"../../../Engine/Content/EditorMaterials/MatineeGroups/MAT_Groups_Fade.uasset" 111
"../../../Engine/Content/EditorMaterials/MatineeGroups/MAT_Groups_Float.uasset" 112
"../../../Engine/Content/Functions/Engine_MaterialFunctions01/Shading/ConvertFromDiffSpec.uasset" 113
"../../../Engine/Content/EditorMaterials/MatineeGroups/MAT_Groups_Move.uasset" 114
"../../../Engine/Content/EditorMaterials/MatineeGroups/MAT_Groups_Move_Mat.uasset" 115
"../../../Engine/Content/EditorMaterials/MatineeGroups/MAT_Groups_Slomo.uasset" 116
"../../../Engine/Content/EditorMaterials/MatineeGroups/MAT_Groups_Sound.uasset" 117
"../../../Engine/Content/EditorMaterials/MatineeGroups/MAT_Groups_Vector.uasset" 118
"../../../Engine/Content/EditorMaterials/ParticleSystems/PSysThumbnail_NoImage.uasset" 119
"../../../Engine/Content/EditorMaterials/ParticleSystems/PSysThumbnail_OOD.uasset" 120
"../../../Engine/Content/EditorMaterials/Thumbnails/FloorPlaneMaterial.uasset" 121
"../../../Engine/Content/EditorMeshes/EditorCube.uasset" 122
"../../../Engine/Content/EditorMeshes/EditorCylinder.uasset" 123
"../../../Engine/Content/EditorMeshes/EditorPlane.uasset" 124
"../../../Engine/Content/EditorMaterials/Thumbnails/SkySphereMaterial.uasset" 125
"../../../Engine/Content/EditorMeshes/EditorSkySphere.uasset" 126
"../../../Engine/Content/EditorMeshes/EditorSphere.uasset" 127
"../../../Engine/Content/EditorResources/MatineeCam_D.uasset" 128
"../../../Engine/Content/EditorMaterials/MatineeCam_mat.uasset" 129
"../../../Engine/Content/EditorMeshes/MatineeCam_SM.uasset" 130
"../../../Engine/Content/EditorMaterials/GridMaterial.uasset" 131
"../../../Engine/Content/EditorMeshes/PhAT_FloorBox.uasset" 132
"../../../Engine/Content/EditorMeshes/PlanarReflectionPlane.uasset" 133
"../../../Engine/Content/EditorMeshes/AssetViewer/Floor_Mesh.uasset" 134
"../../../Engine/Content/EditorMeshes/AssetViewer/Sphere_inversenormals.uasset" 135
"../../../Engine/Content/EditorMaterials/Camera/CineMat.uasset" 136
"../../../Engine/Content/EditorMaterials/Camera/MI_CineMat_CameraBody.uasset" 137
"../../../Engine/Content/EngineDebugMaterials/M_SimpleOpaque.uasset" 138
"../../../Engine/Content/EditorMaterials/Camera/MI_CineMat_CamViewFinder.uasset" 139
"../../../Engine/Content/EditorMeshes/Camera/SM_CineCam.uasset" 140
"../../../Engine/Content/EditorMaterials/Camera/MI_CineMat_Rig.uasset" 141
"../../../Engine/Content/EditorMeshes/Camera/SM_CraneRig_Arm.uasset" 142
"../../../Engine/Content/EditorMeshes/Camera/SM_CraneRig_Base.uasset" 143
"../../../Engine/Content/EditorMeshes/Camera/SM_CraneRig_Body.uasset" 144
"../../../Engine/Content/EditorMeshes/Camera/SM_CraneRig_Mount.uasset" 145
"../../../Engine/Content/EditorMeshes/Camera/SM_RailRig_Mount.uasset" 146
"../../../Engine/Content/EditorMeshes/Camera/SM_RailRig_Track.uasset" 147
"../../../Engine/Content/EditorMeshes/ColorCalibrator/M_ChromeBall.uasset" 148
"../../../Engine/Content/EditorResources/Bad.uasset" 149
"../../../Engine/Content/EditorResources/BadBlueprintSprite.uasset" 150
"../../../Engine/Content/EditorResources/BSPVertex.uasset" 151
"../../../Engine/Content/EditorResources/EmptyActor.uasset" 152
"../../../Engine/Content/EditorResources/MatInstActSprite.uasset" 153
"../../../Engine/Content/EditorResources/SceneManager.uasset" 154
"../../../Engine/Content/EditorResources/SmallFont.uasset" 155
"../../../Engine/Content/EditorResources/S_Actor.uasset" 156
"../../../Engine/Content/EditorResources/S_DecalActorIcon.uasset" 157
"../../../Engine/Content/EditorResources/S_Emitter.uasset" 158
"../../../Engine/Content/EditorResources/S_ExpoHeightFog.uasset" 159
"../../../Engine/Content/EditorResources/S_FTest.uasset" 160
"../../../Engine/Content/EditorResources/S_KBSJoint.uasset" 161
"../../../Engine/Content/EditorResources/S_KHinge.uasset" 162
"../../../Engine/Content/EditorResources/S_KPrismatic.uasset" 163
"../../../Engine/Content/EditorResources/S_LevelSequence.uasset" 164
"../../../Engine/Content/EditorResources/S_NavP.uasset" 165
"../../../Engine/Content/EditorResources/S_Note.uasset" 166
"../../../Engine/Content/EditorResources/S_Player.uasset" 167
"../../../Engine/Content/EditorResources/S_PortalActorIcon2.uasset" 168
"../../../Engine/Content/EditorResources/S_RadForce.uasset" 169
"../../../Engine/Content/EditorResources/S_ReflActorIcon.uasset" 170
"../../../Engine/Content/EditorResources/S_Solver.uasset" 171
"../../../Engine/Content/EditorResources/S_Terrain.uasset" 172
"../../../Engine/Content/EditorResources/S_TextRenderActorIcon.uasset" 173
"../../../Engine/Content/EditorResources/S_Thruster.uasset" 174
"../../../Engine/Content/EditorResources/S_Trigger.uasset" 175
"../../../Engine/Content/EditorResources/S_VectorFieldVol.uasset" 176
"../../../Engine/Content/EditorResources/S_WindDirectional.uasset" 177
"../../../Engine/Content/EditorResources/AI/S_NavLink.uasset" 178
"../../../Engine/Content/EditorResources/AudioIcons/S_AudioComponent_AutoActivate.uasset" 179
"../../../Engine/Content/EditorResources/LightIcons/SkyLight.uasset" 180
"../../../Engine/Content/EditorResources/LightIcons/S_LightDirectional.uasset" 181
"../../../Engine/Content/EditorResources/LightIcons/S_LightDirectionalMove.uasset" 182
"../../../Engine/Content/EditorResources/LightIcons/S_LightError.uasset" 183
"../../../Engine/Content/EditorResources/LightIcons/S_LightPoint.uasset" 184
"../../../Engine/Content/EditorResources/LightIcons/S_LightPointMove.uasset" 185
"../../../Engine/Content/EditorResources/LightIcons/S_LightSpot.uasset" 186
"../../../Engine/Content/EditorResources/LightIcons/S_LightSpotMove.uasset" 187
"../../../Engine/Content/EditorResources/SequenceRecorder/Countdown.uasset" 188
"../../../Engine/Content/EditorResources/SequenceRecorder/RecordingIndicator.uasset" 189
"../../../Engine/Content/EditorResources/Spline/T_Loft_Spline.uasset" 190
"../../../Engine/Content/EditorSounds/Notifications/CompileFailed.uasset" 191
"../../../Engine/Content/EditorSounds/Notifications/CompileFailed_Cue.uasset" 192
"../../../Engine/Content/EditorSounds/Notifications/CompileSuccess.uasset" 193
"../../../Engine/Content/EditorSounds/Notifications/CompileStart_Cue.uasset" 194
"../../../Engine/Content/EditorSounds/Notifications/CompileSuccess_Cue.uasset" 195
"../../../Engine/Content/EngineDamageTypes/DmgTypeBP_Environmental.uasset" 196
"../../../Engine/Content/EngineDebugMaterials/HeatmapGradient.uasset" 197
"../../../Engine/Content/EngineDebugMaterials/BoneWeightMaterial.uasset" 198
"../../../Engine/Content/EngineDebugMaterials/ClothMaterial.uasset" 199
"../../../Engine/Content/EngineDebugMaterials/ClothMaterial_WF.uasset" 200
"../../../Engine/Content/EngineDebugMaterials/DebugEditorMaterial.uasset" 201
"../../../Engine/Content/EngineDebugMaterials/DebugMeshMaterial.uasset" 202
"../../../Engine/Content/EngineDebugMaterials/GeomMaterial.uasset" 203
"../../../Engine/Content/EngineDebugMaterials/LevelColorationLitMaterial.uasset" 204
"../../../Engine/Content/EngineDebugMaterials/LevelColorationUnlitMaterial.uasset" 205
"../../../Engine/Content/EngineDebugMaterials/M_SimpleTranslucent.uasset" 206
"../../../Engine/Content/Functions/Engine_MaterialFunctions02/Utility/CameraDirectionVector.uasset" 207
"../../../Engine/Content/EngineDebugMaterials/VolumeToRender.uasset" 208
"../../../Engine/Content/EngineDebugMaterials/M_VolumeRenderSphereTracePP.uasset" 209
"../../../Engine/Content/EngineDebugMaterials/ShadedLevelColorationLitMaterial.uasset" 210
"../../../Engine/Content/EngineDebugMaterials/ShadedLevelColorationUnlitMateri.uasset" 211
"../../../Engine/Content/EngineDebugMaterials/VertexColorMaterial.uasset" 212
"../../../Engine/Content/EngineDebugMaterials/VertexColorViewMode_AlphaAsColor.uasset" 213
"../../../Engine/Content/EngineDebugMaterials/VertexColorViewMode_BlueOnly.uasset" 214
"../../../Engine/Content/EngineDebugMaterials/VertexColorViewMode_ColorOnly.uasset" 215
"../../../Engine/Content/EngineDebugMaterials/VertexColorViewMode_GreenOnly.uasset" 216
"../../../Engine/Content/EngineDebugMaterials/VertexColorViewMode_RedOnly.uasset" 217
"../../../Engine/Content/EngineDebugMaterials/WireframeMaterial.uasset" 218
"../../../Engine/Content/EngineFonts/Faces/RobotoTiny.uasset" 219
"../../../Engine/Content/EngineFonts/RobotoTiny.uasset" 220
"../../../Engine/Content/EngineFonts/SmallFont.uasset" 221
"../../../Engine/Content/EngineFonts/TinyFont.uasset" 222
"../../../Engine/Content/EngineMaterials/BaseFlattenDiffuseMap.uasset" 223
"../../../Engine/Content/EngineMaterials/BaseFlattenEmissiveMap.uasset" 224
"../../../Engine/Content/EngineMaterials/BaseFlattenGrayscaleMap.uasset" 225
"../../../Engine/Content/EngineMaterials/BaseFlattenNormalMap.uasset" 226
"../../../Engine/Content/EngineMaterials/BaseFlattenMaterial.uasset" 227
"../../../Engine/Content/EngineResources/WhiteSquareTexture.uasset" 228
"../../../Engine/Content/EngineMaterials/BlinkingCaret.uasset" 229
"../../../Engine/Content/EngineMaterials/BlueNoise.uasset" 230
"../../../Engine/Content/EngineMaterials/DefaultBloomKernel.uasset" 231
"../../../Engine/Content/EngineMaterials/DefaultBokeh.uasset" 232
"../../../Engine/Content/EngineMaterials/DefaultDiffuse.uasset" 233
"../../../Engine/Content/EngineMaterials/DefaultDeferredDecalMaterial.uasset" 234
"../../../Engine/Content/EngineMaterials/DefaultDiffuse_TC_Masks.uasset" 235
"../../../Engine/Content/EngineMaterials/DefaultLightFunctionMaterial.uasset" 236
"../../../Engine/Content/EngineMaterials/DefaultNormal.uasset" 237
"../../../Engine/Content/EngineMaterials/DefaultPostProcessMaterial.uasset" 238
"../../../Engine/Content/EngineFonts/RobotoDistanceField.uasset" 239
"../../../Engine/Content/EngineMaterials/DefaultTextMaterialOpaque.uasset" 240
"../../../Engine/Content/EngineMaterials/DefaultVirtualTextureMaterial.uasset" 241
"../../../Engine/Content/EngineMaterials/EditorBrushMaterial.uasset" 242
"../../../Engine/Content/EngineMaterials/DefaultWhiteGrid_Low.uasset" 243
"../../../Engine/Content/EngineMaterials/EmissiveMeshMaterial.uasset" 244
"../../../Engine/Content/EngineMaterials/Grid_N.uasset" 245
"../../../Engine/Content/EngineMaterials/HighResolutionScreenshotMaskFunction.uasset" 246
"../../../Engine/Content/EngineMaterials/HighResScreenshot.uasset" 247
"../../../Engine/Content/EngineMaterials/HighResScreenshotCaptureRegion.uasset" 248
"../../../Engine/Content/EngineMaterials/HighResScreenshotMask.uasset" 249
"../../../Engine/Content/EngineMaterials/LandscapeHolePhysicalMaterial.uasset" 250
"../../../Engine/Content/EngineMaterials/InvalidLightmapSettings.uasset" 251
"../../../Engine/Content/EngineMaterials/M_InvalidLightmapSettings.uasset" 252
"../../../Engine/Content/EngineMaterials/PaperDiffuse.uasset" 253
"../../../Engine/Content/EngineMaterials/PaperNormal.uasset" 254
"../../../Engine/Content/Functions/Engine_MaterialFunctions02/WorldPositionOffset/CameraOffset.uasset" 255
"../../../Engine/Content/EngineMaterials/PhAT_JointLimitMaterial.uasset" 256
"../../../Engine/Content/EngineMaterials/PhysMat_Rubber.uasset" 257
"../../../Engine/Content/EngineMaterials/PreintegratedSkinBRDF.uasset" 258
"../../../Engine/Content/EngineMaterials/RemoveSurfaceMaterial.uasset" 259
"../../../Engine/Content/EngineMaterials/VolumeTextureThumbnailMaterial.uasset" 260
"../../../Engine/Content/EngineMaterials/WeightMapPlaceholderTexture.uasset" 261
"../../../Engine/Content/EngineMaterials/Widget3DPassThrough.uasset" 262
"../../../Engine/Content/EngineMaterials/Widget3DPassThrough_Masked.uasset" 263
"../../../Engine/Content/EngineMaterials/Widget3DPassThrough_Opaque.uasset" 264
"../../../Engine/Content/EngineMaterials/Widget3DPassThrough_Masked_OneSided.uasset" 265
"../../../Engine/Content/EngineMaterials/Widget3DPassThrough_Opaque_OneSided.uasset" 266
"../../../Engine/Content/EngineMaterials/Widget3DPassThrough_Translucent.uasset" 267
"../../../Engine/Content/EngineMaterials/Widget3DPassThrough_Translucent_OneSided.uasset" 268
"../../../Engine/Content/EngineMeshes/Cylinder.uasset" 269
"../../../Engine/Content/EngineMeshes/Sphere.uasset" 270
"../../../Engine/Content/EngineResources/Bad.uasset" 271
"../../../Engine/Content/EngineResources/Black.uasset" 272
"../../../Engine/Content/EngineResources/DefaultTexture.uasset" 273
"../../../Engine/Content/EngineResources/DefaultTextureCube.uasset" 274
"../../../Engine/Content/EngineResources/DefaultVolumeTexture2D.uasset" 275
"../../../Engine/Content/EngineResources/DefaultVolumeTexture.uasset" 276
"../../../Engine/Content/EngineResources/GradientTexture0.uasset" 277
"../../../Engine/Content/EngineResources/StreamingPauseIcon.uasset" 278
"../../../Engine/Content/EngineResources/M_StreamingPause.uasset" 279
"../../../Engine/Content/EngineSounds/Master.uasset" 280
"../../../Engine/Content/Functions/Engine_MaterialFunctions01/Shading/PowerToRoughness.uasset" 281
"../../../Engine/Content/Maps/Templates/Thumbnails/Default.uasset" 282
"../../../Engine/Content/Maps/Templates/Thumbnails/VR-Basic.uasset" 283
"../../../Engine/Content/MapTemplates/Sky/DaylightAmbientCubemap.uasset" 284
"../../../Engine/Content/MobileResources/T_MobileControls_texture.uasset" 285
"../../../Engine/Content/MobileResources/T_MobileMenu2.uasset" 286
"../../../Engine/Content/MobileResources/HUD/AnalogHat.uasset" 287
"../../../Engine/Content/MobileResources/HUD/VirtualJoystick_Background.uasset" 288
"../../../Engine/Content/MobileResources/HUD/VirtualJoystick_Thumb.uasset" 289
"../../../Engine/Content/MobileResources/HUD/DefaultVirtualJoysticks.uasset" 290
"../../../Engine/Content/MobileResources/HUD/LeftVirtualJoystickOnly.uasset" 291
"../../../Engine/Content/MobileResources/HUD/MobileHUDButton1_off.uasset" 292
"../../../Engine/Content/MobileResources/HUD/MobileHUDButton1_on.uasset" 293
"../../../Engine/Content/MobileResources/HUD/MobileHUDButton2_off.uasset" 294
"../../../Engine/Content/MobileResources/HUD/MobileHUDButton2_on.uasset" 295
"../../../Engine/Content/MobileResources/HUD/MobileHUDButton3.uasset" 296
"../../../Engine/Content/MobileResources/HUD/MobileHUDButtonFire.uasset" 297
"../../../Engine/Content/MobileResources/HUD/MobileHUDDirectionPad.uasset" 298
"../../../Engine/Content/MobileResources/HUD/MobileHUDDirectionPad2.uasset" 299
"../../../Engine/Content/MobileResources/HUD/MobileHUDDirectionPad3.uasset" 300
"../../../Engine/Content/MobileResources/HUD/MobileHUDDirectionStick.uasset" 301
"../../../Engine/Content/MobileResources/HUD/T_Castle_ThumbstickInner.uasset" 302
"../../../Engine/Content/MobileResources/HUD/T_Castle_ThumbstickOutter.uasset" 303
"../../../Engine/Content/Tutorial/ContentIntroCurve.uasset" 304
"../../../Engine/Content/Tutorial/Basics/LevelEditorAttract.uasset" 305
"../../../Engine/Content/Tutorial/Basics/TutorialAssets/icon_tab_Levels_40x.uasset" 306
"../../../Engine/Content/Tutorial/Basics/LevelEditorOverview.uasset" 307
"../../../Engine/Content/Tutorial/BlueprintTutorials/TutorialAssets/Blueprint_64x.uasset" 308
"../../../Engine/Content/Tutorial/BlueprintTutorials/BlueprintEditorTutorial.uasset" 309
"../../../Engine/Content/Tutorial/BlueprintTutorials/TutorialAssets/Tutorial_BP_MacroLib.uasset" 310
"../../../Engine/Content/Tutorial/SubEditors/MaterialEditorTutorial.uasset" 311
"../../../Engine/Content/Tutorial/SubEditors/TutorialAssets/TutorialMaterial.uasset" 312
"../../../Engine/Content/VREditor/LaserPointer/VR_LaserPower_01.uasset" 313
"../../../Engine/Content/VREditor/TransformGizmo/TransformGizmoMaterial.uasset" 314
"../../../Engine/Content/VREditor/TransformGizmo/TranslucentTransformGizmoMaterial.uasset" 315
"../../../Engine/Content/VREditor/TransformGizmo/BoundingBoxCorner.uasset" 316
"../../../Engine/Content/VREditor/TransformGizmo/BoundingBoxEdge.uasset" 317
"../../../Engine/Content/VREditor/TransformGizmo/PlaneTranslationHandle.uasset" 318
"../../../Engine/Content/VREditor/TransformGizmo/Main.uasset" 319
"../../../Engine/Content/VREditor/TransformGizmo/Xray.uasset" 320
"../../../Engine/Content/VREditor/TransformGizmo/SM_Sequencer_Key.uasset" 321
"../../../Engine/Content/VREditor/TransformGizmo/SM_Sequencer_Node.uasset" 322
"E:/VRBlockchainGame/VRBlockchain_Base/Content/EtherlinkerExampleProject/Audio/Environment/Blueprint_Music_Stealth01.uasset" 323
"E:/VRBlockchainGame/VRBlockchain_Base/Content/EtherlinkerExampleProject/Audio/Environment/Blueprint_Music_Stealth01_Cue.uasset" 324
"E:/VRBlockchainGame/VRBlockchain_Base/Content/EtherlinkerExampleProject/Blueprints/Environment/BP_DemoDisplay_Enum.uasset" 325
"E:/VRBlockchainGame/VRBlockchain_Base/Content/EtherlinkerExampleProject/Blueprints/Environment/BP_DemoRoom_Enum.uasset" 326
"E:/VRBlockchainGame/VRBlockchain_Base/Content/EtherlinkerExampleProject/Blueprints/Environment/DemoRoomStruct.uasset" 327
"E:/VRBlockchainGame/VRBlockchain_Base/Content/EtherlinkerExampleProject/Materials/Environment/DefaultTextMaterialTranslucentUnlit.uasset" 328
"E:/VRBlockchainGame/VRBlockchain_Base/Content/EtherlinkerExampleProject/Textures/Environment/T_UnrealEngineDecal.uasset" 329
"E:/VRBlockchainGame/VRBlockchain_Base/Content/EtherlinkerExampleProject/Materials/Environment/M_Glass_02.uasset" 330
"E:/VRBlockchainGame/VRBlockchain_Base/Content/EtherlinkerExampleProject/Textures/Environment/T_RoomTiles_M.uasset" 331
"E:/VRBlockchainGame/VRBlockchain_Base/Content/EtherlinkerExampleProject/Textures/Environment/T_RoomTiles_N.uasset" 332
"E:/VRBlockchainGame/VRBlockchain_Base/Content/EtherlinkerExampleProject/Materials/Environment/M_DemoRoomTiles.uasset" 333
"E:/VRBlockchainGame/VRBlockchain_Base/Content/EtherlinkerExampleProject/Audio/Physical_Materials/Concrete.uasset" 334
"E:/VRBlockchainGame/VRBlockchain_Base/Content/EtherlinkerExampleProject/Materials/Environment/M_DemoRoomTiles_Inst.uasset" 335
"E:/VRBlockchainGame/VRBlockchain_Base/Content/EtherlinkerExampleProject/Textures/Environment/T_Pattern_M.uasset" 336
"E:/VRBlockchainGame/VRBlockchain_Base/Content/EtherlinkerExampleProject/Materials/Environment/M_DemoWallPattern.uasset" 337
"E:/VRBlockchainGame/VRBlockchain_Base/Content/EtherlinkerExampleProject/Audio/Physical_Materials/Metal.uasset" 338
"E:/VRBlockchainGame/VRBlockchain_Base/Content/EtherlinkerExampleProject/Materials/Environment/M_DemoWallPattern_Inst.uasset" 339
"E:/VRBlockchainGame/VRBlockchain_Base/Content/EtherlinkerExampleProject/Materials/Environment/M_DemoWallPattern_Inst_Mirrored.uasset" 340
"E:/VRBlockchainGame/VRBlockchain_Base/Content/EtherlinkerExampleProject/Materials/Environment/M_DemoWallPattern_NoText.uasset" 341
"E:/VRBlockchainGame/VRBlockchain_Base/Content/EtherlinkerExampleProject/Materials/Environment/M_Glass_Inst.uasset" 342
"E:/VRBlockchainGame/VRBlockchain_Base/Content/EtherlinkerExampleProject/Materials/Environment/M_DemoWall.uasset" 343
"E:/VRBlockchainGame/VRBlockchain_Base/Content/EtherlinkerExampleProject/Audio/Physical_Materials/Rubber.uasset" 344
"E:/VRBlockchainGame/VRBlockchain_Base/Content/EtherlinkerExampleProject/Materials/Environment/M_DemoWall_Inst.uasset" 345
"E:/VRBlockchainGame/VRBlockchain_Base/Content/EtherlinkerExampleProject/Materials/Environment/M_DemoWall_Inst_3.uasset" 346
"E:/VRBlockchainGame/VRBlockchain_Base/Content/EtherlinkerExampleProject/Meshes/Environment/SM_DemoDivider_1.uasset" 347
"E:/VRBlockchainGame/VRBlockchain_Base/Content/EtherlinkerExampleProject/Meshes/Environment/SM_DemoDivider_2.uasset" 348
"E:/VRBlockchainGame/VRBlockchain_Base/Content/EtherlinkerExampleProject/Materials/Common/M_Simple.uasset" 349
"E:/VRBlockchainGame/VRBlockchain_Base/Content/EtherlinkerExampleProject/Materials/Common/M_White.uasset" 350
"E:/VRBlockchainGame/VRBlockchain_Base/Content/EtherlinkerExampleProject/Meshes/Environment/SM_DemoRoomBackWall.uasset" 351
"E:/VRBlockchainGame/VRBlockchain_Base/Content/EtherlinkerExampleProject/Materials/Environment/M_DemoWall_MattPlastic.uasset" 352
"E:/VRBlockchainGame/VRBlockchain_Base/Content/EtherlinkerExampleProject/Meshes/Environment/SM_DemoRoomBackWall2.uasset" 353
"E:/VRBlockchainGame/VRBlockchain_Base/Content/EtherlinkerExampleProject/Materials/Environment/M_DemoWall_Inst2.uasset" 354
"E:/VRBlockchainGame/VRBlockchain_Base/Content/EtherlinkerExampleProject/Materials/Environment/M_LightTube.uasset" 355
"E:/VRBlockchainGame/VRBlockchain_Base/Content/EtherlinkerExampleProject/Materials/Environment/M_LightTube_Inst.uasset" 356
"E:/VRBlockchainGame/VRBlockchain_Base/Content/EtherlinkerExampleProject/Meshes/Environment/SM_DemoRoomClamp.uasset" 357
"E:/VRBlockchainGame/VRBlockchain_Base/Content/EtherlinkerExampleProject/Meshes/Environment/SM_DemoRoomClamp2.uasset" 358
"E:/VRBlockchainGame/VRBlockchain_Base/Content/EtherlinkerExampleProject/Meshes/Environment/SM_DemoRoomL.uasset" 359
"E:/VRBlockchainGame/VRBlockchain_Base/Content/EtherlinkerExampleProject/Meshes/Environment/SM_DemoRoomLTrim.uasset" 360
"E:/VRBlockchainGame/VRBlockchain_Base/Content/EtherlinkerExampleProject/Meshes/Environment/SM_DemoRoomTrim.uasset" 361
"E:/VRBlockchainGame/VRBlockchain_Base/Content/EtherlinkerExampleProject/Meshes/Environment/SM_DemoRoomTrim2.uasset" 362
"E:/VRBlockchainGame/VRBlockchain_Base/Content/EtherlinkerExampleProject/Materials/Environment/M_DemoWall_Inst_NamePlate.uasset" 363
"E:/VRBlockchainGame/VRBlockchain_Base/Content/EtherlinkerExampleProject/Meshes/Environment/SM_DemoRoomTrimAdd.uasset" 364
"E:/VRBlockchainGame/VRBlockchain_Base/Content/EtherlinkerExampleProject/Meshes/Environment/SM_DemoRoomU.uasset" 365
"E:/VRBlockchainGame/VRBlockchain_Base/Content/EtherlinkerExampleProject/Meshes/Environment/SM_DemoRoomU2.uasset" 366
"E:/VRBlockchainGame/VRBlockchain_Base/Content/EtherlinkerExampleProject/Materials/Environment/M_DemoWall_Inst_BaseFloor_Inst.uasset" 367
"E:/VRBlockchainGame/VRBlockchain_Base/Content/EtherlinkerExampleProject/Meshes/Environment/SM_DemoRoomU_Hole.uasset" 368
"E:/VRBlockchainGame/VRBlockchain_Base/Content/EtherlinkerExampleProject/Meshes/Environment/SM_URoom_Wall.uasset" 369
"E:/VRBlockchainGame/VRBlockchain_Base/Content/EtherlinkerExampleProject/Meshes/Environment/SM_URoom_Wall2.uasset" 370
"E:/VRBlockchainGame/VRBlockchain_Base/Content/EtherlinkerExampleProject/Blueprints/Environment/BP_DemoRoom.uasset" 371
"E:/VRBlockchainGame/VRBlockchain_Base/Content/EtherlinkerExampleProject/Meshes/Environment/SM_Base.uasset" 372
"E:/VRBlockchainGame/VRBlockchain_Base/Content/EtherlinkerExampleProject/Meshes/Environment/SM_Base_FlatWall.uasset" 373
"E:/VRBlockchainGame/VRBlockchain_Base/Content/EtherlinkerExampleProject/Blueprints/Environment/RoomDescription.uasset" 374
"E:/VRBlockchainGame/VRBlockchain_Base/Content/EtherlinkerExampleProject/Blueprints/Player/Global/BP_GameInstance.uasset" 375
"E:/VRBlockchainGame/VRBlockchain_Base/Content/EtherlinkerExampleProject/Meshes/Bear/Bear_Export_Skeleton.uasset" 376
"E:/VRBlockchainGame/VRBlockchain_Base/Content/EtherlinkerExampleProject/Animations/Bear/ExoGame_Bears_Idle.uasset" 377
"E:/VRBlockchainGame/VRBlockchain_Base/Content/EtherlinkerExampleProject/Animations/Bear/ExoGame_Bears_Walk.uasset" 378
"E:/VRBlockchainGame/VRBlockchain_Base/Content/EtherlinkerExampleProject/Animations/Bear/BS_IdleWalk.uasset" 379
"E:/VRBlockchainGame/VRBlockchain_Base/Content/EtherlinkerExampleProject/Animations/Bear/Bear_Export_Skeleton_AnimBlueprint.uasset" 380
"E:/VRBlockchainGame/VRBlockchain_Base/Content/EtherlinkerExampleProject/Blueprints/Player/Global/BP_ERC721EntityActor.uasset" 381
"E:/VRBlockchainGame/VRBlockchain_Base/Content/EtherlinkerExampleProject/Blueprints/UI/Widgets/BP_WalletCardAddress_UI.uasset" 382
"E:/VRBlockchainGame/VRBlockchain_Base/Content/EtherlinkerExampleProject/Textures/Bear/T_Bear_D.uasset" 383
"E:/VRBlockchainGame/VRBlockchain_Base/Content/EtherlinkerExampleProject/Textures/Bear/T_Bear_M.uasset" 384
"E:/VRBlockchainGame/VRBlockchain_Base/Content/EtherlinkerExampleProject/Textures/Bear/T_Bear_N.uasset" 385
"E:/VRBlockchainGame/VRBlockchain_Base/Content/EtherlinkerExampleProject/Materials/Bear/M_Bear_Master.uasset" 386
"E:/VRBlockchainGame/VRBlockchain_Base/Content/EtherlinkerExampleProject/Materials/Bear/M_Bear_Stone_Inst.uasset" 387
"E:/VRBlockchainGame/VRBlockchain_Base/Content/EtherlinkerExampleProject/Meshes/Bear/Bear_Physics.uasset" 388
"E:/VRBlockchainGame/VRBlockchain_Base/Content/EtherlinkerExampleProject/Meshes/Bear/Bear.uasset" 389
"E:/VRBlockchainGame/VRBlockchain_Base/Content/EtherlinkerExampleProject/Blueprints/Pets/Bear/BP_Bear_Pet.uasset" 390
"E:/VRBlockchainGame/VRBlockchain_Base/Content/EtherlinkerExampleProject/Blueprints/Player/Global/BP_ERC721EntityInteractor.uasset" 391
"E:/VRBlockchainGame/VRBlockchain_Base/Content/EtherlinkerExampleProject/Blueprints/Player/Global/BP_ERC721TokenUser.uasset" 392
"E:/VRBlockchainGame/VRBlockchain_Base/Content/EtherlinkerExampleProject/Blueprints/Player/Global/BP_EtherInteractor.uasset" 393
"E:/VRBlockchainGame/VRBlockchain_Base/Content/EtherlinkerExampleProject/Blueprints/Player/Global/BP_EtherManagerHolder.uasset" 394
"E:/VRBlockchainGame/VRBlockchain_Base/Content/EtherlinkerExampleProject/Blueprints/Player/Global/BP_OperationTypes.uasset" 395
"E:/VRBlockchainGame/VRBlockchain_Base/Content/EtherlinkerExampleProject/Blueprints/Player/Global/BP_EtherInteractorComponent.uasset" 396
"E:/VRBlockchainGame/VRBlockchain_Base/Content/EtherlinkerExampleProject/Blueprints/Player/Global/BP_UsableActor.uasset" 397
"../../../Engine/Content/EngineMeshes/Humanoid.uasset" 398
"E:/VRBlockchainGame/VRBlockchain_Base/Content/EtherlinkerExampleProject/Meshes/Player/VR/MannequinHand_Right_Skeleton.uasset" 399
"E:/VRBlockchainGame/VRBlockchain_Base/Content/EtherlinkerExampleProject/Animations/Player/VR/MannequinHand_Right_CanGrab.uasset" 400
"E:/VRBlockchainGame/VRBlockchain_Base/Content/EtherlinkerExampleProject/Animations/Player/VR/MannequinHand_Right_Grab.uasset" 401
"E:/VRBlockchainGame/VRBlockchain_Base/Content/EtherlinkerExampleProject/Animations/Player/VR/MannequinHand_Right_Open.uasset" 402
"E:/VRBlockchainGame/VRBlockchain_Base/Content/EtherlinkerExampleProject/Animations/Player/VR/RightGrip_BS.uasset" 403
"E:/VRBlockchainGame/VRBlockchain_Base/Content/EtherlinkerExampleProject/Blueprints/Player/VR/GripEnum.uasset" 404
"E:/VRBlockchainGame/VRBlockchain_Base/Content/EtherlinkerExampleProject/Animations/Player/VR/RightHand_AnimBP.uasset" 405
"E:/VRBlockchainGame/VRBlockchain_Base/Content/EtherlinkerExampleProject/Blueprints/Player/VR/PickupActorInterface.uasset" 406
"E:/VRBlockchainGame/VRBlockchain_Base/Content/EtherlinkerExampleProject/Blueprints/Player/VR/MotionControllerHaptics.uasset" 407
"../../../Engine/Content/Functions/Engine_MaterialFunctions02/Utility/DepthFromWorldPosition.uasset" 408
"E:/VRBlockchainGame/VRBlockchain_Base/Content/EtherlinkerExampleProject/Materials/Player/VR/MF_OccludedPixels.uasset" 409
"E:/VRBlockchainGame/VRBlockchain_Base/Content/EtherlinkerExampleProject/Materials/Player/VR/TeleportMCP.uasset" 410
"../../../Engine/Content/EngineMaterials/Good64x64TilingNoiseHighFreq.uasset" 411
"E:/VRBlockchainGame/VRBlockchain_Base/Content/EtherlinkerExampleProject/Materials/Player/VR/M_ArcEndpoint.uasset" 412
"E:/VRBlockchainGame/VRBlockchain_Base/Content/EtherlinkerExampleProject/Materials/Player/VR/M_SplineArcMat.uasset" 413
"E:/VRBlockchainGame/VRBlockchain_Base/Content/EtherlinkerExampleProject/Materials/Common/MF_CheckIfHands.uasset" 414
"E:/VRBlockchainGame/VRBlockchain_Base/Content/EtherlinkerExampleProject/Materials/Common/M_Widget3DPassThrough.uasset" 415
"E:/VRBlockchainGame/VRBlockchain_Base/Content/EtherlinkerExampleProject/Materials/Common/M_Widget3DPassThrough_Inst.uasset" 416
"E:/VRBlockchainGame/VRBlockchain_Base/Content/EtherlinkerExampleProject/Materials/Master/M_Light_Master.uasset" 417
"E:/VRBlockchainGame/VRBlockchain_Base/Content/EtherlinkerExampleProject/Materials/Master/M_Light_Red.uasset" 418
"E:/VRBlockchainGame/VRBlockchain_Base/Content/EtherlinkerExampleProject/Textures/Player/VR/UE4_Mannequin__normals.uasset" 419
"E:/VRBlockchainGame/VRBlockchain_Base/Content/EtherlinkerExampleProject/Textures/Player/VR/UE4_Mannequin_MAT_MASKA.uasset" 420
"E:/VRBlockchainGame/VRBlockchain_Base/Content/EtherlinkerExampleProject/Materials/Player/VR/M_HandMat.uasset" 421
"E:/VRBlockchainGame/VRBlockchain_Base/Content/EtherlinkerExampleProject/Materials/Player/VR/M_HandMat_Inst.uasset" 422
"E:/VRBlockchainGame/VRBlockchain_Base/Content/EtherlinkerExampleProject/Materials/Player/VR/M_TeleportPreviews.uasset" 423
"E:/VRBlockchainGame/VRBlockchain_Base/Content/EtherlinkerExampleProject/Materials/Player/VR/MI_ChaperoneOutline.uasset" 424
"E:/VRBlockchainGame/VRBlockchain_Base/Content/EtherlinkerExampleProject/Materials/Player/VR/MI_TeleportCylinderPreview.uasset" 425
"../../../Engine/Content/BasicShapes/Cylinder.uasset" 426
"../../../Engine/Content/BasicShapes/Sphere.uasset" 427
"E:/VRBlockchainGame/VRBlockchain_Base/Content/EtherlinkerExampleProject/Blueprints/Player/Global/BP_EtherPlayerController.uasset" 428
"E:/VRBlockchainGame/VRBlockchain_Base/Content/EtherlinkerExampleProject/Blueprints/UI/Widgets/BP_WalletInitializationChecker_UI.uasset" 429
"E:/VRBlockchainGame/VRBlockchain_Base/Content/EtherlinkerExampleProject/Blueprints/UI/Widgets/BP_VRMenuSelector_UI.uasset" 430
"E:/VRBlockchainGame/VRBlockchain_Base/Content/EtherlinkerExampleProject/Meshes/Player/VR/1x1_cube.uasset" 431
"E:/VRBlockchainGame/VRBlockchain_Base/Content/EtherlinkerExampleProject/Meshes/Player/VR/BeaconDirection.uasset" 432
"E:/VRBlockchainGame/VRBlockchain_Base/Content/EtherlinkerExampleProject/Meshes/Player/VR/BeamMesh.uasset" 433
"E:/VRBlockchainGame/VRBlockchain_Base/Content/EtherlinkerExampleProject/Meshes/Player/VR/MannequinHand_Right_PhysicsAsset.uasset" 434
"E:/VRBlockchainGame/VRBlockchain_Base/Content/EtherlinkerExampleProject/Meshes/Player/VR/MannequinHand_Right.uasset" 435
"E:/VRBlockchainGame/VRBlockchain_Base/Content/EtherlinkerExampleProject/Meshes/Player/VR/SM_FatCylinder.uasset" 436
"E:/VRBlockchainGame/VRBlockchain_Base/Content/EtherlinkerExampleProject/Blueprints/Player/VR/BP_MotionController.uasset" 437
"../../../Engine/Content/Functions/Engine_MaterialFunctions01/Gradient/SphereGradient-2D.uasset" 438
"../../../Engine/Content/Functions/Engine_MaterialFunctions02/Utility/VectorToRadialValue.uasset" 439
"E:/VRBlockchainGame/VRBlockchain_Base/Content/EtherlinkerExampleProject/Materials/Common/M_ProgressCircle.uasset" 440
"E:/VRBlockchainGame/VRBlockchain_Base/Content/EtherlinkerExampleProject/Materials/Common/MI_ProgressCircle.uasset" 441
"E:/VRBlockchainGame/VRBlockchain_Base/Content/EtherlinkerExampleProject/Blueprints/UI/Widgets/BP_Terminal_UI.uasset" 442
"E:/VRBlockchainGame/VRBlockchain_Base/Content/EtherlinkerExampleProject/Audio/Environment/Blueprints_TextPop01.uasset" 443
"E:/VRBlockchainGame/VRBlockchain_Base/Content/EtherlinkerExampleProject/Audio/Environment/Text_Pop.uasset" 444
"E:/VRBlockchainGame/VRBlockchain_Base/Content/EtherlinkerExampleProject/Audio/Environment/Text_Pop_Cue.uasset" 445
"E:/VRBlockchainGame/VRBlockchain_Base/Content/EtherlinkerExampleProject/Blueprints/Player/Global/BP_ParamTypes.uasset" 446
"E:/VRBlockchainGame/VRBlockchain_Base/Content/EtherlinkerExampleProject/Materials/Common/M_Black.uasset" 447
"../../../Engine/Content/Functions/Engine_MaterialFunctions01/Gradient/LinearGradient.uasset" 448
"../../../Engine/Content/Functions/Engine_MaterialFunctions01/ImageAdjustment/CheapContrast.uasset" 449
"../../../Engine/Content/Functions/Engine_MaterialFunctions01/Texturing/FlattenNormal.uasset" 450
"../../../Engine/Content/Functions/Engine_MaterialFunctions01/Texturing/WorldAlignedTexture.uasset" 451
"../../../Engine/Content/Functions/Engine_MaterialFunctions02/SafeNormalize.uasset" 452
"../../../Engine/Content/Functions/Engine_MaterialFunctions02/Math/CreateThirdOrthogonalVector.uasset" 453
"../../../Engine/Content/Functions/Engine_MaterialFunctions02/Utility/BreakOutFloat3Components.uasset" 454
"../../../Engine/Content/Functions/Engine_MaterialFunctions02/Math/Transform3x3Matrix.uasset" 455
"../../../Engine/Content/Functions/Engine_MaterialFunctions02/Texturing/CustomRotator.uasset" 456
"../../../Engine/Content/Functions/Engine_MaterialFunctions02/Texturing/HeightLerpWithTwoHeightMaps.uasset" 457
"../../../Engine/Content/Functions/Engine_MaterialFunctions02/ExampleContent/Textures/SphereRenderNormalsMap.uasset" 458
"../../../Engine/Content/Functions/Engine_MaterialFunctions02/WorldAlignedNormals_HighQuality.uasset" 459
"../../../Engine/Content/EngineMaterials/DefaultNormal_Uncompressed.uasset" 460
"../../../Engine/Content/Functions/Engine_MaterialFunctions02/Texturing/WorldAlignedTextures_Complex.uasset" 461
"../../../Engine/Content/Functions/Engine_MaterialFunctions02/Utility/BlendAngleCorrectedNormals.uasset" 462
"E:/VRBlockchainGame/VRBlockchain_Base/Content/EtherlinkerExampleProject/Textures/Common/T_Template_AORM.uasset" 463
"E:/VRBlockchainGame/VRBlockchain_Base/Content/EtherlinkerExampleProject/Textures/Common/T_Template_BaseColor.uasset" 464
"E:/VRBlockchainGame/VRBlockchain_Base/Content/EtherlinkerExampleProject/Textures/Common/T_Template_Normal.uasset" 465
"E:/VRBlockchainGame/VRBlockchain_Base/Content/EtherlinkerExampleProject/Materials/Master/M_UVTiling.uasset" 466
"E:/VRBlockchainGame/VRBlockchain_Base/Content/EtherlinkerExampleProject/Materials/Master/MI_UVTiling_Inst.uasset" 467
"E:/VRBlockchainGame/VRBlockchain_Base/Content/EtherlinkerExampleProject/Textures/Props/Server_Terminal_01/T_AORM.uasset" 468
"E:/VRBlockchainGame/VRBlockchain_Base/Content/EtherlinkerExampleProject/Textures/Props/Server_Terminal_01/T_BaseColor.uasset" 469
"E:/VRBlockchainGame/VRBlockchain_Base/Content/EtherlinkerExampleProject/Textures/Props/Server_Terminal_01/T_Normal.uasset" 470
"E:/VRBlockchainGame/VRBlockchain_Base/Content/EtherlinkerExampleProject/Materials/Props/MI_Server_Terminal.uasset" 471
"E:/VRBlockchainGame/VRBlockchain_Base/Content/EtherlinkerExampleProject/Meshes/Props/SM_Server_Terminal_01.uasset" 472
"E:/VRBlockchainGame/VRBlockchain_Base/Content/EtherlinkerExampleProject/Blueprints/Props/BP_ERC721EntitySummonTerminal.uasset" 473
"E:/VRBlockchainGame/VRBlockchain_Base/Content/EtherlinkerExampleProject/Blueprints/Props/BP_Terminal_01.uasset" 474
"E:/VRBlockchainGame/VRBlockchain_Base/Content/EtherlinkerExampleProject/Materials/Environment/M_Button_Chrome.uasset" 475
"E:/VRBlockchainGame/VRBlockchain_Base/Content/EtherlinkerExampleProject/Meshes/Props/SM_Tablet_01.uasset" 476
"E:/VRBlockchainGame/VRBlockchain_Base/Content/EtherlinkerExampleProject/Blueprints/Props/BP_PortableTerminal_01.uasset" 477
"E:/VRBlockchainGame/VRBlockchain_Base/Content/EtherlinkerExampleProject/Blueprints/Player/Global/BP_AuthenticationDevice.uasset" 478
"E:/VRBlockchainGame/VRBlockchain_Base/Content/EtherlinkerExampleProject/Textures/Props/WalletCard_01/T_AORM.uasset" 479
"E:/VRBlockchainGame/VRBlockchain_Base/Content/EtherlinkerExampleProject/Textures/Props/WalletCard_01/T_BaseColor.uasset" 480
"E:/VRBlockchainGame/VRBlockchain_Base/Content/EtherlinkerExampleProject/Textures/Props/WalletCard_01/T_Normal.uasset" 481
"E:/VRBlockchainGame/VRBlockchain_Base/Content/EtherlinkerExampleProject/Materials/Props/MI_WalletCard.uasset" 482
"E:/VRBlockchainGame/VRBlockchain_Base/Content/EtherlinkerExampleProject/Meshes/Props/SM_WalletCard_01.uasset" 483
"E:/VRBlockchainGame/VRBlockchain_Base/Content/EtherlinkerExampleProject/Blueprints/Props/BP_WalletCard.uasset" 484
"E:/VRBlockchainGame/VRBlockchain_Base/Content/EtherlinkerExampleProject/Textures/Props/AuthenticationDevice_01/T_AORM.uasset" 485
"E:/VRBlockchainGame/VRBlockchain_Base/Content/EtherlinkerExampleProject/Textures/Props/AuthenticationDevice_01/T_BaseColor.uasset" 486
"E:/VRBlockchainGame/VRBlockchain_Base/Content/EtherlinkerExampleProject/Textures/Props/AuthenticationDevice_01/T_Emissive.uasset" 487
"E:/VRBlockchainGame/VRBlockchain_Base/Content/EtherlinkerExampleProject/Textures/Props/AuthenticationDevice_01/T_Normal.uasset" 488
"E:/VRBlockchainGame/VRBlockchain_Base/Content/EtherlinkerExampleProject/Materials/Props/MI_AuthenticationDevice.uasset" 489
"E:/VRBlockchainGame/VRBlockchain_Base/Content/EtherlinkerExampleProject/Meshes/Props/SM_AuthenticationDevice_01.uasset" 490
"E:/VRBlockchainGame/VRBlockchain_Base/Content/EtherlinkerExampleProject/Blueprints/Props/BP_WalletCardAuthenticationDevice.uasset" 491
"../../../Engine/Content/BasicShapes/Cube.uasset" 492
"E:/VRBlockchainGame/VRBlockchain_Base/Content/EtherlinkerExampleProject/Blueprints/UI/Widgets/BP_VROnlyText_UI.uasset" 493
"E:/VRBlockchainGame/VRBlockchain_Base/Content/EtherlinkerExampleProject/Blueprints/Triggers/BP_VROnlyBlockingVolume.uasset" 494
"E:/VRBlockchainGame/VRBlockchain_Base/Content/EtherlinkerExampleProject/Blueprints/UI/Widgets/UI_ScalingCurve.uasset" 495
"E:/VRBlockchainGame/VRBlockchain_Base/Content/EtherlinkerExampleProject/Materials/Common/M_Gray.uasset" 496
"E:/VRBlockchainGame/VRBlockchain_Base/Content/EtherlinkerExampleProject/Materials/Common/M_OutlineCustomDepthOcclusion.uasset" 497
"E:/VRBlockchainGame/VRBlockchain_Base/Content/EtherlinkerExampleProject/Materials/Common/M_OutlineCustomDepthOcclusion_Inst.uasset" 498
"E:/VRBlockchainGame/VRBlockchain_Base/Content/EtherlinkerExampleProject/Materials/Lights/MI_Light_02.uasset" 499
"E:/VRBlockchainGame/VRBlockchain_Base/Content/EtherlinkerExampleProject/Textures/LUT/T_LUT_01.uasset" 500
"E:/VRBlockchainGame/VRBlockchain_Base/Content/Materials/Textures/T_Circle.uasset" 501
"../../Plugins/2D/Paper2D/Content/PlaceholderTextures/DummySpriteTexture.uasset" 502
"../../Plugins/2D/Paper2D/Content/DummySprite.uasset" 503
"../../Plugins/2D/Paper2D/Content/DefaultPaperTerrainMaterial.uasset" 504
"../../Plugins/2D/Paper2D/Content/DefaultSpriteMaterial.uasset" 505
"../../Plugins/2D/Paper2D/Content/MaskedUnlitSpriteMaterial.uasset" 506
"../../Plugins/2D/Paper2D/Content/OpaqueUnlitSpriteMaterial.uasset" 507
"../../Plugins/Enterprise/DatasmithContent/Content/Blueprints/FBXImporter/ArrayOfActor.uasset" 508
"../../Plugins/Enterprise/DatasmithContent/Content/Blueprints/FBXImporter/ArrayOfSwitch.uasset" 509
"../../Plugins/Enterprise/DatasmithContent/Content/Blueprints/FBXImporter/BP_SceneNode.uasset" 510
"../../Plugins/Enterprise/DatasmithContent/Content/Blueprints/FBXImporter/BP_Switch.uasset" 511
"../../Plugins/Enterprise/DatasmithContent/Content/Blueprints/FBXImporter/BP_SceneRoot.uasset" 512
"../../Plugins/Enterprise/DatasmithContent/Content/Blueprints/FBXImporter/FBXImporterUtils.uasset" 513
"../../Plugins/Enterprise/DatasmithContent/Content/Blueprints/FBXImporter/Animation/DeltaGenAnimationTrackType.uasset" 514
"../../Plugins/Enterprise/DatasmithContent/Content/Blueprints/FBXImporter/Animation/VREDAnimationTrackComponent.uasset" 515
"../../Plugins/Enterprise/DatasmithContent/Content/Blueprints/FBXImporter/Animation/VREDAnimationTrackType.uasset" 516
"../../Plugins/Enterprise/DatasmithContent/Content/Blueprints/FBXImporter/Animation/VREDAnimCurveComponent.uasset" 517
"../../Plugins/Enterprise/DatasmithContent/Content/Blueprints/FBXImporter/Animation/VREDAnimCurveType.uasset" 518
"../../Plugins/Enterprise/DatasmithContent/Content/Blueprints/FBXImporter/Variants/VariantSwitchType.uasset" 519
"../../Plugins/Enterprise/DatasmithContent/Content/Blueprints/FBXImporter/Variants/VREDVariantSwitchType.uasset" 520
"../../Plugins/Enterprise/DatasmithContent/Content/Blueprints/FBXImporter/Variants/VREDVariantType.uasset" 521
"../../Plugins/Runtime/Oculus/OculusVR/Content/OculusMR_RenderTarget.uasset" 522
"../../../Engine/Content/Functions/Engine_MaterialFunctions02/Utility/BreakOutFloat4Components.uasset" 523
"../../Plugins/Runtime/Oculus/OculusVR/Content/Materials/OculusMR_ChromaKey.uasset" 524
"../../Plugins/Runtime/Oculus/OculusVR/Content/Materials/OculusMR_ChromaKey_Lit.uasset" 525
"../../Plugins/Runtime/Oculus/OculusVR/Content/Materials/OculusMR_OpaqueColoredMaterial.uasset" 526
"../../Plugins/Runtime/Oculus/OculusVR/Content/Materials/OculusMR_WhiteMaterial.uasset" 527
"../../../Engine/Content/Maps/Entry_BuiltData.uasset" 528
"../../../Engine/Content/Maps/Entry.umap" 529
"../../../Engine/Content/EditorBlueprintResources/ActorMacros.uasset" 530
"E:/VRBlockchainGame/VRBlockchain_Base/Content/EtherlinkerExampleProject/Meshes/Player/NonVR/UE4_Mannequin_Skeleton.uasset" 531
"E:/VRBlockchainGame/VRBlockchain_Base/Content/EtherlinkerExampleProject/Animations/Player/NonVR/ThirdPerson_Jump.uasset" 532
"E:/VRBlockchainGame/VRBlockchain_Base/Content/EtherlinkerExampleProject/Animations/Player/NonVR/ThirdPersonJump_Loop.uasset" 533
"E:/VRBlockchainGame/VRBlockchain_Base/Content/EtherlinkerExampleProject/Animations/Player/NonVR/ThirdPersonJump_Start.uasset" 534
"E:/VRBlockchainGame/VRBlockchain_Base/Content/EtherlinkerExampleProject/Animations/Player/NonVR/ThirdPersonIdle.uasset" 535
"E:/VRBlockchainGame/VRBlockchain_Base/Content/EtherlinkerExampleProject/Animations/Player/NonVR/ThirdPersonRun.uasset" 536
"E:/VRBlockchainGame/VRBlockchain_Base/Content/EtherlinkerExampleProject/Animations/Player/NonVR/ThirdPersonWalk.uasset" 537
"E:/VRBlockchainGame/VRBlockchain_Base/Content/EtherlinkerExampleProject/Animations/Player/NonVR/ThirdPerson_IdleRun_2D.uasset" 538
"E:/VRBlockchainGame/VRBlockchain_Base/Content/EtherlinkerExampleProject/Animations/Player/NonVR/ThirdPerson_AnimBP.uasset" 539
"E:/VRBlockchainGame/VRBlockchain_Base/Content/EtherlinkerExampleProject/Blueprints/Player/Global/BP_FPSCharacter.uasset" 540
"E:/VRBlockchainGame/VRBlockchain_Base/Content/EtherlinkerExampleProject/Blueprints/Player/Global/BP_InteractionComponent.uasset" 541
"../../../Engine/Content/Functions/MaterialLayerFunctions/MatLayerBlend_AO.uasset" 542
"../../../Engine/Content/Functions/MaterialLayerFunctions/MatLayerBlend_NormalBlend.uasset" 543
"../../../Engine/Content/Functions/MaterialLayerFunctions/MatLayerBlend_Simple.uasset" 544
"E:/VRBlockchainGame/VRBlockchain_Base/Content/Characters/UE4_Mannequin/Materials/MaterialLayers/T_ML_Rubber_Blue_01_D.uasset" 545
"E:/VRBlockchainGame/VRBlockchain_Base/Content/Characters/UE4_Mannequin/Materials/MaterialLayers/T_ML_Rubber_Blue_01_N.uasset" 546
"E:/VRBlockchainGame/VRBlockchain_Base/Content/Characters/UE4_Mannequin/Materials/MaterialLayers/ML_GlossyBlack_Latex_UE4.uasset" 547
"E:/VRBlockchainGame/VRBlockchain_Base/Content/Characters/UE4_Mannequin/Materials/MaterialLayers/ML_Plastic_Shiny_Beige.uasset" 548
"E:/VRBlockchainGame/VRBlockchain_Base/Content/Characters/UE4_Mannequin/Textures/UE4_LOGO_CARD.uasset" 549
"E:/VRBlockchainGame/VRBlockchain_Base/Content/Characters/UE4_Mannequin/Materials/MaterialLayers/ML_Plastic_Shiny_Beige_LOGO.uasset" 550
"E:/VRBlockchainGame/VRBlockchain_Base/Content/Characters/UE4_Mannequin/Materials/MaterialLayers/T_ML_Aluminum01.uasset" 551
"E:/VRBlockchainGame/VRBlockchain_Base/Content/Characters/UE4_Mannequin/Materials/MaterialLayers/T_ML_Aluminum01_N.uasset" 552
"E:/VRBlockchainGame/VRBlockchain_Base/Content/Characters/UE4_Mannequin/Materials/MaterialLayers/ML_SoftMetal_UE4.uasset" 553
"E:/VRBlockchainGame/VRBlockchain_Base/Content/Characters/UE4_Mannequin/Textures/UE4_Mannequin__normals.uasset" 554
"E:/VRBlockchainGame/VRBlockchain_Base/Content/Characters/UE4_Mannequin/Textures/UE4_Mannequin_MAT_MASKA.uasset" 555
"E:/VRBlockchainGame/VRBlockchain_Base/Content/Characters/UE4_Mannequin/Textures/UE4_Mannequin_occlusion_Mobile.uasset" 556
"E:/VRBlockchainGame/VRBlockchain_Base/Content/Characters/UE4_Mannequin/Materials/M_UE4Man_Body.uasset" 557
"E:/VRBlockchainGame/VRBlockchain_Base/Content/Characters/UE4_Mannequin/Textures/UE4Man_Logo_N.uasset" 558
"E:/VRBlockchainGame/VRBlockchain_Base/Content/Characters/UE4_Mannequin/Materials/M_UE4Man_ChestLogo.uasset" 559
"E:/VRBlockchainGame/VRBlockchain_Base/Content/EtherlinkerExampleProject/Audio/Character/Blueprints_Footstep01.uasset" 560
"E:/VRBlockchainGame/VRBlockchain_Base/Content/EtherlinkerExampleProject/Audio/Character/Blueprints_Footstep02.uasset" 561
"E:/VRBlockchainGame/VRBlockchain_Base/Content/EtherlinkerExampleProject/Audio/Character/Blueprints_Footstep03.uasset" 562
"E:/VRBlockchainGame/VRBlockchain_Base/Content/EtherlinkerExampleProject/Audio/Character/Blueprints_Footstep04.uasset" 563
"E:/VRBlockchainGame/VRBlockchain_Base/Content/EtherlinkerExampleProject/Audio/Character/Blueprints_Footstep05.uasset" 564
"E:/VRBlockchainGame/VRBlockchain_Base/Content/EtherlinkerExampleProject/Audio/Character/Blueprints_Footstep06.uasset" 565
"E:/VRBlockchainGame/VRBlockchain_Base/Content/EtherlinkerExampleProject/Audio/Character/Blueprints_Footstep07.uasset" 566
"E:/VRBlockchainGame/VRBlockchain_Base/Content/EtherlinkerExampleProject/Audio/Character/Blueprints_Footstep_Cue.uasset" 567
"E:/VRBlockchainGame/VRBlockchain_Base/Content/EtherlinkerExampleProject/Blueprints/Player/Global/BP_Donations.uasset" 568
"E:/VRBlockchainGame/VRBlockchain_Base/Content/EtherlinkerExampleProject/Blueprints/UI/Widgets/BP_EtherWidgetInterface.uasset" 569
"../../../Engine/Content/EngineFonts/Faces/RobotoBold.uasset" 570
"../../../Engine/Content/EngineFonts/Faces/RobotoBoldItalic.uasset" 571
"../../../Engine/Content/EngineFonts/Faces/RobotoItalic.uasset" 572
"../../../Engine/Content/EngineFonts/Faces/RobotoLight.uasset" 573
"../../../Engine/Content/EngineFonts/Faces/RobotoRegular.uasset" 574
"../../../Engine/Content/EngineFonts/Roboto.uasset" 575
"E:/VRBlockchainGame/VRBlockchain_Base/Content/EtherlinkerExampleProject/Textures/UI/T_UI_Blur.uasset" 576
"E:/VRBlockchainGame/VRBlockchain_Base/Content/EtherlinkerExampleProject/Blueprints/UI/Widgets/BP_Donations_UI.uasset" 577
"E:/VRBlockchainGame/VRBlockchain_Base/Content/EtherlinkerExampleProject/Blueprints/Player/Global/BP_ERC20TokenAdmin.uasset" 578
"E:/VRBlockchainGame/VRBlockchain_Base/Content/EtherlinkerExampleProject/Blueprints/UI/Widgets/BP_ERC20TokenAdminMenu_UI.uasset" 579
"E:/VRBlockchainGame/VRBlockchain_Base/Content/EtherlinkerExampleProject/Blueprints/Player/Global/BP_ERC20TokenUser.uasset" 580
"E:/VRBlockchainGame/VRBlockchain_Base/Content/EtherlinkerExampleProject/Blueprints/UI/Widgets/BP_ERC20TokenUserMenu_UI.uasset" 581
"E:/VRBlockchainGame/VRBlockchain_Base/Content/EtherlinkerExampleProject/Blueprints/Player/Global/BP_ERC721TokenAdmin.uasset" 582
"E:/VRBlockchainGame/VRBlockchain_Base/Content/EtherlinkerExampleProject/Blueprints/UI/Widgets/BP_ERC721TokenAdminMenu_UI.uasset" 583
"E:/VRBlockchainGame/VRBlockchain_Base/Content/EtherlinkerExampleProject/Blueprints/UI/Widgets/BP_ERC721TokenUserMenu_UI.uasset" 584
"E:/VRBlockchainGame/VRBlockchain_Base/Content/EtherlinkerExampleProject/Blueprints/Player/Global/BP_TransferEther.uasset" 585
"E:/VRBlockchainGame/VRBlockchain_Base/Content/EtherlinkerExampleProject/Blueprints/UI/Widgets/BP_EtherTransfer_UI.uasset" 586
"E:/VRBlockchainGame/VRBlockchain_Base/Content/EtherlinkerExampleProject/Blueprints/UI/Widgets/BP_MobileMenuSelector_UI.uasset" 587
"E:/VRBlockchainGame/VRBlockchain_Base/Content/EtherlinkerExampleProject/Blueprints/UI/Widgets/BP_PauseMenu_UI.uasset" 588
"E:/VRBlockchainGame/VRBlockchain_Base/Content/EtherlinkerExampleProject/Blueprints/UI/Widgets/BP_WalletAuthenticator_UI.uasset" 589
"E:/VRBlockchainGame/VRBlockchain_Base/Content/EtherlinkerExampleProject/Materials/Player/NonVR/MaterialLayers/T_ML_Rubber_Blue_01_D.uasset" 590
"E:/VRBlockchainGame/VRBlockchain_Base/Content/EtherlinkerExampleProject/Materials/Player/NonVR/MaterialLayers/T_ML_Rubber_Blue_01_N.uasset" 591
"E:/VRBlockchainGame/VRBlockchain_Base/Content/EtherlinkerExampleProject/Materials/Player/NonVR/MaterialLayers/ML_GlossyBlack_Latex_UE4.uasset" 592
"E:/VRBlockchainGame/VRBlockchain_Base/Content/EtherlinkerExampleProject/Materials/Player/NonVR/MaterialLayers/ML_Plastic_Shiny_Beige.uasset" 593
"E:/VRBlockchainGame/VRBlockchain_Base/Content/EtherlinkerExampleProject/Textures/Player/NonVR/UE4_LOGO_CARD.uasset" 594
"E:/VRBlockchainGame/VRBlockchain_Base/Content/EtherlinkerExampleProject/Materials/Player/NonVR/MaterialLayers/ML_Plastic_Shiny_Beige_LOGO.uasset" 595
"E:/VRBlockchainGame/VRBlockchain_Base/Content/EtherlinkerExampleProject/Materials/Player/NonVR/MaterialLayers/ML_Silver_Beige.uasset" 596
"E:/VRBlockchainGame/VRBlockchain_Base/Content/EtherlinkerExampleProject/Materials/Player/NonVR/MaterialLayers/ML_Silver_Beige_LOGO.uasset" 597
"E:/VRBlockchainGame/VRBlockchain_Base/Content/EtherlinkerExampleProject/Materials/Player/NonVR/MaterialLayers/T_ML_Aluminum01.uasset" 598
"E:/VRBlockchainGame/VRBlockchain_Base/Content/EtherlinkerExampleProject/Materials/Player/NonVR/MaterialLayers/T_ML_Aluminum01_N.uasset" 599
"E:/VRBlockchainGame/VRBlockchain_Base/Content/EtherlinkerExampleProject/Materials/Player/NonVR/MaterialLayers/ML_SoftMetal_UE4.uasset" 600
"E:/VRBlockchainGame/VRBlockchain_Base/Content/EtherlinkerExampleProject/Textures/Player/NonVR/UE4_Mannequin__normals.uasset" 601
"E:/VRBlockchainGame/VRBlockchain_Base/Content/EtherlinkerExampleProject/Textures/Player/NonVR/UE4_Mannequin_MAT_MASKA.uasset" 602
"E:/VRBlockchainGame/VRBlockchain_Base/Content/EtherlinkerExampleProject/Materials/Player/NonVR/M_UE4Man_Body.uasset" 603
"E:/VRBlockchainGame/VRBlockchain_Base/Content/EtherlinkerExampleProject/Textures/Player/NonVR/UE4Man_Logo_N.uasset" 604
"E:/VRBlockchainGame/VRBlockchain_Base/Content/EtherlinkerExampleProject/Materials/Player/NonVR/M_UE4Man_ChestLogo.uasset" 605
"E:/VRBlockchainGame/VRBlockchain_Base/Content/EtherlinkerExampleProject/Meshes/Player/NonVR/SK_Mannequin_PhysicsAsset.uasset" 606
"E:/VRBlockchainGame/VRBlockchain_Base/Content/EtherlinkerExampleProject/Meshes/Player/NonVR/SK_Mannequin.uasset" 607
"E:/VRBlockchainGame/VRBlockchain_Base/Content/EtherlinkerExampleProject/Blueprints/Player/NonVR/BP_FirstPersonCharacter.uasset" 608
"E:/VRBlockchainGame/VRBlockchain_Base/Content/EtherlinkerExampleProject/Blueprints/Player/VR/BP_EtherVRCharacter.uasset" 609
"E:/VRBlockchainGame/VRBlockchain_Base/Content/EtherlinkerExampleProject/Blueprints/Player/VR/BP_MenuPawn_VR.uasset" 610
"E:/VRBlockchainGame/VRBlockchain_Base/Content/EtherlinkerExampleProject/Blueprints/Player/VR/BP_Player_VR.uasset" 611
"E:/VRBlockchainGame/VRBlockchain_Base/Content/EtherlinkerExampleProject/Materials/Common/M_Unlit_White.uasset" 612
"../../../Engine/Content/EngineSky/T_Sky_Blue.uasset" 613
"../../../Engine/Content/EngineSky/T_Sky_Clouds_M.uasset" 614
"../../../Engine/Content/EngineSky/T_Sky_Stars.uasset" 615
"../../../Engine/Content/EngineSky/M_Sky_Panning_Clouds2.uasset" 616
"../../../Engine/Content/EngineSky/SM_SkySphere.uasset" 617
"E:/VRBlockchainGame/VRBlockchain_Base/Content/EtherlinkerExampleProject/Textures/Particles/T_Dust_Particle_D.uasset" 618
"E:/VRBlockchainGame/VRBlockchain_Base/Content/EtherlinkerExampleProject/Materials/Particle/M_Dust_Particle.uasset" 619
"E:/VRBlockchainGame/VRBlockchain_Base/Content/EtherlinkerExampleProject/Particles/P_Ambient_Dust.uasset" 620
"E:/VRBlockchainGame/VRBlockchain_Base/Content/EtherlinkerExampleProject/Blueprints/Props/BP_VRMenuSphere.uasset" 621
"E:/VRBlockchainGame/VRBlockchain_Base/Content/EtherlinkerExampleProject/Blueprints/UI/VR/BP_Donations_VR.uasset" 622
"E:/VRBlockchainGame/VRBlockchain_Base/Content/EtherlinkerExampleProject/Blueprints/UI/VR/BP_ERC20TokenAdminMenu_VR.uasset" 623
"E:/VRBlockchainGame/VRBlockchain_Base/Content/EtherlinkerExampleProject/Blueprints/UI/VR/BP_ERC20TokenUserMenu_VR.uasset" 624
"E:/VRBlockchainGame/VRBlockchain_Base/Content/EtherlinkerExampleProject/Blueprints/UI/VR/BP_ERC721TokenAdminMenu_VR.uasset" 625
"E:/VRBlockchainGame/VRBlockchain_Base/Content/EtherlinkerExampleProject/Blueprints/UI/VR/BP_ERC721TokenUserMenu_VR.uasset" 626
"E:/VRBlockchainGame/VRBlockchain_Base/Content/EtherlinkerExampleProject/Blueprints/UI/VR/BP_EtherTransfer_VR.uasset" 627
"E:/VRBlockchainGame/VRBlockchain_Base/Content/EtherlinkerExampleProject/Blueprints/UI/Widgets/KeyTypesEnum.uasset" 628
"E:/VRBlockchainGame/VRBlockchain_Base/Content/EtherlinkerExampleProject/Blueprints/UI/Widgets/KeyboardKeyStruct.uasset" 629
"E:/VRBlockchainGame/VRBlockchain_Base/Content/EtherlinkerExampleProject/Blueprints/UI/Widgets/DT_KeyboardKeys.uasset" 630
"E:/VRBlockchainGame/VRBlockchain_Base/Content/EtherlinkerExampleProject/Blueprints/UI/Widgets/BP_KeyboardButton_UI.uasset" 631
"E:/VRBlockchainGame/VRBlockchain_Base/Content/EtherlinkerExampleProject/Blueprints/UI/Widgets/BP_Keyboard_UI.uasset" 632
"E:/VRBlockchainGame/VRBlockchain_Base/Content/EtherlinkerExampleProject/Blueprints/UI/VR/BP_Keyboard_VR.uasset" 633
"E:/VRBlockchainGame/VRBlockchain_Base/Content/EtherlinkerExampleProject/Blueprints/UI/Widgets/BP_ServerRow_UI.uasset" 634
"E:/VRBlockchainGame/VRBlockchain_Base/Content/EtherlinkerExampleProject/Blueprints/UI/Widgets/BP_ServerList_UI.uasset" 635
"E:/VRBlockchainGame/VRBlockchain_Base/Content/EtherlinkerExampleProject/Blueprints/UI/Widgets/BP_MainMenu_UI.uasset" 636
"E:/VRBlockchainGame/VRBlockchain_Base/Content/EtherlinkerExampleProject/Blueprints/UI/VR/BP_MainMenu_VR.uasset" 637
"E:/VRBlockchainGame/VRBlockchain_Base/Content/EtherlinkerExampleProject/Blueprints/UI/VR/BP_PauseMenu_VR.uasset" 638
"E:/VRBlockchainGame/VRBlockchain_Base/Content/EtherlinkerExampleProject/Blueprints/UI/VR/BP_WalletAuthenticator_VR.uasset" 639
"E:/VRBlockchainGame/VRBlockchain_Base/Content/EtherlinkerExampleProject/Blueprints/UI/Widgets/BP_WalletCardMasterPassword_UI.uasset" 640
"E:/VRBlockchainGame/VRBlockchain_Base/Content/EtherlinkerExampleProject/Blueprints/UI/VR/BP_WalletCardMasterPassword_VR.uasset" 641
"E:/VRBlockchainGame/VRBlockchain_Base/Content/EtherlinkerExampleProject/Textures/UI/T_UI_Etherlinker_256.uasset" 642
"E:/VRBlockchainGame/VRBlockchain_Base/Content/EtherlinkerExampleProject/Textures/UI/T_UI_Icon_Settings.uasset" 643
"E:/VRBlockchainGame/VRBlockchain_Base/Content/EtherlinkerExampleProject/Blueprints/UI/Widgets/BP_MobileControls_UI.uasset" 644
"E:/VRBlockchainGame/VRBlockchain_Base/Content/EtherlinkerExampleProject/Blueprints/Player/Global/BP_PlayerController.uasset" 645
"E:/VRBlockchainGame/VRBlockchain_Base/Content/EtherlinkerExampleProject/Blueprints/Player/Global/BP_RWAOperationTypes.uasset" 646
"E:/VRBlockchainGame/VRBlockchain_Base/Content/EtherlinkerExampleProject/Blueprints/Player/Global/BP_RWAInteractorComponent.uasset" 647
"E:/VRBlockchainGame/VRBlockchain_Base/Content/EtherlinkerExampleProject/Blueprints/Player/Global/BP_PlayerState.uasset" 648
"E:/VRBlockchainGame/VRBlockchain_Base/Content/EtherlinkerExampleProject/Blueprints/Player/Global/BP_EtherGameMode.uasset" 649
"E:/VRBlockchainGame/VRBlockchain_Base/Content/EtherlinkerExampleProject/Maps/MainMenu.umap" 650
"../../../Engine/Content/EngineSky/C_Sky_Cloud_Color.uasset" 651
"../../../Engine/Content/EngineSky/C_Sky_Horizon_Color.uasset" 652
"../../../Engine/Content/EngineSky/C_Sky_Zenith_Color.uasset" 653
"../../../Engine/Content/EngineSky/BP_Sky_Sphere.uasset" 654
"E:/VRBlockchainGame/VRBlockchain_Base/Content/Characters/UE4_Mannequin/Mesh/UE4_Mannequin_Skeleton.uasset" 655
"E:/VRBlockchainGame/VRBlockchain_Base/Content/Characters/UE4_Mannequin/Animation/Crouch_Idle_Rifle_Hip.uasset" 656
"E:/VRBlockchainGame/VRBlockchain_Base/Content/Characters/UE4_Mannequin/Animation/Death_2.uasset" 657
"E:/VRBlockchainGame/VRBlockchain_Base/Content/Characters/UE4_Mannequin/Animation/Idle_Rifle_Hip.uasset" 658
"E:/VRBlockchainGame/VRBlockchain_Base/Content/Characters/UE4_Mannequin/Animation/Jump_From_Jog.uasset" 659
"E:/VRBlockchainGame/VRBlockchain_Base/Content/Characters/UE4_Mannequin/Animation/Jump_From_Stand.uasset" 660
"E:/VRBlockchainGame/VRBlockchain_Base/Content/Characters/UE4_Mannequin/Animation/Crouch_Walk_Bwd_Rifle_Hip.uasset" 661
"E:/VRBlockchainGame/VRBlockchain_Base/Content/Characters/UE4_Mannequin/Animation/Crouch_Walk_Fwd_Rifle_Hip.uasset" 662
"E:/VRBlockchainGame/VRBlockchain_Base/Content/Characters/UE4_Mannequin/Animation/Crouch_Walk_Lt_Rifle_Hip.uasset" 663
"E:/VRBlockchainGame/VRBlockchain_Base/Content/Characters/UE4_Mannequin/Animation/Crouch_Walk_Rt_Rifle_Hip.uasset" 664
"E:/VRBlockchainGame/VRBlockchain_Base/Content/Characters/UE4_Mannequin/Animation/BS_CrouchWalk.uasset" 665
"E:/VRBlockchainGame/VRBlockchain_Base/Content/Characters/UE4_Mannequin/Animation/Jog_Bwd_Rifle.uasset" 666
"E:/VRBlockchainGame/VRBlockchain_Base/Content/Characters/UE4_Mannequin/Animation/Jog_Fwd_Rifle.uasset" 667
"E:/VRBlockchainGame/VRBlockchain_Base/Content/Characters/UE4_Mannequin/Animation/Jog_Lt_Rifle.uasset" 668
"E:/VRBlockchainGame/VRBlockchain_Base/Content/Characters/UE4_Mannequin/Animation/Jog_Rt_Rifle.uasset" 669
"E:/VRBlockchainGame/VRBlockchain_Base/Content/Characters/UE4_Mannequin/Animation/BS_Jog.uasset" 670
"E:/VRBlockchainGame/VRBlockchain_Base/Content/Characters/UE4_Mannequin/Animation/UE4ASP_HeroTPP_AnimBlueprint.uasset" 671
"E:/VRBlockchainGame/VRBlockchain_Base/Content/Weapons/FX/BP_CameraShake_Rifle.uasset" 672
"E:/VRBlockchainGame/VRBlockchain_Base/Content/Weapons/FX/BasicTracer/Beam.uasset" 673
"E:/VRBlockchainGame/VRBlockchain_Base/Content/Weapons/FX/BasicTracer/M_Beam.uasset" 674
"E:/VRBlockchainGame/VRBlockchain_Base/Content/Weapons/FX/BasicTracer/P_SmokeTrail.uasset" 675
"E:/VRBlockchainGame/VRBlockchain_Base/Content/Weapons/FX/BloodImpact/clouds_dust_detail_01.uasset" 676
"E:/VRBlockchainGame/VRBlockchain_Base/Content/Weapons/FX/BloodImpact/M_blood_cloud_01.uasset" 677
"E:/VRBlockchainGame/VRBlockchain_Base/Content/Weapons/FX/BloodImpact/T_BloodSplatter_Frames01.uasset" 678
"E:/VRBlockchainGame/VRBlockchain_Base/Content/Weapons/FX/BloodImpact/M_blood_splash_01.uasset" 679
"E:/VRBlockchainGame/VRBlockchain_Base/Content/Weapons/FX/BloodImpact/T_BloodSplat_03_SubUV.uasset" 680
"E:/VRBlockchainGame/VRBlockchain_Base/Content/Weapons/FX/BloodImpact/M_blood_splash_03.uasset" 681
"E:/VRBlockchainGame/VRBlockchain_Base/Content/Weapons/FX/BloodImpact/P_blood_splash_02.uasset" 682
"E:/VRBlockchainGame/VRBlockchain_Base/Content/Weapons/FX/GenericImpact/Flare_02.uasset" 683
"E:/VRBlockchainGame/VRBlockchain_Base/Content/Weapons/FX/GenericImpact/M_LensFlare_02.uasset" 684
"E:/VRBlockchainGame/VRBlockchain_Base/Content/Weapons/FX/GenericImpact/T_SparkCore_2X2.uasset" 685
"E:/VRBlockchainGame/VRBlockchain_Base/Content/Weapons/FX/GenericImpact/M_spark_subUV.uasset" 686
"E:/VRBlockchainGame/VRBlockchain_Base/Content/Weapons/FX/GenericImpact/P_RifleImpact.uasset" 687
"E:/VRBlockchainGame/VRBlockchain_Base/Content/Weapons/FX/Muzzle/MuzzleSmokeOne_1024_11x11.uasset" 688
"E:/VRBlockchainGame/VRBlockchain_Base/Content/Weapons/FX/Muzzle/MuzzleFlash_Master.uasset" 689
"E:/VRBlockchainGame/VRBlockchain_Base/Content/Weapons/FX/Muzzle/MuzzleFlash_Master_Inst.uasset" 690
"E:/VRBlockchainGame/VRBlockchain_Base/Content/Weapons/FX/Muzzle/MuzzleTwo_2048_6x6.uasset" 691
"E:/VRBlockchainGame/VRBlockchain_Base/Content/Weapons/FX/Muzzle/MuzzleFlash_Master_Inst_2.uasset" 692
"E:/VRBlockchainGame/VRBlockchain_Base/Content/Weapons/FX/Muzzle/P_Muzzle_Large.uasset" 693
"E:/VRBlockchainGame/VRBlockchain_Base/Content/Weapons/Textures/KA74U/T_KA74U_ALB.uasset" 694
"E:/VRBlockchainGame/VRBlockchain_Base/Content/Weapons/Textures/KA74U/T_KA74U_M_MSK.uasset" 695
"E:/VRBlockchainGame/VRBlockchain_Base/Content/Weapons/Textures/KA74U/T_KA74U_NRM.uasset" 696
"E:/VRBlockchainGame/VRBlockchain_Base/Content/Weapons/Textures/Patterns/T_Stripes__Pattern.uasset" 697
"E:/VRBlockchainGame/VRBlockchain_Base/Content/Weapons/Materials/Master_Material/M_Weapon_Master_USE.uasset" 698
"E:/VRBlockchainGame/VRBlockchain_Base/Content/Weapons/Textures/Ammunition/T_762x39_ALB.uasset" 699
"E:/VRBlockchainGame/VRBlockchain_Base/Content/Weapons/Textures/Ammunition/T_762x39_M_MSK.uasset" 700
"E:/VRBlockchainGame/VRBlockchain_Base/Content/Weapons/Textures/Ammunition/T_762x39_NRM.uasset" 701
"E:/VRBlockchainGame/VRBlockchain_Base/Content/Weapons/Materials/Ammunition/M_762x39_Empty.uasset" 702
"E:/VRBlockchainGame/VRBlockchain_Base/Content/Weapons/Textures/AR4/T_AR4_ALB.uasset" 703
"E:/VRBlockchainGame/VRBlockchain_Base/Content/Weapons/Textures/AR4/T_AR4_M_MSK.uasset" 704
"E:/VRBlockchainGame/VRBlockchain_Base/Content/Weapons/Textures/AR4/T_AR4_NRM.uasset" 705
"E:/VRBlockchainGame/VRBlockchain_Base/Content/Weapons/Materials/AR4/M_AR4.uasset" 706
"E:/VRBlockchainGame/VRBlockchain_Base/Content/Weapons/Meshes/AR4/SK_AR4_Physics.uasset" 707
"E:/VRBlockchainGame/VRBlockchain_Base/Content/Weapons/Meshes/AR4/SK_AR4_Skeleton.uasset" 708
"E:/VRBlockchainGame/VRBlockchain_Base/Content/Weapons/Meshes/AR4/SK_AR4.uasset" 709
"E:/VRBlockchainGame/VRBlockchain_Base/Content/Blueprint/Weapons/BP_Rifle.uasset" 710
"E:/VRBlockchainGame/VRBlockchain_Base/Content/HandTracking/MP_HandTracking.uasset" 711
"E:/VRBlockchainGame/VRBlockchain_Base/Content/HandTracking/TRT2D_HandTracking.uasset" 712
"E:/VRBlockchainGame/VRBlockchain_Base/Content/HandTracking/HandTrackingStart.uasset" 713
"E:/VRBlockchainGame/VRBlockchain_Base/Content/HandTracking/TRT2D_HandTracking_Mat.uasset" 714
"../../../Engine/Content/Functions/Engine_MaterialFunctions01/ImageAdjustment/SCurve.uasset" 715
"../../../Engine/Content/Functions/Engine_MaterialFunctions02/Math/InverseTransformMatrix.uasset" 716
"../../../Engine/Content/Functions/Engine_MaterialFunctions02/SplitComponents.uasset" 717
"E:/VRBlockchainGame/VRBlockchain_Base/Content/HandTracking/ML_IsolateSkin.uasset" 718
"E:/VRBlockchainGame/VRBlockchain_Base/Content/HandTracking/MT_HandTracking.uasset" 719
"E:/VRBlockchainGame/VRBlockchain_Base/Content/HandTracking/M_HandTracking.uasset" 720
"E:/VRBlockchainGame/VRBlockchain_Base/Content/HandTracking/M_HandTracking_Inst.uasset" 721
"E:/VRBlockchainGame/VRBlockchain_Base/Content/UI/T_Crosshair.uasset" 722
"E:/VRBlockchainGame/VRBlockchain_Base/Content/UI/WBP_Crosshair.uasset" 723
"../../../Engine/Content/BasicShapes/Plane.uasset" 724
"E:/VRBlockchainGame/VRBlockchain_Base/Content/SurfaceTypes/PhysMat_FleshDefault.uasset" 725
"E:/VRBlockchainGame/VRBlockchain_Base/Content/SurfaceTypes/PhysMat_FleshVulnerable.uasset" 726
"E:/VRBlockchainGame/VRBlockchain_Base/Content/Characters/UE4_Mannequin/Mesh/SK_Mannequin_PhysicsAsset.uasset" 727
"E:/VRBlockchainGame/VRBlockchain_Base/Content/Characters/UE4_Mannequin/Mesh/SK_Mannequin.uasset" 728
"../../../Engine/Content/Functions/Engine_MaterialFunctions02/Utility/Sine_Remapped.uasset" 729
"E:/VRBlockchainGame/VRBlockchain_Base/Content/UI/HealthIndicator/T_HealthMask.uasset" 730
"E:/VRBlockchainGame/VRBlockchain_Base/Content/UI/HealthIndicator/HealthIndicator_Mat.uasset" 731
"E:/VRBlockchainGame/VRBlockchain_Base/Content/UI/HealthIndicator/HealthIndicator_Mat_Inst.uasset" 732
"E:/VRBlockchainGame/VRBlockchain_Base/Content/UI/HealthIndicator/WBP_HealthIndicator.uasset" 733
"E:/VRBlockchainGame/VRBlockchain_Base/Content/Blueprint/Characters/BP_Player.uasset" 734
"E:/VRBlockchainGame/VRBlockchain_Base/Content/Blueprint/Characters/BP_SpectatorPawn.uasset" 735
"E:/VRBlockchainGame/VRBlockchain_Base/Content/Blueprint/Core/BP_GameState.uasset" 736
"E:/VRBlockchainGame/VRBlockchain_Base/Content/Blueprint/Core/BP_Gamemode.uasset" 737
"../../../Engine/Content/Functions/Engine_MaterialFunctions01/ImageAdjustment/BlurSampleOffsets.uasset" 738
"../../../Engine/Content/Functions/Engine_MaterialFunctions01/ImageAdjustment/CheapContrast_RGB.uasset" 739
"../../../Engine/Content/Functions/Engine_MaterialFunctions02/HueShift.uasset" 740
"../../../Engine/Content/Functions/Engine_MaterialFunctions02/Texturing/ScreenAlignedPixelToPixelUVs.uasset" 741
"../../../Engine/Content/Functions/Engine_MaterialFunctions02/Utility/DitherTemporalAA.uasset" 742
"E:/VRBlockchainGame/VRBlockchain_Base/Content/Materials/Textures/BaseTextures/B_N.uasset" 743
"E:/VRBlockchainGame/VRBlockchain_Base/Content/Materials/Textures/BaseTextures/BB_D.uasset" 744
"E:/VRBlockchainGame/VRBlockchain_Base/Content/Materials/Textures/BaseTextures/BG_D.uasset" 745
"E:/VRBlockchainGame/VRBlockchain_Base/Content/Materials/Textures/BaseTextures/T_MASK1.uasset" 746
"E:/VRBlockchainGame/VRBlockchain_Base/Content/Materials/Textures/BaseTextures/T_MASK2.uasset" 747
"E:/VRBlockchainGame/VRBlockchain_Base/Content/Materials/BaseMaterial/M_base.uasset" 748
"E:/VRBlockchainGame/VRBlockchain_Base/Content/Materials/Textures/T_Barrel01_D.uasset" 749
"E:/VRBlockchainGame/VRBlockchain_Base/Content/Materials/Textures/T_Barrel01_N.uasset" 750
"E:/VRBlockchainGame/VRBlockchain_Base/Content/Materials/Textures/T_Barrel01_SRM.uasset" 751
"E:/VRBlockchainGame/VRBlockchain_Base/Content/Materials/MI_ExplosiveBarrel.uasset" 752
"E:/VRBlockchainGame/VRBlockchain_Base/Content/Materials/MI_EXplosiveBarrel_Exploded.uasset" 753
"../../../Engine/Content/Tutorial/SubEditors/TutorialAssets/T_SmokeSubUV_8X8.uasset" 754
"../../../Engine/Content/Tutorial/SubEditors/TutorialAssets/T_soft_smoke.uasset" 755
"../../../Engine/Content/Tutorial/SubEditors/TutorialAssets/M_smoke_subUV_blackbody.uasset" 756
"../../../Engine/Content/Tutorial/SubEditors/TutorialAssets/TutorialParticleSystem.uasset" 757
"E:/VRBlockchainGame/VRBlockchain_Base/Content/Meshes/SM_Barrel01.uasset" 758
"E:/VRBlockchainGame/VRBlockchain_Base/Content/Weapons/FX/Explosion/T_Burst_M.uasset" 759
"E:/VRBlockchainGame/VRBlockchain_Base/Content/Weapons/FX/Explosion/M_Burst.uasset" 760
"E:/VRBlockchainGame/VRBlockchain_Base/Content/Weapons/FX/Explosion/T_Explosion_SubUV.uasset" 761
"E:/VRBlockchainGame/VRBlockchain_Base/Content/Weapons/FX/Explosion/M_explosion_subUV.uasset" 762
"E:/VRBlockchainGame/VRBlockchain_Base/Content/Weapons/FX/Explosion/m_flare_01.uasset" 763
"../../../Engine/Content/Functions/Engine_MaterialFunctions01/Gradient/RadialGradient.uasset" 764
"E:/VRBlockchainGame/VRBlockchain_Base/Content/Weapons/FX/Explosion/M_radial_ramp.uasset" 765
"E:/VRBlockchainGame/VRBlockchain_Base/Content/Weapons/FX/Explosion/T_Smoke_SubUV.uasset" 766
"E:/VRBlockchainGame/VRBlockchain_Base/Content/Weapons/FX/Explosion/T_Smoke_Tiled_D.uasset" 767
"E:/VRBlockchainGame/VRBlockchain_Base/Content/Weapons/FX/Explosion/M_smoke_subUV.uasset" 768
"E:/VRBlockchainGame/VRBlockchain_Base/Content/Weapons/FX/Explosion/P_Explosion.uasset" 769
"E:/VRBlockchainGame/VRBlockchain_Base/Content/Blueprint/Miscs/BP_ExplosiveBarrel.uasset" 770
"E:/VRBlockchainGame/VRBlockchain_Base/Content/PickUps/Images/T_CircleMask3.uasset" 771
"E:/VRBlockchainGame/VRBlockchain_Base/Content/PickUps/Materials/M_PickUpDecal.uasset" 772
"E:/VRBlockchainGame/VRBlockchain_Base/Content/Blueprint/PickUps/BP_PickUp.uasset" 773
"E:/VRBlockchainGame/VRBlockchain_Base/Content/PickUps/Materials/M_PowerUpLightFunction.uasset" 774
"E:/VRBlockchainGame/VRBlockchain_Base/Content/Blueprint/PickUps/BP_PowerUpBase.uasset" 775
"E:/VRBlockchainGame/VRBlockchain_Base/Content/PickUps/Materials/M_PowerUp.uasset" 776
"E:/VRBlockchainGame/VRBlockchain_Base/Content/PickUps/Materials/MI_HealthGenPowerUp.uasset" 777
"E:/VRBlockchainGame/VRBlockchain_Base/Content/PickUps/Meshes/HealthIcon_Cube.uasset" 778
"E:/VRBlockchainGame/VRBlockchain_Base/Content/Blueprint/PickUps/HealthGen_PowerUp.uasset" 779
"E:/VRBlockchainGame/VRBlockchain_Base/Content/PickUps/Materials/MI_SpeedPowerUp.uasset" 780
"E:/VRBlockchainGame/VRBlockchain_Base/Content/PickUps/Meshes/SpeedIcon_Cube.uasset" 781
"E:/VRBlockchainGame/VRBlockchain_Base/Content/Blueprint/PickUps/SuperSpeed_PowerUp.uasset" 782
"E:/VRBlockchainGame/VRBlockchain_Base/Content/PickUps/Materials/MI_TurboJumpPowerUp.uasset" 783
"E:/VRBlockchainGame/VRBlockchain_Base/Content/PickUps/Meshes/TurboJump_Cube.uasset" 784
"E:/VRBlockchainGame/VRBlockchain_Base/Content/Blueprint/PickUps/TurboJump_PowerUp.uasset" 785
"E:/VRBlockchainGame/VRBlockchain_Base/Content/Maps/Player_Sandbox_BuiltData.uasset" 786
"../../../Engine/Content/MapTemplates/Materials/BasicAsset01.uasset" 787
"../../../Engine/Content/MapTemplates/Materials/BasicAsset01_Inst.uasset" 788
"../../../Engine/Content/EngineMaterials/DefaultWhiteGrid.uasset" 789
"../../../Engine/Content/EngineDebugMaterials/MAT_LevelColorationLitLightmapUV.uasset" 790
"E:/VRBlockchainGame/VRBlockchain_Base/Content/Materials/M_Floor.uasset" 791
"../../../Engine/Content/MapTemplates/SM_Template_Map_Floor.uasset" 792
"E:/VRBlockchainGame/VRBlockchain_Base/Content/Maps/Player_Sandbox.umap" 793
